{"raw": "<Event xmlns=\"http://schemas.microsoft.com/win/2004/08/events/event\"><System><Provider Name=\"Microsoft-Windows-Sysmon\"/><EventID>3</EventID><Level>4</Level><Task>3</Task><TimeCreated SystemTime=\"2019-02-16 10:05:22.794502\"/><Channel>Microsoft-Windows-Sysmon/Operational</Channel><Computer>PC01.example.corp</Computer></System><EventData><Data Name=\"Guid\">{5770385f-c22a-43e0-bf4c-06f5698ffbd9}</Data><Data Name=\"Keywords\">0x8000000000000000</Data><Data Name=\"Opcode\">0</Data><Data Name=\"ProcessID\">1728</Data><Data Name=\"ProcessId\">1276</Data><Data Name=\"UserID\">S-1-5-18</Data><Data Name=\"Version\">5</Data><Data Name=\"Protocol\">udp</Data><Data Name=\"SourcePort\">5355</Data><Data Name=\"DestinationHostname\">PC02</Data><Data Name=\"DestinationIp\">10.0.2.18</Data><Data Name=\"DestinationIsIpv6\">False</Data><Data Name=\"DestinationPort\">61795</Data><Data Name=\"Image\">C:\\Windows\\System32\\svchost.exe</Data><Data Name=\"Initiated\">False</Data><Data Name=\"ProcessGuid\">{365abb72-d693-5c67-0000-0010c4180100}</Data><Data Name=\"SourceIp\">224.0.0.252</Data><Data Name=\"SourceIsIpv6\">False</Data><Data Name=\"SourcePortName\">llmnr</Data><Data Name=\"User\">NT AUTHORITY\\NETWORK SERVICE</Data><Data Name=\"UtcTime\">2019-02-16 10:05:21.729</Data></EventData></Event>", "source_id": "WINEVT-ATTACK", "mitre_tactic": "Command and Control", "evtx_file": "DE_sysmon-3-rdp-tun.evtx"}
{"raw": "<Event xmlns=\"http://schemas.microsoft.com/win/2004/08/events/event\"><System><Provider Name=\"Microsoft-Windows-Sysmon\"/><EventID>3</EventID><Level>4</Level><Task>3</Task><TimeCreated SystemTime=\"2019-02-16 10:05:22.794502\"/><Channel>Microsoft-Windows-Sysmon/Operational</Channel><Computer>PC01.example.corp</Computer></System><EventData><Data Name=\"Guid\">{5770385f-c22a-43e0-bf4c-06f5698ffbd9}</Data><Data Name=\"Keywords\">0x8000000000000000</Data><Data Name=\"Opcode\">0</Data><Data Name=\"ProcessID\">1728</Data><Data Name=\"ProcessId\">1276</Data><Data Name=\"UserID\">S-1-5-18</Data><Data Name=\"Version\">5</Data><Data Name=\"Protocol\">udp</Data><Data Name=\"SourcePort\">49478</Data><Data Name=\"DestinationHostname\">PC01.example.corp</Data><Data Name=\"DestinationIp\">fe80:0:0:0:80ac:4126:fa58:1b81</Data><Data Name=\"DestinationIsIpv6\">True</Data><Data Name=\"DestinationPort\">5355</Data><Data Name=\"DestinationPortName\">llmnr</Data><Data Name=\"Image\">C:\\Windows\\System32\\svchost.exe</Data><Data Name=\"Initiated\">False</Data><Data Name=\"ProcessGuid\">{365abb72-d693-5c67-0000-0010c4180100}</Data><Data Name=\"SourceHostname\">PC02</Data><Data Name=\"SourceIp\">fe80:0:0:0:647b:25b7:1cc4:b972</Data><Data Name=\"SourceIsIpv6\">True</Data><Data Name=\"User\">NT AUTHORITY\\NETWORK SERVICE</Data><Data Name=\"UtcTime\">2019-02-16 10:05:21.729</Data></EventData></Event>", "source_id": "WINEVT-ATTACK", "mitre_tactic": "Command and Control", "evtx_file": "DE_sysmon-3-rdp-tun.evtx"}
{"raw": "<Event xmlns=\"http://schemas.microsoft.com/win/2004/08/events/event\"><System><Provider Name=\"Microsoft-Windows-Sysmon\"/><EventID>3</EventID><Level>4</Level><Task>3</Task><TimeCreated SystemTime=\"2019-02-16 10:05:22.794502\"/><Channel>Microsoft-Windows-Sysmon/Operational</Channel><Computer>PC01.example.corp</Computer></System><EventData><Data Name=\"Guid\">{5770385f-c22a-43e0-bf4c-06f5698ffbd9}</Data><Data Name=\"Keywords\">0x8000000000000000</Data><Data Name=\"Opcode\">0</Data><Data Name=\"ProcessID\">1728</Data><Data Name=\"ProcessId\">1276</Data><Data Name=\"UserID\">S-1-5-18</Data><Data Name=\"Version\">5</Data><Data Name=\"Protocol\">udp</Data><Data Name=\"SourcePort\">5355</Data><Data Name=\"DestinationHostname\">PC02</Data><Data Name=\"DestinationIp\">10.0.2.18</Data><Data Name=\"DestinationIsIpv6\">False</Data><Data Name=\"DestinationPort\">61795</Data><Data Name=\"Image\">C:\\Windows\\System32\\svchost.exe</Data><Data Name=\"Initiated\">True</Data><Data Name=\"ProcessGuid\">{365abb72-d693-5c67-0000-0010c4180100}</Data><Data Name=\"SourceHostname\">PC01.example.corp</Data><Data Name=\"SourceIp\">10.0.2.17</Data><Data Name=\"SourceIsIpv6\">False</Data><Data Name=\"SourcePortName\">llmnr</Data><Data Name=\"User\">NT AUTHORITY\\NETWORK SERVICE</Data><Data Name=\"UtcTime\">2019-02-16 10:05:21.730</Data></EventData></Event>", "source_id": "WINEVT-ATTACK", "mitre_tactic": "Command and Control", "evtx_file": "DE_sysmon-3-rdp-tun.evtx"}
{"raw": "<Event xmlns=\"http://schemas.microsoft.com/win/2004/08/events/event\"><System><Provider Name=\"Microsoft-Windows-Sysmon\"/><EventID>3</EventID><Level>4</Level><Task>3</Task><TimeCreated SystemTime=\"2019-02-16 10:05:22.794502\"/><Channel>Microsoft-Windows-Sysmon/Operational</Channel><Computer>PC01.example.corp</Computer></System><EventData><Data Name=\"Guid\">{5770385f-c22a-43e0-bf4c-06f5698ffbd9}</Data><Data Name=\"Keywords\">0x8000000000000000</Data><Data Name=\"Opcode\">0</Data><Data Name=\"ProcessID\">1728</Data><Data Name=\"ProcessId\">1276</Data><Data Name=\"UserID\">S-1-5-18</Data><Data Name=\"Version\">5</Data><Data Name=\"Protocol\">udp</Data><Data Name=\"SourcePort\">5355</Data><Data Name=\"DestinationHostname\">PC02</Data><Data Name=\"DestinationIp\">10.0.2.18</Data><Data Name=\"DestinationIsIpv6\">False</Data><Data Name=\"DestinationPort\">57255</Data><Data Name=\"Image\">C:\\Windows\\System32\\svchost.exe</Data><Data Name=\"Initiated\">False</Data><Data Name=\"ProcessGuid\">{365abb72-d693-5c67-0000-0010c4180100}</Data><Data Name=\"SourceIp\">224.0.0.252</Data><Data Name=\"SourceIsIpv6\">False</Data><Data Name=\"SourcePortName\">llmnr</Data><Data Name=\"User\">NT AUTHORITY\\NETWORK SERVICE</Data><Data Name=\"UtcTime\">2019-02-16 10:05:21.733</Data></EventData></Event>", "source_id": "WINEVT-ATTACK", "mitre_tactic": "Command and Control", "evtx_file": "DE_sysmon-3-rdp-tun.evtx"}
{"raw": "<Event xmlns=\"http://schemas.microsoft.com/win/2004/08/events/event\"><System><Provider Name=\"Microsoft-Windows-Sysmon\"/><EventID>3</EventID><Level>4</Level><Task>3</Task><TimeCreated SystemTime=\"2019-02-16 10:05:22.794502\"/><Channel>Microsoft-Windows-Sysmon/Operational</Channel><Computer>PC01.example.corp</Computer></System><EventData><Data Name=\"Guid\">{5770385f-c22a-43e0-bf4c-06f5698ffbd9}</Data><Data Name=\"Keywords\">0x8000000000000000</Data><Data Name=\"Opcode\">0</Data><Data Name=\"ProcessID\">1728</Data><Data Name=\"ProcessId\">1276</Data><Data Name=\"UserID\">S-1-5-18</Data><Data Name=\"Version\">5</Data><Data Name=\"Protocol\">udp</Data><Data Name=\"SourcePort\">5355</Data><Data Name=\"DestinationHostname\">PC02</Data><Data Name=\"DestinationIp\">10.0.2.18</Data><Data Name=\"DestinationIsIpv6\">False</Data><Data Name=\"DestinationPort\">57255</Data><Data Name=\"Image\">C:\\Windows\\System32\\svchost.exe</Data><Data Name=\"Initiated\">True</Data><Data Name=\"ProcessGuid\">{365abb72-d693-5c67-0000-0010c4180100}</Data><Data Name=\"SourceHostname\">PC01.example.corp</Data><Data Name=\"SourceIp\">10.0.2.17</Data><Data Name=\"SourceIsIpv6\">False</Data><Data Name=\"SourcePortName\">llmnr</Data><Data Name=\"User\">NT AUTHORITY\\NETWORK SERVICE</Data><Data Name=\"UtcTime\">2019-02-16 10:05:21.734</Data></EventData></Event>", "source_id": "WINEVT-ATTACK", "mitre_tactic": "Command and Control", "evtx_file": "DE_sysmon-3-rdp-tun.evtx"}
{"raw": "<Event xmlns=\"http://schemas.microsoft.com/win/2004/08/events/event\"><System><Provider Name=\"Microsoft-Windows-Sysmon\"/><EventID>3</EventID><Level>4</Level><Task>3</Task><TimeCreated SystemTime=\"2019-02-16 10:05:22.794502\"/><Channel>Microsoft-Windows-Sysmon/Operational</Channel><Computer>PC01.example.corp</Computer></System><EventData><Data Name=\"Guid\">{5770385f-c22a-43e0-bf4c-06f5698ffbd9}</Data><Data Name=\"Keywords\">0x8000000000000000</Data><Data Name=\"Opcode\">0</Data><Data Name=\"ProcessID\">1728</Data><Data Name=\"ProcessId\">4</Data><Data Name=\"UserID\">S-1-5-18</Data><Data Name=\"Version\">5</Data><Data Name=\"Protocol\">udp</Data><Data Name=\"SourcePort\">137</Data><Data Name=\"DestinationHostname\">PC02</Data><Data Name=\"DestinationIp\">10.0.2.18</Data><Data Name=\"DestinationIsIpv6\">False</Data><Data Name=\"DestinationPort\">137</Data><Data Name=\"DestinationPortName\">netbios-ns</Data><Data Name=\"Image\">System</Data><Data Name=\"Initiated\">True</Data><Data Name=\"ProcessGuid\">{365abb72-5517-5c68-0000-0010ea030000}</Data><Data Name=\"SourceHostname\">PC01.example.corp</Data><Data Name=\"SourceIp\">10.0.2.17</Data><Data Name=\"SourceIsIpv6\">False</Data><Data Name=\"SourcePortName\">netbios-ns</Data><Data Name=\"User\">NT AUTHORITY\\SYSTEM</Data><Data Name=\"UtcTime\">2019-02-16 10:05:21.738</Data></EventData></Event>", "source_id": "WINEVT-ATTACK", "mitre_tactic": "Command and Control", "evtx_file": "DE_sysmon-3-rdp-tun.evtx"}
{"raw": "<Event xmlns=\"http://schemas.microsoft.com/win/2004/08/events/event\"><System><Provider Name=\"Microsoft-Windows-Sysmon\"/><EventID>3</EventID><Level>4</Level><Task>3</Task><TimeCreated SystemTime=\"2019-02-16 10:05:22.794502\"/><Channel>Microsoft-Windows-Sysmon/Operational</Channel><Computer>PC01.example.corp</Computer></System><EventData><Data Name=\"Guid\">{5770385f-c22a-43e0-bf4c-06f5698ffbd9}</Data><Data Name=\"Keywords\">0x8000000000000000</Data><Data Name=\"Opcode\">0</Data><Data Name=\"ProcessID\">1728</Data><Data Name=\"ProcessId\">4</Data><Data Name=\"UserID\">S-1-5-18</Data><Data Name=\"Version\">5</Data><Data Name=\"Protocol\">tcp</Data><Data Name=\"SourcePort\">139</Data><Data Name=\"DestinationHostname\">PC02</Data><Data Name=\"DestinationIp\">10.0.2.18</Data><Data Name=\"DestinationIsIpv6\">False</Data><Data Name=\"DestinationPort\">49184</Data><Data Name=\"Image\">System</Data><Data Name=\"Initiated\">False</Data><Data Name=\"ProcessGuid\">{365abb72-5517-5c68-0000-0010ea030000}</Data><Data Name=\"SourceHostname\">PC01.example.corp</Data><Data Name=\"SourceIp\">10.0.2.17</Data><Data Name=\"SourceIsIpv6\">False</Data><Data Name=\"SourcePortName\">netbios-ssn</Data><Data Name=\"User\">NT AUTHORITY\\SYSTEM</Data><Data Name=\"UtcTime\">2019-02-16 10:05:21.740</Data></EventData></Event>", "source_id": "WINEVT-ATTACK", "mitre_tactic": "Command and Control", "evtx_file": "DE_sysmon-3-rdp-tun.evtx"}
{"raw": "<Event xmlns=\"http://schemas.microsoft.com/win/2004/08/events/event\"><System><Provider Name=\"Microsoft-Windows-Sysmon\"/><EventID>6</EventID><Level>4</Level><Task>6</Task><TimeCreated SystemTime=\"2019-02-16 10:05:25.488375\"/><Channel>Microsoft-Windows-Sysmon/Operational</Channel><Computer>PC01.example.corp</Computer></System><EventData><Data Name=\"Guid\">{5770385f-c22a-43e0-bf4c-06f5698ffbd9}</Data><Data Name=\"Keywords\">0x8000000000000000</Data><Data Name=\"Opcode\">0</Data><Data Name=\"ProcessID\">1728</Data><Data Name=\"UserID\">S-1-5-18</Data><Data Name=\"Version\">3</Data><Data Name=\"Hashes\">SHA1=0D14114598EE4A3080B9F9083AE5A3339D429737</Data><Data Name=\"ImageLoaded\">C:\\Windows\\System32\\VBoxDisp.dll</Data><Data Name=\"Signature\">Oracle Corporation</Data><Data Name=\"SignatureStatus\">Valid</Data><Data Name=\"Signed\">true</Data><Data Name=\"UtcTime\">2019-02-16 10:05:25.428</Data></EventData></Event>", "source_id": "WINEVT-ATTACK", "mitre_tactic": "Command and Control", "evtx_file": "DE_sysmon-3-rdp-tun.evtx"}
{"raw": "<Event xmlns=\"http://schemas.microsoft.com/win/2004/08/events/event\"><System><Provider Name=\"Microsoft-Windows-Sysmon\"/><EventID>1</EventID><Level>4</Level><Task>1</Task><TimeCreated SystemTime=\"2019-02-16 10:05:26.499830\"/><Channel>Microsoft-Windows-Sysmon/Operational</Channel><Computer>PC01.example.corp</Computer></System><EventData><Data Name=\"Guid\">{5770385f-c22a-43e0-bf4c-06f5698ffbd9}</Data><Data Name=\"Keywords\">0x8000000000000000</Data><Data Name=\"LogonGuid\">{365abb72-d6ab-5c67-0000-002056660200}</Data><Data Name=\"Opcode\">0</Data><Data Name=\"ProcessID\">1728</Data><Data Name=\"ProcessId\">1908</Data><Data Name=\"UserID\">S-1-5-18</Data><Data Name=\"Version\">5</Data><Data Name=\"CommandLine\">atbroker.exe</Data><Data Name=\"Company\">Microsoft Corporation</Data><Data Name=\"CurrentDirectory\">C:\\Windows\\system32\\</Data><Data Name=\"Description\">Transitions Accessible technologies between desktops</Data><Data Name=\"FileVersion\">6.1.7600.16385 (win7_rtm.090713-1255)</Data><Data Name=\"Hashes\">SHA1=1B376C177C5629C0E620431AF1A9E8C16BF23D53</Data><Data Name=\"Image\">C:\\Windows\\System32\\AtBroker.exe</Data><Data Name=\"IntegrityLevel\">High</Data><Data Name=\"LogonId\">0x0000000000026656</Data><Data Name=\"ParentCommandLine\">winlogon.exe</Data><Data Name=\"ParentImage\">C:\\Windows\\System32\\winlogon.exe</Data><Data Name=\"ParentProcessGuid\">{365abb72-551e-5c68-0000-001073510000}</Data><Data Name=\"ParentProcessId\">456</Data><Data Name=\"ProcessGuid\">{365abb72-e066-5c67-0000-00107a001600}</Data><Data Name=\"Product\">Microsoft\u00ae Windows\u00ae Operating System</Data><Data Name=\"TerminalSessionId\">1</Data><Data Name=\"User\">PC01\\IEUser</Data><Data Name=\"UtcTime\">2019-02-16 10:05:26.459</Data></EventData></Event>", "source_id": "WINEVT-ATTACK", "mitre_tactic": "Command and Control", "evtx_file": "DE_sysmon-3-rdp-tun.evtx"}
{"raw": "<Event xmlns=\"http://schemas.microsoft.com/win/2004/08/events/event\"><System><Provider Name=\"Microsoft-Windows-Sysmon\"/><EventID>5</EventID><Level>4</Level><Task>5</Task><TimeCreated SystemTime=\"2019-02-16 10:05:26.529873\"/><Channel>Microsoft-Windows-Sysmon/Operational</Channel><Computer>PC01.example.corp</Computer></System><EventData><Data Name=\"Guid\">{5770385f-c22a-43e0-bf4c-06f5698ffbd9}</Data><Data Name=\"Keywords\">0x8000000000000000</Data><Data Name=\"Opcode\">0</Data><Data Name=\"ProcessID\">1728</Data><Data Name=\"ProcessId\">2920</Data><Data Name=\"UserID\">S-1-5-18</Data><Data Name=\"Version\">3</Data><Data Name=\"Image\">C:\\Windows\\System32\\LogonUI.exe</Data><Data Name=\"ProcessGuid\">{365abb72-e015-5c67-0000-00103fc01500}</Data><Data Name=\"UtcTime\">2019-02-16 10:05:26.519</Data></EventData></Event>", "source_id": "WINEVT-ATTACK", "mitre_tactic": "Command and Control", "evtx_file": "DE_sysmon-3-rdp-tun.evtx"}
{"raw": "<Event xmlns=\"http://schemas.microsoft.com/win/2004/08/events/event\"><System><Provider Name=\"Microsoft-Windows-Sysmon\"/><EventID>5</EventID><Level>4</Level><Task>5</Task><TimeCreated SystemTime=\"2019-02-16 10:05:26.529873\"/><Channel>Microsoft-Windows-Sysmon/Operational</Channel><Computer>PC01.example.corp</Computer></System><EventData><Data Name=\"Guid\">{5770385f-c22a-43e0-bf4c-06f5698ffbd9}</Data><Data Name=\"Keywords\">0x8000000000000000</Data><Data Name=\"Opcode\">0</Data><Data Name=\"ProcessID\">1728</Data><Data Name=\"ProcessId\">2988</Data><Data Name=\"UserID\">S-1-5-18</Data><Data Name=\"Version\">3</Data><Data Name=\"Image\">C:\\Windows\\System32\\winlogon.exe</Data><Data Name=\"ProcessGuid\">{365abb72-e014-5c67-0000-001094b81500}</Data><Data Name=\"UtcTime\">2019-02-16 10:05:26.519</Data></EventData></Event>", "source_id": "WINEVT-ATTACK", "mitre_tactic": "Command and Control", "evtx_file": "DE_sysmon-3-rdp-tun.evtx"}
{"raw": "<Event xmlns=\"http://schemas.microsoft.com/win/2004/08/events/event\"><System><Provider Name=\"Microsoft-Windows-Sysmon\"/><EventID>5</EventID><Level>4</Level><Task>5</Task><TimeCreated SystemTime=\"2019-02-16 10:05:26.539886\"/><Channel>Microsoft-Windows-Sysmon/Operational</Channel><Computer>PC01.example.corp</Computer></System><EventData><Data Name=\"Guid\">{5770385f-c22a-43e0-bf4c-06f5698ffbd9}</Data><Data Name=\"Keywords\">0x8000000000000000</Data><Data Name=\"Opcode\">0</Data><Data Name=\"ProcessID\">1728</Data><Data Name=\"ProcessId\">3204</Data><Data Name=\"UserID\">S-1-5-18</Data><Data Name=\"Version\">3</Data><Data Name=\"Image\">C:\\Windows\\System32\\csrss.exe</Data><Data Name=\"ProcessGuid\">{365abb72-e014-5c67-0000-001090b71500}</Data><Data Name=\"UtcTime\">2019-02-16 10:05:26.529</Data></EventData></Event>", "source_id": "WINEVT-ATTACK", "mitre_tactic": "Command and Control", "evtx_file": "DE_sysmon-3-rdp-tun.evtx"}
{"raw": "<Event xmlns=\"http://schemas.microsoft.com/win/2004/08/events/event\"><System><Provider Name=\"Microsoft-Windows-Sysmon\"/><EventID>5</EventID><Level>4</Level><Task>5</Task><TimeCreated SystemTime=\"2019-02-16 10:05:26.539886\"/><Channel>Microsoft-Windows-Sysmon/Operational</Channel><Computer>PC01.example.corp</Computer></System><EventData><Data Name=\"Guid\">{5770385f-c22a-43e0-bf4c-06f5698ffbd9}</Data><Data Name=\"Keywords\">0x8000000000000000</Data><Data Name=\"Opcode\">0</Data><Data Name=\"ProcessID\">1728</Data><Data Name=\"ProcessId\">1908</Data><Data Name=\"UserID\">S-1-5-18</Data><Data Name=\"Version\">3</Data><Data Name=\"Image\">C:\\Windows\\System32\\AtBroker.exe</Data><Data Name=\"ProcessGuid\">{365abb72-e066-5c67-0000-00107a001600}</Data><Data Name=\"UtcTime\">2019-02-16 10:05:26.539</Data></EventData></Event>", "source_id": "WINEVT-ATTACK", "mitre_tactic": "Command and Control", "evtx_file": "DE_sysmon-3-rdp-tun.evtx"}
{"raw": "<Event xmlns=\"http://schemas.microsoft.com/win/2004/08/events/event\"><System><Provider Name=\"Microsoft-Windows-Sysmon\"/><EventID>3</EventID><Level>4</Level><Task>3</Task><TimeCreated SystemTime=\"2019-02-16 10:05:34.871868\"/><Channel>Microsoft-Windows-Sysmon/Operational</Channel><Computer>PC01.example.corp</Computer></System><EventData><Data Name=\"Guid\">{5770385f-c22a-43e0-bf4c-06f5698ffbd9}</Data><Data Name=\"Keywords\">0x8000000000000000</Data><Data Name=\"Opcode\">0</Data><Data Name=\"ProcessID\">1728</Data><Data Name=\"ProcessId\">1276</Data><Data Name=\"UserID\">S-1-5-18</Data><Data Name=\"Version\">5</Data><Data Name=\"Protocol\">udp</Data><Data Name=\"SourcePort\">5355</Data><Data Name=\"DestinationHostname\">PC02</Data><Data Name=\"DestinationIp\">fe80:0:0:0:647b:25b7:1cc4:b972</Data><Data Name=\"DestinationIsIpv6\">True</Data><Data Name=\"DestinationPort\">63309</Data><Data Name=\"Image\">C:\\Windows\\System32\\svchost.exe</Data><Data Name=\"Initiated\">False</Data><Data Name=\"ProcessGuid\">{365abb72-d693-5c67-0000-0010c4180100}</Data><Data Name=\"SourceIp\">ff02:0:0:0:0:0:1:3</Data><Data Name=\"SourceIsIpv6\">True</Data><Data Name=\"SourcePortName\">llmnr</Data><Data Name=\"User\">NT AUTHORITY\\NETWORK SERVICE</Data><Data Name=\"UtcTime\">2019-02-16 10:05:33.766</Data></EventData></Event>", "source_id": "WINEVT-ATTACK", "mitre_tactic": "Command and Control", "evtx_file": "DE_sysmon-3-rdp-tun.evtx"}
{"raw": "<Event xmlns=\"http://schemas.microsoft.com/win/2004/08/events/event\"><System><Provider Name=\"Microsoft-Windows-Sysmon\"/><EventID>3</EventID><Level>4</Level><Task>3</Task><TimeCreated SystemTime=\"2019-02-16 10:05:34.871868\"/><Channel>Microsoft-Windows-Sysmon/Operational</Channel><Computer>PC01.example.corp</Computer></System><EventData><Data Name=\"Guid\">{5770385f-c22a-43e0-bf4c-06f5698ffbd9}</Data><Data Name=\"Keywords\">0x8000000000000000</Data><Data Name=\"Opcode\">0</Data><Data Name=\"ProcessID\">1728</Data><Data Name=\"ProcessId\">1276</Data><Data Name=\"UserID\">S-1-5-18</Data><Data Name=\"Version\">5</Data><Data Name=\"Protocol\">udp</Data><Data Name=\"SourcePort\">5355</Data><Data Name=\"DestinationHostname\">PC02</Data><Data Name=\"DestinationIp\">10.0.2.18</Data><Data Name=\"DestinationIsIpv6\">False</Data><Data Name=\"DestinationPort\">51695</Data><Data Name=\"Image\">C:\\Windows\\System32\\svchost.exe</Data><Data Name=\"Initiated\">False</Data><Data Name=\"ProcessGuid\">{365abb72-d693-5c67-0000-0010c4180100}</Data><Data Name=\"SourceIp\">224.0.0.252</Data><Data Name=\"SourceIsIpv6\">False</Data><Data Name=\"SourcePortName\">llmnr</Data><Data Name=\"User\">NT AUTHORITY\\NETWORK SERVICE</Data><Data Name=\"UtcTime\">2019-02-16 10:05:33.767</Data></EventData></Event>", "source_id": "WINEVT-ATTACK", "mitre_tactic": "Command and Control", "evtx_file": "DE_sysmon-3-rdp-tun.evtx"}
{"raw": "<Event xmlns=\"http://schemas.microsoft.com/win/2004/08/events/event\"><System><Provider Name=\"Microsoft-Windows-Sysmon\"/><EventID>3</EventID><Level>4</Level><Task>3</Task><TimeCreated SystemTime=\"2019-02-16 10:05:34.871868\"/><Channel>Microsoft-Windows-Sysmon/Operational</Channel><Computer>PC01.example.corp</Computer></System><EventData><Data Name=\"Guid\">{5770385f-c22a-43e0-bf4c-06f5698ffbd9}</Data><Data Name=\"Keywords\">0x8000000000000000</Data><Data Name=\"Opcode\">0</Data><Data Name=\"ProcessID\">1728</Data><Data Name=\"ProcessId\">1276</Data><Data Name=\"UserID\">S-1-5-18</Data><Data Name=\"Version\">5</Data><Data Name=\"Protocol\">udp</Data><Data Name=\"SourcePort\">5355</Data><Data Name=\"DestinationHostname\">PC02</Data><Data Name=\"DestinationIp\">10.0.2.18</Data><Data Name=\"DestinationIsIpv6\">False</Data><Data Name=\"DestinationPort\">51695</Data><Data Name=\"Image\">C:\\Windows\\System32\\svchost.exe</Data><Data Name=\"Initiated\">True</Data><Data Name=\"ProcessGuid\">{365abb72-d693-5c67-0000-0010c4180100}</Data><Data Name=\"SourceHostname\">PC01.example.corp</Data><Data Name=\"SourceIp\">10.0.2.17</Data><Data Name=\"SourceIsIpv6\">False</Data><Data Name=\"SourcePortName\">llmnr</Data><Data Name=\"User\">NT AUTHORITY\\NETWORK SERVICE</Data><Data Name=\"UtcTime\">2019-02-16 10:05:33.767</Data></EventData></Event>", "source_id": "WINEVT-ATTACK", "mitre_tactic": "Command and Control", "evtx_file": "DE_sysmon-3-rdp-tun.evtx"}
{"raw": "<Event xmlns=\"http://schemas.microsoft.com/win/2004/08/events/event\"><System><Provider Name=\"Microsoft-Windows-Sysmon\"/><EventID>3</EventID><Level>4</Level><Task>3</Task><TimeCreated SystemTime=\"2019-02-16 10:05:34.871868\"/><Channel>Microsoft-Windows-Sysmon/Operational</Channel><Computer>PC01.example.corp</Computer></System><EventData><Data Name=\"Guid\">{5770385f-c22a-43e0-bf4c-06f5698ffbd9}</Data><Data Name=\"Keywords\">0x8000000000000000</Data><Data Name=\"Opcode\">0</Data><Data Name=\"ProcessID\">1728</Data><Data Name=\"ProcessId\">1276</Data><Data Name=\"UserID\">S-1-5-18</Data><Data Name=\"Version\">5</Data><Data Name=\"Protocol\">udp</Data><Data Name=\"SourcePort\">5355</Data><Data Name=\"DestinationHostname\">PC02</Data><Data Name=\"DestinationIp\">fe80:0:0:0:647b:25b7:1cc4:b972</Data><Data Name=\"DestinationIsIpv6\">True</Data><Data Name=\"DestinationPort\">62259</Data><Data Name=\"Image\">C:\\Windows\\System32\\svchost.exe</Data><Data Name=\"Initiated\">False</Data><Data Name=\"ProcessGuid\">{365abb72-d693-5c67-0000-0010c4180100}</Data><Data Name=\"SourceIp\">ff02:0:0:0:0:0:1:3</Data><Data Name=\"SourceIsIpv6\">True</Data><Data Name=\"SourcePortName\">llmnr</Data><Data Name=\"User\">NT AUTHORITY\\NETWORK SERVICE</Data><Data Name=\"UtcTime\">2019-02-16 10:05:33.769</Data></EventData></Event>", "source_id": "WINEVT-ATTACK", "mitre_tactic": "Command and Control", "evtx_file": "DE_sysmon-3-rdp-tun.evtx"}
{"raw": "<Event xmlns=\"http://schemas.microsoft.com/win/2004/08/events/event\"><System><Provider Name=\"Microsoft-Windows-Sysmon\"/><EventID>3</EventID><Level>4</Level><Task>3</Task><TimeCreated SystemTime=\"2019-02-16 10:05:34.871868\"/><Channel>Microsoft-Windows-Sysmon/Operational</Channel><Computer>PC01.example.corp</Computer></System><EventData><Data Name=\"Guid\">{5770385f-c22a-43e0-bf4c-06f5698ffbd9}</Data><Data Name=\"Keywords\">0x8000000000000000</Data><Data Name=\"Opcode\">0</Data><Data Name=\"ProcessID\">1728</Data><Data Name=\"ProcessId\">4</Data><Data Name=\"UserID\">S-1-5-18</Data><Data Name=\"Version\">5</Data><Data Name=\"Protocol\">tcp</Data><Data Name=\"SourcePort\">139</Data><Data Name=\"DestinationHostname\">PC02</Data><Data Name=\"DestinationIp\">10.0.2.18</Data><Data Name=\"DestinationIsIpv6\">False</Data><Data Name=\"DestinationPort\">49185</Data><Data Name=\"Image\">System</Data><Data Name=\"Initiated\">False</Data><Data Name=\"ProcessGuid\">{365abb72-5517-5c68-0000-0010ea030000}</Data><Data Name=\"SourceHostname\">PC01.example.corp</Data><Data Name=\"SourceIp\">10.0.2.17</Data><Data Name=\"SourceIsIpv6\">False</Data><Data Name=\"SourcePortName\">netbios-ssn</Data><Data Name=\"User\">NT AUTHORITY\\SYSTEM</Data><Data Name=\"UtcTime\">2019-02-16 10:05:33.776</Data></EventData></Event>", "source_id": "WINEVT-ATTACK", "mitre_tactic": "Command and Control", "evtx_file": "DE_sysmon-3-rdp-tun.evtx"}
{"raw": "<Event xmlns=\"http://schemas.microsoft.com/win/2004/08/events/event\"><System><Provider Name=\"Microsoft-Windows-Sysmon\"/><EventID>3</EventID><Level>4</Level><Task>3</Task><TimeCreated SystemTime=\"2019-02-16 10:05:46.929205\"/><Channel>Microsoft-Windows-Sysmon/Operational</Channel><Computer>PC01.example.corp</Computer></System><EventData><Data Name=\"Guid\">{5770385f-c22a-43e0-bf4c-06f5698ffbd9}</Data><Data Name=\"Keywords\">0x8000000000000000</Data><Data Name=\"Opcode\">0</Data><Data Name=\"ProcessID\">1728</Data><Data Name=\"ProcessId\">1276</Data><Data Name=\"UserID\">S-1-5-18</Data><Data Name=\"Version\">5</Data><Data Name=\"Protocol\">udp</Data><Data Name=\"SourcePort\">5355</Data><Data Name=\"DestinationHostname\">PC02</Data><Data Name=\"DestinationIp\">fe80:0:0:0:647b:25b7:1cc4:b972</Data><Data Name=\"DestinationIsIpv6\">True</Data><Data Name=\"DestinationPort\">59302</Data><Data Name=\"Image\">C:\\Windows\\System32\\svchost.exe</Data><Data Name=\"Initiated\">False</Data><Data Name=\"ProcessGuid\">{365abb72-d693-5c67-0000-0010c4180100}</Data><Data Name=\"SourceIp\">ff02:0:0:0:0:0:1:3</Data><Data Name=\"SourceIsIpv6\">True</Data><Data Name=\"SourcePortName\">llmnr</Data><Data Name=\"User\">NT AUTHORITY\\NETWORK SERVICE</Data><Data Name=\"UtcTime\">2019-02-16 10:05:45.814</Data></EventData></Event>", "source_id": "WINEVT-ATTACK", "mitre_tactic": "Command and Control", "evtx_file": "DE_sysmon-3-rdp-tun.evtx"}
{"raw": "<Event xmlns=\"http://schemas.microsoft.com/win/2004/08/events/event\"><System><Provider Name=\"Microsoft-Windows-Sysmon\"/><EventID>3</EventID><Level>4</Level><Task>3</Task><TimeCreated SystemTime=\"2019-02-16 10:05:46.929205\"/><Channel>Microsoft-Windows-Sysmon/Operational</Channel><Computer>PC01.example.corp</Computer></System><EventData><Data Name=\"Guid\">{5770385f-c22a-43e0-bf4c-06f5698ffbd9}</Data><Data Name=\"Keywords\">0x8000000000000000</Data><Data Name=\"Opcode\">0</Data><Data Name=\"ProcessID\">1728</Data><Data Name=\"ProcessId\">1276</Data><Data Name=\"UserID\">S-1-5-18</Data><Data Name=\"Version\">5</Data><Data Name=\"Protocol\">udp</Data><Data Name=\"SourcePort\">5355</Data><Data Name=\"DestinationHostname\">PC02</Data><Data Name=\"DestinationIp\">10.0.2.18</Data><Data Name=\"DestinationIsIpv6\">False</Data><Data Name=\"DestinationPort\">62053</Data><Data Name=\"Image\">C:\\Windows\\System32\\svchost.exe</Data><Data Name=\"Initiated\">False</Data><Data Name=\"ProcessGuid\">{365abb72-d693-5c67-0000-0010c4180100}</Data><Data Name=\"SourceIp\">224.0.0.252</Data><Data Name=\"SourceIsIpv6\">False</Data><Data Name=\"SourcePortName\">llmnr</Data><Data Name=\"User\">NT AUTHORITY\\NETWORK SERVICE</Data><Data Name=\"UtcTime\">2019-02-16 10:05:45.815</Data></EventData></Event>", "source_id": "WINEVT-ATTACK", "mitre_tactic": "Command and Control", "evtx_file": "DE_sysmon-3-rdp-tun.evtx"}
{"raw": "<Event xmlns=\"http://schemas.microsoft.com/win/2004/08/events/event\"><System><Provider Name=\"Microsoft-Windows-Sysmon\"/><EventID>3</EventID><Level>4</Level><Task>3</Task><TimeCreated SystemTime=\"2019-02-16 10:05:46.929205\"/><Channel>Microsoft-Windows-Sysmon/Operational</Channel><Computer>PC01.example.corp</Computer></System><EventData><Data Name=\"Guid\">{5770385f-c22a-43e0-bf4c-06f5698ffbd9}</Data><Data Name=\"Keywords\">0x8000000000000000</Data><Data Name=\"Opcode\">0</Data><Data Name=\"ProcessID\">1728</Data><Data Name=\"ProcessId\">1276</Data><Data Name=\"UserID\">S-1-5-18</Data><Data Name=\"Version\">5</Data><Data Name=\"Protocol\">udp</Data><Data Name=\"SourcePort\">5355</Data><Data Name=\"DestinationHostname\">PC02</Data><Data Name=\"DestinationIp\">10.0.2.18</Data><Data Name=\"DestinationIsIpv6\">False</Data><Data Name=\"DestinationPort\">62053</Data><Data Name=\"Image\">C:\\Windows\\System32\\svchost.exe</Data><Data Name=\"Initiated\">True</Data><Data Name=\"ProcessGuid\">{365abb72-d693-5c67-0000-0010c4180100}</Data><Data Name=\"SourceHostname\">PC01.example.corp</Data><Data Name=\"SourceIp\">10.0.2.17</Data><Data Name=\"SourceIsIpv6\">False</Data><Data Name=\"SourcePortName\">llmnr</Data><Data Name=\"User\">NT AUTHORITY\\NETWORK SERVICE</Data><Data Name=\"UtcTime\">2019-02-16 10:05:45.815</Data></EventData></Event>", "source_id": "WINEVT-ATTACK", "mitre_tactic": "Command and Control", "evtx_file": "DE_sysmon-3-rdp-tun.evtx"}
{"raw": "<Event xmlns=\"http://schemas.microsoft.com/win/2004/08/events/event\"><System><Provider Name=\"Microsoft-Windows-Sysmon\"/><EventID>3</EventID><Level>4</Level><Task>3</Task><TimeCreated SystemTime=\"2019-02-16 10:05:46.929205\"/><Channel>Microsoft-Windows-Sysmon/Operational</Channel><Computer>PC01.example.corp</Computer></System><EventData><Data Name=\"Guid\">{5770385f-c22a-43e0-bf4c-06f5698ffbd9}</Data><Data Name=\"Keywords\">0x8000000000000000</Data><Data Name=\"Opcode\">0</Data><Data Name=\"ProcessID\">1728</Data><Data Name=\"ProcessId\">1276</Data><Data Name=\"UserID\">S-1-5-18</Data><Data Name=\"Version\">5</Data><Data Name=\"Protocol\">udp</Data><Data Name=\"SourcePort\">5355</Data><Data Name=\"DestinationHostname\">PC02</Data><Data Name=\"DestinationIp\">fe80:0:0:0:647b:25b7:1cc4:b972</Data><Data Name=\"DestinationIsIpv6\">True</Data><Data Name=\"DestinationPort\">61049</Data><Data Name=\"Image\">C:\\Windows\\System32\\svchost.exe</Data><Data Name=\"Initiated\">False</Data><Data Name=\"ProcessGuid\">{365abb72-d693-5c67-0000-0010c4180100}</Data><Data Name=\"SourceIp\">ff02:0:0:0:0:0:1:3</Data><Data Name=\"SourceIsIpv6\">True</Data><Data Name=\"SourcePortName\">llmnr</Data><Data Name=\"User\">NT AUTHORITY\\NETWORK SERVICE</Data><Data Name=\"UtcTime\">2019-02-16 10:05:45.818</Data></EventData></Event>", "source_id": "WINEVT-ATTACK", "mitre_tactic": "Command and Control", "evtx_file": "DE_sysmon-3-rdp-tun.evtx"}
{"raw": "<Event xmlns=\"http://schemas.microsoft.com/win/2004/08/events/event\"><System><Provider Name=\"Microsoft-Windows-Sysmon\"/><EventID>3</EventID><Level>4</Level><Task>3</Task><TimeCreated SystemTime=\"2019-02-16 10:05:46.929205\"/><Channel>Microsoft-Windows-Sysmon/Operational</Channel><Computer>PC01.example.corp</Computer></System><EventData><Data Name=\"Guid\">{5770385f-c22a-43e0-bf4c-06f5698ffbd9}</Data><Data Name=\"Keywords\">0x8000000000000000</Data><Data Name=\"Opcode\">0</Data><Data Name=\"ProcessID\">1728</Data><Data Name=\"ProcessId\">4</Data><Data Name=\"UserID\">S-1-5-18</Data><Data Name=\"Version\">5</Data><Data Name=\"Protocol\">tcp</Data><Data Name=\"SourcePort\">139</Data><Data Name=\"DestinationHostname\">PC02</Data><Data Name=\"DestinationIp\">10.0.2.18</Data><Data Name=\"DestinationIsIpv6\">False</Data><Data Name=\"DestinationPort\">49186</Data><Data Name=\"Image\">System</Data><Data Name=\"Initiated\">False</Data><Data Name=\"ProcessGuid\">{365abb72-5517-5c68-0000-0010ea030000}</Data><Data Name=\"SourceHostname\">PC01.example.corp</Data><Data Name=\"SourceIp\">10.0.2.17</Data><Data Name=\"SourceIsIpv6\">False</Data><Data Name=\"SourcePortName\">netbios-ssn</Data><Data Name=\"User\">NT AUTHORITY\\SYSTEM</Data><Data Name=\"UtcTime\">2019-02-16 10:05:45.826</Data></EventData></Event>", "source_id": "WINEVT-ATTACK", "mitre_tactic": "Command and Control", "evtx_file": "DE_sysmon-3-rdp-tun.evtx"}
{"raw": "<Event xmlns=\"http://schemas.microsoft.com/win/2004/08/events/event\"><System><Provider Name=\"Microsoft-Windows-Sysmon\"/><EventID>3</EventID><Level>4</Level><Task>3</Task><TimeCreated SystemTime=\"2019-02-16 10:05:46.929205\"/><Channel>Microsoft-Windows-Sysmon/Operational</Channel><Computer>PC01.example.corp</Computer></System><EventData><Data Name=\"Guid\">{5770385f-c22a-43e0-bf4c-06f5698ffbd9}</Data><Data Name=\"Keywords\">0x8000000000000000</Data><Data Name=\"Opcode\">0</Data><Data Name=\"ProcessID\">1728</Data><Data Name=\"ProcessId\">1608</Data><Data Name=\"UserID\">S-1-5-18</Data><Data Name=\"Version\">5</Data><Data Name=\"Protocol\">udp</Data><Data Name=\"SourcePort\">1900</Data><Data Name=\"DestinationIp\">10.0.2.16</Data><Data Name=\"DestinationIsIpv6\">False</Data><Data Name=\"DestinationPort\">52122</Data><Data Name=\"Image\">C:\\Windows\\System32\\svchost.exe</Data><Data Name=\"Initiated\">False</Data><Data Name=\"ProcessGuid\">{365abb72-d695-5c67-0000-00103c3e0100}</Data><Data Name=\"SourceIp\">239.255.255.250</Data><Data Name=\"SourceIsIpv6\">False</Data><Data Name=\"SourcePortName\">ssdp</Data><Data Name=\"User\">NT AUTHORITY\\LOCAL SERVICE</Data><Data Name=\"UtcTime\">2019-02-16 10:05:45.913</Data></EventData></Event>", "source_id": "WINEVT-ATTACK", "mitre_tactic": "Command and Control", "evtx_file": "DE_sysmon-3-rdp-tun.evtx"}
{"raw": "<Event xmlns=\"http://schemas.microsoft.com/win/2004/08/events/event\"><System><Provider Name=\"Microsoft-Windows-Sysmon\"/><EventID>3</EventID><Level>4</Level><Task>3</Task><TimeCreated SystemTime=\"2019-02-16 10:05:59.056644\"/><Channel>Microsoft-Windows-Sysmon/Operational</Channel><Computer>PC01.example.corp</Computer></System><EventData><Data Name=\"Guid\">{5770385f-c22a-43e0-bf4c-06f5698ffbd9}</Data><Data Name=\"Keywords\">0x8000000000000000</Data><Data Name=\"Opcode\">0</Data><Data Name=\"ProcessID\">1728</Data><Data Name=\"ProcessId\">1276</Data><Data Name=\"UserID\">S-1-5-18</Data><Data Name=\"Version\">5</Data><Data Name=\"Protocol\">udp</Data><Data Name=\"SourcePort\">5355</Data><Data Name=\"DestinationHostname\">PC02</Data><Data Name=\"DestinationIp\">fe80:0:0:0:647b:25b7:1cc4:b972</Data><Data Name=\"DestinationIsIpv6\">True</Data><Data Name=\"DestinationPort\">55679</Data><Data Name=\"Image\">C:\\Windows\\System32\\svchost.exe</Data><Data Name=\"Initiated\">False</Data><Data Name=\"ProcessGuid\">{365abb72-d693-5c67-0000-0010c4180100}</Data><Data Name=\"SourceIp\">ff02:0:0:0:0:0:1:3</Data><Data Name=\"SourceIsIpv6\">True</Data><Data Name=\"SourcePortName\">llmnr</Data><Data Name=\"User\">NT AUTHORITY\\NETWORK SERVICE</Data><Data Name=\"UtcTime\">2019-02-16 10:05:57.859</Data></EventData></Event>", "source_id": "WINEVT-ATTACK", "mitre_tactic": "Command and Control", "evtx_file": "DE_sysmon-3-rdp-tun.evtx"}
{"raw": "<Event xmlns=\"http://schemas.microsoft.com/win/2004/08/events/event\"><System><Provider Name=\"Microsoft-Windows-Sysmon\"/><EventID>3</EventID><Level>4</Level><Task>3</Task><TimeCreated SystemTime=\"2019-02-16 10:05:59.056644\"/><Channel>Microsoft-Windows-Sysmon/Operational</Channel><Computer>PC01.example.corp</Computer></System><EventData><Data Name=\"Guid\">{5770385f-c22a-43e0-bf4c-06f5698ffbd9}</Data><Data Name=\"Keywords\">0x8000000000000000</Data><Data Name=\"Opcode\">0</Data><Data Name=\"ProcessID\">1728</Data><Data Name=\"ProcessId\">1276</Data><Data Name=\"UserID\">S-1-5-18</Data><Data Name=\"Version\">5</Data><Data Name=\"Protocol\">udp</Data><Data Name=\"SourcePort\">5355</Data><Data Name=\"DestinationHostname\">PC02</Data><Data Name=\"DestinationIp\">10.0.2.18</Data><Data Name=\"DestinationIsIpv6\">False</Data><Data Name=\"DestinationPort\">52894</Data><Data Name=\"Image\">C:\\Windows\\System32\\svchost.exe</Data><Data Name=\"Initiated\">False</Data><Data Name=\"ProcessGuid\">{365abb72-d693-5c67-0000-0010c4180100}</Data><Data Name=\"SourceIp\">224.0.0.252</Data><Data Name=\"SourceIsIpv6\">False</Data><Data Name=\"SourcePortName\">llmnr</Data><Data Name=\"User\">NT AUTHORITY\\NETWORK SERVICE</Data><Data Name=\"UtcTime\">2019-02-16 10:05:57.860</Data></EventData></Event>", "source_id": "WINEVT-ATTACK", "mitre_tactic": "Command and Control", "evtx_file": "DE_sysmon-3-rdp-tun.evtx"}
{"raw": "<Event xmlns=\"http://schemas.microsoft.com/win/2004/08/events/event\"><System><Provider Name=\"Microsoft-Windows-Sysmon\"/><EventID>3</EventID><Level>4</Level><Task>3</Task><TimeCreated SystemTime=\"2019-02-16 10:05:59.056644\"/><Channel>Microsoft-Windows-Sysmon/Operational</Channel><Computer>PC01.example.corp</Computer></System><EventData><Data Name=\"Guid\">{5770385f-c22a-43e0-bf4c-06f5698ffbd9}</Data><Data Name=\"Keywords\">0x8000000000000000</Data><Data Name=\"Opcode\">0</Data><Data Name=\"ProcessID\">1728</Data><Data Name=\"ProcessId\">1276</Data><Data Name=\"UserID\">S-1-5-18</Data><Data Name=\"Version\">5</Data><Data Name=\"Protocol\">udp</Data><Data Name=\"SourcePort\">5355</Data><Data Name=\"DestinationHostname\">PC02</Data><Data Name=\"DestinationIp\">10.0.2.18</Data><Data Name=\"DestinationIsIpv6\">False</Data><Data Name=\"DestinationPort\">52894</Data><Data Name=\"Image\">C:\\Windows\\System32\\svchost.exe</Data><Data Name=\"Initiated\">True</Data><Data Name=\"ProcessGuid\">{365abb72-d693-5c67-0000-0010c4180100}</Data><Data Name=\"SourceHostname\">PC01.example.corp</Data><Data Name=\"SourceIp\">10.0.2.17</Data><Data Name=\"SourceIsIpv6\">False</Data><Data Name=\"SourcePortName\">llmnr</Data><Data Name=\"User\">NT AUTHORITY\\NETWORK SERVICE</Data><Data Name=\"UtcTime\">2019-02-16 10:05:57.861</Data></EventData></Event>", "source_id": "WINEVT-ATTACK", "mitre_tactic": "Command and Control", "evtx_file": "DE_sysmon-3-rdp-tun.evtx"}
{"raw": "<Event xmlns=\"http://schemas.microsoft.com/win/2004/08/events/event\"><System><Provider Name=\"Microsoft-Windows-Sysmon\"/><EventID>3</EventID><Level>4</Level><Task>3</Task><TimeCreated SystemTime=\"2019-02-16 10:05:59.056644\"/><Channel>Microsoft-Windows-Sysmon/Operational</Channel><Computer>PC01.example.corp</Computer></System><EventData><Data Name=\"Guid\">{5770385f-c22a-43e0-bf4c-06f5698ffbd9}</Data><Data Name=\"Keywords\">0x8000000000000000</Data><Data Name=\"Opcode\">0</Data><Data Name=\"ProcessID\">1728</Data><Data Name=\"ProcessId\">1276</Data><Data Name=\"UserID\">S-1-5-18</Data><Data Name=\"Version\">5</Data><Data Name=\"Protocol\">udp</Data><Data Name=\"SourcePort\">5355</Data><Data Name=\"DestinationHostname\">PC02</Data><Data Name=\"DestinationIp\">fe80:0:0:0:647b:25b7:1cc4:b972</Data><Data Name=\"DestinationIsIpv6\">True</Data><Data Name=\"DestinationPort\">64257</Data><Data Name=\"Image\">C:\\Windows\\System32\\svchost.exe</Data><Data Name=\"Initiated\">False</Data><Data Name=\"ProcessGuid\">{365abb72-d693-5c67-0000-0010c4180100}</Data><Data Name=\"SourceIp\">ff02:0:0:0:0:0:1:3</Data><Data Name=\"SourceIsIpv6\">True</Data><Data Name=\"SourcePortName\">llmnr</Data><Data Name=\"User\">NT AUTHORITY\\NETWORK SERVICE</Data><Data Name=\"UtcTime\">2019-02-16 10:05:57.861</Data></EventData></Event>", "source_id": "WINEVT-ATTACK", "mitre_tactic": "Command and Control", "evtx_file": "DE_sysmon-3-rdp-tun.evtx"}
{"raw": "<Event xmlns=\"http://schemas.microsoft.com/win/2004/08/events/event\"><System><Provider Name=\"Microsoft-Windows-Sysmon\"/><EventID>3</EventID><Level>4</Level><Task>3</Task><TimeCreated SystemTime=\"2019-02-16 10:05:59.056644\"/><Channel>Microsoft-Windows-Sysmon/Operational</Channel><Computer>PC01.example.corp</Computer></System><EventData><Data Name=\"Guid\">{5770385f-c22a-43e0-bf4c-06f5698ffbd9}</Data><Data Name=\"Keywords\">0x8000000000000000</Data><Data Name=\"Opcode\">0</Data><Data Name=\"ProcessID\">1728</Data><Data Name=\"ProcessId\">4</Data><Data Name=\"UserID\">S-1-5-18</Data><Data Name=\"Version\">5</Data><Data Name=\"Protocol\">tcp</Data><Data Name=\"SourcePort\">139</Data><Data Name=\"DestinationHostname\">PC02</Data><Data Name=\"DestinationIp\">10.0.2.18</Data><Data Name=\"DestinationIsIpv6\">False</Data><Data Name=\"DestinationPort\">49187</Data><Data Name=\"Image\">System</Data><Data Name=\"Initiated\">False</Data><Data Name=\"ProcessGuid\">{365abb72-5517-5c68-0000-0010ea030000}</Data><Data Name=\"SourceHostname\">PC01.example.corp</Data><Data Name=\"SourceIp\">10.0.2.17</Data><Data Name=\"SourceIsIpv6\">False</Data><Data Name=\"SourcePortName\">netbios-ssn</Data><Data Name=\"User\">NT AUTHORITY\\SYSTEM</Data><Data Name=\"UtcTime\">2019-02-16 10:05:57.864</Data></EventData></Event>", "source_id": "WINEVT-ATTACK", "mitre_tactic": "Command and Control", "evtx_file": "DE_sysmon-3-rdp-tun.evtx"}
{"raw": "<Event xmlns=\"http://schemas.microsoft.com/win/2004/08/events/event\"><System><Provider Name=\"Microsoft-Windows-Sysmon\"/><EventID>3</EventID><Level>4</Level><Task>3</Task><TimeCreated SystemTime=\"2019-02-16 10:06:00.558804\"/><Channel>Microsoft-Windows-Sysmon/Operational</Channel><Computer>PC01.example.corp</Computer></System><EventData><Data Name=\"Guid\">{5770385f-c22a-43e0-bf4c-06f5698ffbd9}</Data><Data Name=\"Keywords\">0x8000000000000000</Data><Data Name=\"Opcode\">0</Data><Data Name=\"ProcessID\">1728</Data><Data Name=\"ProcessId\">1608</Data><Data Name=\"UserID\">S-1-5-18</Data><Data Name=\"Version\">5</Data><Data Name=\"Protocol\">udp</Data><Data Name=\"SourcePort\">3702</Data><Data Name=\"DestinationHostname\">PC01.example.corp</Data><Data Name=\"DestinationIp\">127.0.0.1</Data><Data Name=\"DestinationIsIpv6\">False</Data><Data Name=\"DestinationPort\">61401</Data><Data Name=\"Image\">C:\\Windows\\System32\\svchost.exe</Data><Data Name=\"Initiated\">False</Data><Data Name=\"ProcessGuid\">{365abb72-d695-5c67-0000-00103c3e0100}</Data><Data Name=\"SourceIp\">239.255.255.250</Data><Data Name=\"SourceIsIpv6\">False</Data><Data Name=\"SourcePortName\">ws-discovery</Data><Data Name=\"User\">NT AUTHORITY\\LOCAL SERVICE</Data><Data Name=\"UtcTime\">2019-02-16 10:05:59.521</Data></EventData></Event>", "source_id": "WINEVT-ATTACK", "mitre_tactic": "Command and Control", "evtx_file": "DE_sysmon-3-rdp-tun.evtx"}
{"raw": "<Event xmlns=\"http://schemas.microsoft.com/win/2004/08/events/event\"><System><Provider Name=\"Microsoft-Windows-Sysmon\"/><EventID>3</EventID><Level>4</Level><Task>3</Task><TimeCreated SystemTime=\"2019-02-16 10:06:00.558804\"/><Channel>Microsoft-Windows-Sysmon/Operational</Channel><Computer>PC01.example.corp</Computer></System><EventData><Data Name=\"Guid\">{5770385f-c22a-43e0-bf4c-06f5698ffbd9}</Data><Data Name=\"Keywords\">0x8000000000000000</Data><Data Name=\"Opcode\">0</Data><Data Name=\"ProcessID\">1728</Data><Data Name=\"ProcessId\">952</Data><Data Name=\"UserID\">S-1-5-18</Data><Data Name=\"Version\">5</Data><Data Name=\"Protocol\">udp</Data><Data Name=\"SourcePort\">3702</Data><Data Name=\"DestinationHostname\">PC01.example.corp</Data><Data Name=\"DestinationIp\">127.0.0.1</Data><Data Name=\"DestinationIsIpv6\">False</Data><Data Name=\"DestinationPort\">61401</Data><Data Name=\"Image\">C:\\Windows\\System32\\svchost.exe</Data><Data Name=\"Initiated\">False</Data><Data Name=\"ProcessGuid\">{365abb72-d692-5c67-0000-0010fcc10000}</Data><Data Name=\"SourceIp\">239.255.255.250</Data><Data Name=\"SourceIsIpv6\">False</Data><Data Name=\"SourcePortName\">ws-discovery</Data><Data Name=\"User\">NT AUTHORITY\\LOCAL SERVICE</Data><Data Name=\"UtcTime\">2019-02-16 10:05:59.521</Data></EventData></Event>", "source_id": "WINEVT-ATTACK", "mitre_tactic": "Command and Control", "evtx_file": "DE_sysmon-3-rdp-tun.evtx"}
{"raw": "<Event xmlns=\"http://schemas.microsoft.com/win/2004/08/events/event\"><System><Provider Name=\"Microsoft-Windows-Sysmon\"/><EventID>3</EventID><Level>4</Level><Task>3</Task><TimeCreated SystemTime=\"2019-02-16 10:06:00.558804\"/><Channel>Microsoft-Windows-Sysmon/Operational</Channel><Computer>PC01.example.corp</Computer></System><EventData><Data Name=\"Guid\">{5770385f-c22a-43e0-bf4c-06f5698ffbd9}</Data><Data Name=\"Keywords\">0x8000000000000000</Data><Data Name=\"Opcode\">0</Data><Data Name=\"ProcessID\">1728</Data><Data Name=\"ProcessId\">952</Data><Data Name=\"UserID\">S-1-5-18</Data><Data Name=\"Version\">5</Data><Data Name=\"Protocol\">udp</Data><Data Name=\"SourcePort\">3702</Data><Data Name=\"DestinationHostname\">PC01.example.corp</Data><Data Name=\"DestinationIp\">fe80:0:0:0:80ac:4126:fa58:1b81</Data><Data Name=\"DestinationIsIpv6\">True</Data><Data Name=\"DestinationPort\">61402</Data><Data Name=\"Image\">C:\\Windows\\System32\\svchost.exe</Data><Data Name=\"Initiated\">False</Data><Data Name=\"ProcessGuid\">{365abb72-d692-5c67-0000-0010fcc10000}</Data><Data Name=\"SourceIp\">ff02:0:0:0:0:0:0:c</Data><Data Name=\"SourceIsIpv6\">True</Data><Data Name=\"SourcePortName\">ws-discovery</Data><Data Name=\"User\">NT AUTHORITY\\LOCAL SERVICE</Data><Data Name=\"UtcTime\">2019-02-16 10:05:59.522</Data></EventData></Event>", "source_id": "WINEVT-ATTACK", "mitre_tactic": "Command and Control", "evtx_file": "DE_sysmon-3-rdp-tun.evtx"}
{"raw": "<Event xmlns=\"http://schemas.microsoft.com/win/2004/08/events/event\"><System><Provider Name=\"Microsoft-Windows-Sysmon\"/><EventID>3</EventID><Level>4</Level><Task>3</Task><TimeCreated SystemTime=\"2019-02-16 10:06:00.558804\"/><Channel>Microsoft-Windows-Sysmon/Operational</Channel><Computer>PC01.example.corp</Computer></System><EventData><Data Name=\"Guid\">{5770385f-c22a-43e0-bf4c-06f5698ffbd9}</Data><Data Name=\"Keywords\">0x8000000000000000</Data><Data Name=\"Opcode\">0</Data><Data Name=\"ProcessID\">1728</Data><Data Name=\"ProcessId\">952</Data><Data Name=\"UserID\">S-1-5-18</Data><Data Name=\"Version\">5</Data><Data Name=\"Protocol\">udp</Data><Data Name=\"SourcePort\">3702</Data><Data Name=\"DestinationHostname\">PC01.example.corp</Data><Data Name=\"DestinationIp\">0:0:0:0:0:0:0:1</Data><Data Name=\"DestinationIsIpv6\">True</Data><Data Name=\"DestinationPort\">61402</Data><Data Name=\"Image\">C:\\Windows\\System32\\svchost.exe</Data><Data Name=\"Initiated\">False</Data><Data Name=\"ProcessGuid\">{365abb72-d692-5c67-0000-0010fcc10000}</Data><Data Name=\"SourceIp\">ff02:0:0:0:0:0:0:c</Data><Data Name=\"SourceIsIpv6\">True</Data><Data Name=\"SourcePortName\">ws-discovery</Data><Data Name=\"User\">NT AUTHORITY\\LOCAL SERVICE</Data><Data Name=\"UtcTime\">2019-02-16 10:05:59.522</Data></EventData></Event>", "source_id": "WINEVT-ATTACK", "mitre_tactic": "Command and Control", "evtx_file": "DE_sysmon-3-rdp-tun.evtx"}
{"raw": "<Event xmlns=\"http://schemas.microsoft.com/win/2004/08/events/event\"><System><Provider Name=\"Microsoft-Windows-Sysmon\"/><EventID>3</EventID><Level>4</Level><Task>3</Task><TimeCreated SystemTime=\"2019-02-16 10:06:00.558804\"/><Channel>Microsoft-Windows-Sysmon/Operational</Channel><Computer>PC01.example.corp</Computer></System><EventData><Data Name=\"Guid\">{5770385f-c22a-43e0-bf4c-06f5698ffbd9}</Data><Data Name=\"Keywords\">0x8000000000000000</Data><Data Name=\"Opcode\">0</Data><Data Name=\"ProcessID\">1728</Data><Data Name=\"ProcessId\">1608</Data><Data Name=\"UserID\">S-1-5-18</Data><Data Name=\"Version\">5</Data><Data Name=\"Protocol\">udp</Data><Data Name=\"SourcePort\">3702</Data><Data Name=\"DestinationHostname\">PC01.example.corp</Data><Data Name=\"DestinationIp\">0:0:0:0:0:0:0:1</Data><Data Name=\"DestinationIsIpv6\">True</Data><Data Name=\"DestinationPort\">61402</Data><Data Name=\"Image\">C:\\Windows\\System32\\svchost.exe</Data><Data Name=\"Initiated\">False</Data><Data Name=\"ProcessGuid\">{365abb72-d695-5c67-0000-00103c3e0100}</Data><Data Name=\"SourceIp\">ff02:0:0:0:0:0:0:c</Data><Data Name=\"SourceIsIpv6\">True</Data><Data Name=\"SourcePortName\">ws-discovery</Data><Data Name=\"User\">NT AUTHORITY\\LOCAL SERVICE</Data><Data Name=\"UtcTime\">2019-02-16 10:05:59.522</Data></EventData></Event>", "source_id": "WINEVT-ATTACK", "mitre_tactic": "Command and Control", "evtx_file": "DE_sysmon-3-rdp-tun.evtx"}
{"raw": "<Event xmlns=\"http://schemas.microsoft.com/win/2004/08/events/event\"><System><Provider Name=\"Microsoft-Windows-Sysmon\"/><EventID>3</EventID><Level>4</Level><Task>3</Task><TimeCreated SystemTime=\"2019-02-16 10:06:02.311325\"/><Channel>Microsoft-Windows-Sysmon/Operational</Channel><Computer>PC01.example.corp</Computer></System><EventData><Data Name=\"Guid\">{5770385f-c22a-43e0-bf4c-06f5698ffbd9}</Data><Data Name=\"Keywords\">0x8000000000000000</Data><Data Name=\"Opcode\">0</Data><Data Name=\"ProcessID\">1728</Data><Data Name=\"ProcessId\">952</Data><Data Name=\"UserID\">S-1-5-18</Data><Data Name=\"Version\">5</Data><Data Name=\"Protocol\">tcp</Data><Data Name=\"SourcePort\">49188</Data><Data Name=\"DestinationHostname\">PC02</Data><Data Name=\"DestinationIp\">10.0.2.18</Data><Data Name=\"DestinationIsIpv6\">False</Data><Data Name=\"DestinationPort\">5357</Data><Data Name=\"DestinationPortName\">wsd</Data><Data Name=\"Image\">C:\\Windows\\System32\\svchost.exe</Data><Data Name=\"Initiated\">True</Data><Data Name=\"ProcessGuid\">{365abb72-d692-5c67-0000-0010fcc10000}</Data><Data Name=\"SourceHostname\">PC01.example.corp</Data><Data Name=\"SourceIp\">10.0.2.17</Data><Data Name=\"SourceIsIpv6\">False</Data><Data Name=\"User\">NT AUTHORITY\\LOCAL SERVICE</Data><Data Name=\"UtcTime\">2019-02-16 10:06:00.653</Data></EventData></Event>", "source_id": "WINEVT-ATTACK", "mitre_tactic": "Command and Control", "evtx_file": "DE_sysmon-3-rdp-tun.evtx"}
