{"raw": "<Event xmlns=\"http://schemas.microsoft.com/win/2004/08/events/event\"><System><Provider Name=\"Microsoft-Windows-Sysmon\"/><EventID>1</EventID><Level>4</Level><Task>1</Task><TimeCreated SystemTime=\"2020-03-21 05:00:18.007677\"/><Channel>Microsoft-Windows-Sysmon/Operational</Channel><Computer>MSEDGEWIN10</Computer></System><EventData><Data Name=\"Guid\">{5770385f-c22a-43e0-bf4c-06f5698ffbd9}</Data><Data Name=\"Keywords\">0x8000000000000000</Data><Data Name=\"LogonGuid\">{747f3d96-9dba-5e75-0000-0020e7030000}</Data><Data Name=\"Opcode\">0</Data><Data Name=\"ProcessID\">2860</Data><Data Name=\"ProcessId\">7124</Data><Data Name=\"UserID\">S-1-5-18</Data><Data Name=\"Version\">5</Data><Data Name=\"CommandLine\">rundll32 windowscoredeviceinfo.dll,CreateBackdoor</Data><Data Name=\"Company\">Microsoft Corporation</Data><Data Name=\"CurrentDirectory\">C:\\Windows\\system32\\</Data><Data Name=\"Description\">Windows host process (Rundll32)</Data><Data Name=\"FileVersion\">10.0.17763.1 (WinBuild.160101.0800)</Data><Data Name=\"Hashes\">SHA1=F3BA3415DD068A8871F285570BEA2E29874CBFF1,MD5=C73BA51880F5A7FB20C84185A23212EF,SHA256=01B407AF0200B66A34D9B1FA6D9EAAB758EFA36A36BB99B554384F59F8690B1A,IMPHASH=F27A7FC3A53E74F45BE370131953896A</Data><Data Name=\"Image\">C:\\Windows\\System32\\rundll32.exe</Data><Data Name=\"IntegrityLevel\">System</Data><Data Name=\"LogonId\">0x00000000000003e7</Data><Data Name=\"ParentCommandLine\">C:\\Windows\\system32\\svchost.exe -k netsvcs -p -s wuauserv</Data><Data Name=\"ParentImage\">C:\\Windows\\System32\\svchost.exe</Data><Data Name=\"ParentProcessGuid\">{747f3d96-9dbc-5e75-0000-00102c390100}</Data><Data Name=\"ParentProcessId\">1652</Data><Data Name=\"ProcessGuid\">{747f3d96-9f61-5e75-0000-00103d6f1e00}</Data><Data Name=\"Product\">Microsoft\u00ae Windows\u00ae Operating System</Data><Data Name=\"TerminalSessionId\">0</Data><Data Name=\"User\">NT AUTHORITY\\SYSTEM</Data><Data Name=\"UtcTime\">2020-03-21 05:00:17.533</Data><Data Name=\"OriginalFileName\">RUNDLL32.EXE</Data></EventData></Event>", "source_id": "WINEVT-ATTACK", "mitre_tactic": "Defense Evasion", "evtx_file": "Sysmon 7  Update Session Orchestrator Dll Hijack.evtx"}
{"raw": "<Event xmlns=\"http://schemas.microsoft.com/win/2004/08/events/event\"><System><Provider Name=\"Microsoft-Windows-Sysmon\"/><EventID>7</EventID><Level>4</Level><Task>7</Task><TimeCreated SystemTime=\"2020-03-21 05:00:18.011501\"/><Channel>Microsoft-Windows-Sysmon/Operational</Channel><Computer>MSEDGEWIN10</Computer></System><EventData><Data Name=\"Guid\">{5770385f-c22a-43e0-bf4c-06f5698ffbd9}</Data><Data Name=\"Keywords\">0x8000000000000000</Data><Data Name=\"Opcode\">0</Data><Data Name=\"ProcessID\">2860</Data><Data Name=\"ProcessId\">6620</Data><Data Name=\"UserID\">S-1-5-18</Data><Data Name=\"Version\">3</Data><Data Name=\"Company\">?</Data><Data Name=\"Description\">?</Data><Data Name=\"FileVersion\">?</Data><Data Name=\"Hashes\">SHA1=4B4F372F74C0048CDD66704BB06BD11A842DF6AE,MD5=BA646D4D090C43EF8F15CA7B468EE25C,SHA256=9DB9D7A8AFD33E3E1936FC591A3ADD3FD720E5E7192E3F27CF7382D2D0411647,IMPHASH=B9A5E3913C4BB505322E605D469C70B6</Data><Data Name=\"Image\">C:\\Windows\\System32\\rundll32.exe</Data><Data Name=\"ImageLoaded\">C:\\Windows\\System32\\WindowsCoreDeviceInfo.dll</Data><Data Name=\"ProcessGuid\">{747f3d96-9f61-5e75-0000-00109b6c1e00}</Data><Data Name=\"Product\">?</Data><Data Name=\"RuleName\">DLL Hijack - Update Session Orchestrator svc</Data><Data Name=\"SignatureStatus\">Unavailable</Data><Data Name=\"Signed\">false</Data><Data Name=\"UtcTime\">2020-03-21 05:00:17.535</Data><Data Name=\"OriginalFileName\">?</Data></EventData></Event>", "source_id": "WINEVT-ATTACK", "mitre_tactic": "Defense Evasion", "evtx_file": "Sysmon 7  Update Session Orchestrator Dll Hijack.evtx"}
{"raw": "<Event xmlns=\"http://schemas.microsoft.com/win/2004/08/events/event\"><System><Provider Name=\"Microsoft-Windows-Sysmon\"/><EventID>7</EventID><Level>4</Level><Task>7</Task><TimeCreated SystemTime=\"2020-03-21 05:00:18.011986\"/><Channel>Microsoft-Windows-Sysmon/Operational</Channel><Computer>MSEDGEWIN10</Computer></System><EventData><Data Name=\"Guid\">{5770385f-c22a-43e0-bf4c-06f5698ffbd9}</Data><Data Name=\"Keywords\">0x8000000000000000</Data><Data Name=\"Opcode\">0</Data><Data Name=\"ProcessID\">2860</Data><Data Name=\"ProcessId\">1652</Data><Data Name=\"UserID\">S-1-5-18</Data><Data Name=\"Version\">3</Data><Data Name=\"Company\">?</Data><Data Name=\"Description\">?</Data><Data Name=\"FileVersion\">?</Data><Data Name=\"Hashes\">SHA1=4B4F372F74C0048CDD66704BB06BD11A842DF6AE,MD5=BA646D4D090C43EF8F15CA7B468EE25C,SHA256=9DB9D7A8AFD33E3E1936FC591A3ADD3FD720E5E7192E3F27CF7382D2D0411647,IMPHASH=B9A5E3913C4BB505322E605D469C70B6</Data><Data Name=\"Image\">C:\\Windows\\System32\\svchost.exe</Data><Data Name=\"ImageLoaded\">C:\\Windows\\System32\\WindowsCoreDeviceInfo.dll</Data><Data Name=\"ProcessGuid\">{747f3d96-9dbc-5e75-0000-00102c390100}</Data><Data Name=\"Product\">?</Data><Data Name=\"RuleName\">DLL Hijack - Update Session Orchestrator svc</Data><Data Name=\"SignatureStatus\">Unavailable</Data><Data Name=\"Signed\">false</Data><Data Name=\"UtcTime\">2020-03-21 05:00:17.535</Data><Data Name=\"OriginalFileName\">?</Data></EventData></Event>", "source_id": "WINEVT-ATTACK", "mitre_tactic": "Defense Evasion", "evtx_file": "Sysmon 7  Update Session Orchestrator Dll Hijack.evtx"}
{"raw": "<Event xmlns=\"http://schemas.microsoft.com/win/2004/08/events/event\"><System><Provider Name=\"Microsoft-Windows-Sysmon\"/><EventID>1</EventID><Level>4</Level><Task>1</Task><TimeCreated SystemTime=\"2020-03-21 05:00:18.014591\"/><Channel>Microsoft-Windows-Sysmon/Operational</Channel><Computer>MSEDGEWIN10</Computer></System><EventData><Data Name=\"Guid\">{5770385f-c22a-43e0-bf4c-06f5698ffbd9}</Data><Data Name=\"Keywords\">0x8000000000000000</Data><Data Name=\"LogonGuid\">{747f3d96-9dba-5e75-0000-0020e7030000}</Data><Data Name=\"Opcode\">0</Data><Data Name=\"ProcessID\">2860</Data><Data Name=\"ProcessId\">7380</Data><Data Name=\"UserID\">S-1-5-18</Data><Data Name=\"Version\">5</Data><Data Name=\"CommandLine\">rundll32 windowscoredeviceinfo.dll,CreateBackdoor</Data><Data Name=\"Company\">Microsoft Corporation</Data><Data Name=\"CurrentDirectory\">C:\\Windows\\system32\\</Data><Data Name=\"Description\">Windows host process (Rundll32)</Data><Data Name=\"FileVersion\">10.0.17763.1 (WinBuild.160101.0800)</Data><Data Name=\"Hashes\">SHA1=F3BA3415DD068A8871F285570BEA2E29874CBFF1,MD5=C73BA51880F5A7FB20C84185A23212EF,SHA256=01B407AF0200B66A34D9B1FA6D9EAAB758EFA36A36BB99B554384F59F8690B1A,IMPHASH=F27A7FC3A53E74F45BE370131953896A</Data><Data Name=\"Image\">C:\\Windows\\System32\\rundll32.exe</Data><Data Name=\"IntegrityLevel\">System</Data><Data Name=\"LogonId\">0x00000000000003e7</Data><Data Name=\"ParentCommandLine\">C:\\Windows\\system32\\svchost.exe -k netsvcs -p -s wuauserv</Data><Data Name=\"ParentImage\">C:\\Windows\\System32\\svchost.exe</Data><Data Name=\"ParentProcessGuid\">{747f3d96-9dbc-5e75-0000-00102c390100}</Data><Data Name=\"ParentProcessId\">1652</Data><Data Name=\"ProcessGuid\">{747f3d96-9f61-5e75-0000-001056711e00}</Data><Data Name=\"Product\">Microsoft\u00ae Windows\u00ae Operating System</Data><Data Name=\"TerminalSessionId\">0</Data><Data Name=\"User\">NT AUTHORITY\\SYSTEM</Data><Data Name=\"UtcTime\">2020-03-21 05:00:17.544</Data><Data Name=\"OriginalFileName\">RUNDLL32.EXE</Data></EventData></Event>", "source_id": "WINEVT-ATTACK", "mitre_tactic": "Defense Evasion", "evtx_file": "Sysmon 7  Update Session Orchestrator Dll Hijack.evtx"}
{"raw": "<Event xmlns=\"http://schemas.microsoft.com/win/2004/08/events/event\"><System><Provider Name=\"Microsoft-Windows-Sysmon\"/><EventID>7</EventID><Level>4</Level><Task>7</Task><TimeCreated SystemTime=\"2020-03-21 05:00:18.018450\"/><Channel>Microsoft-Windows-Sysmon/Operational</Channel><Computer>MSEDGEWIN10</Computer></System><EventData><Data Name=\"Guid\">{5770385f-c22a-43e0-bf4c-06f5698ffbd9}</Data><Data Name=\"Keywords\">0x8000000000000000</Data><Data Name=\"Opcode\">0</Data><Data Name=\"ProcessID\">2860</Data><Data Name=\"ProcessId\">7124</Data><Data Name=\"UserID\">S-1-5-18</Data><Data Name=\"Version\">3</Data><Data Name=\"Company\">?</Data><Data Name=\"Description\">?</Data><Data Name=\"FileVersion\">?</Data><Data Name=\"Hashes\">SHA1=4B4F372F74C0048CDD66704BB06BD11A842DF6AE,MD5=BA646D4D090C43EF8F15CA7B468EE25C,SHA256=9DB9D7A8AFD33E3E1936FC591A3ADD3FD720E5E7192E3F27CF7382D2D0411647,IMPHASH=B9A5E3913C4BB505322E605D469C70B6</Data><Data Name=\"Image\">C:\\Windows\\System32\\rundll32.exe</Data><Data Name=\"ImageLoaded\">C:\\Windows\\System32\\WindowsCoreDeviceInfo.dll</Data><Data Name=\"ProcessGuid\">{747f3d96-9f61-5e75-0000-00103d6f1e00}</Data><Data Name=\"Product\">?</Data><Data Name=\"RuleName\">DLL Hijack - Update Session Orchestrator svc</Data><Data Name=\"SignatureStatus\">Unavailable</Data><Data Name=\"Signed\">false</Data><Data Name=\"UtcTime\">2020-03-21 05:00:17.551</Data><Data Name=\"OriginalFileName\">?</Data></EventData></Event>", "source_id": "WINEVT-ATTACK", "mitre_tactic": "Defense Evasion", "evtx_file": "Sysmon 7  Update Session Orchestrator Dll Hijack.evtx"}
{"raw": "<Event xmlns=\"http://schemas.microsoft.com/win/2004/08/events/event\"><System><Provider Name=\"Microsoft-Windows-Sysmon\"/><EventID>7</EventID><Level>4</Level><Task>7</Task><TimeCreated SystemTime=\"2020-03-21 05:00:18.024261\"/><Channel>Microsoft-Windows-Sysmon/Operational</Channel><Computer>MSEDGEWIN10</Computer></System><EventData><Data Name=\"Guid\">{5770385f-c22a-43e0-bf4c-06f5698ffbd9}</Data><Data Name=\"Keywords\">0x8000000000000000</Data><Data Name=\"Opcode\">0</Data><Data Name=\"ProcessID\">2860</Data><Data Name=\"ProcessId\">7380</Data><Data Name=\"UserID\">S-1-5-18</Data><Data Name=\"Version\">3</Data><Data Name=\"Company\">?</Data><Data Name=\"Description\">?</Data><Data Name=\"FileVersion\">?</Data><Data Name=\"Hashes\">SHA1=4B4F372F74C0048CDD66704BB06BD11A842DF6AE,MD5=BA646D4D090C43EF8F15CA7B468EE25C,SHA256=9DB9D7A8AFD33E3E1936FC591A3ADD3FD720E5E7192E3F27CF7382D2D0411647,IMPHASH=B9A5E3913C4BB505322E605D469C70B6</Data><Data Name=\"Image\">C:\\Windows\\System32\\rundll32.exe</Data><Data Name=\"ImageLoaded\">C:\\Windows\\System32\\WindowsCoreDeviceInfo.dll</Data><Data Name=\"ProcessGuid\">{747f3d96-9f61-5e75-0000-001056711e00}</Data><Data Name=\"Product\">?</Data><Data Name=\"RuleName\">DLL Hijack - Update Session Orchestrator svc</Data><Data Name=\"SignatureStatus\">Unavailable</Data><Data Name=\"Signed\">false</Data><Data Name=\"UtcTime\">2020-03-21 05:00:17.567</Data><Data Name=\"OriginalFileName\">?</Data></EventData></Event>", "source_id": "WINEVT-ATTACK", "mitre_tactic": "Defense Evasion", "evtx_file": "Sysmon 7  Update Session Orchestrator Dll Hijack.evtx"}
{"raw": "<Event xmlns=\"http://schemas.microsoft.com/win/2004/08/events/event\"><System><Provider Name=\"Microsoft-Windows-Sysmon\"/><EventID>7</EventID><Level>4</Level><Task>7</Task><TimeCreated SystemTime=\"2020-03-21 05:00:18.042576\"/><Channel>Microsoft-Windows-Sysmon/Operational</Channel><Computer>MSEDGEWIN10</Computer></System><EventData><Data Name=\"Guid\">{5770385f-c22a-43e0-bf4c-06f5698ffbd9}</Data><Data Name=\"Keywords\">0x8000000000000000</Data><Data Name=\"Opcode\">0</Data><Data Name=\"ProcessID\">2860</Data><Data Name=\"ProcessId\">1652</Data><Data Name=\"UserID\">S-1-5-18</Data><Data Name=\"Version\">3</Data><Data Name=\"Company\">?</Data><Data Name=\"Description\">?</Data><Data Name=\"FileVersion\">?</Data><Data Name=\"Hashes\">SHA1=4B4F372F74C0048CDD66704BB06BD11A842DF6AE,MD5=BA646D4D090C43EF8F15CA7B468EE25C,SHA256=9DB9D7A8AFD33E3E1936FC591A3ADD3FD720E5E7192E3F27CF7382D2D0411647,IMPHASH=B9A5E3913C4BB505322E605D469C70B6</Data><Data Name=\"Image\">C:\\Windows\\System32\\svchost.exe</Data><Data Name=\"ImageLoaded\">C:\\Windows\\System32\\WindowsCoreDeviceInfo.dll</Data><Data Name=\"ProcessGuid\">{747f3d96-9dbc-5e75-0000-00102c390100}</Data><Data Name=\"Product\">?</Data><Data Name=\"RuleName\">DLL Hijack - Update Session Orchestrator svc</Data><Data Name=\"SignatureStatus\">Unavailable</Data><Data Name=\"Signed\">false</Data><Data Name=\"UtcTime\">2020-03-21 05:00:17.675</Data><Data Name=\"OriginalFileName\">?</Data></EventData></Event>", "source_id": "WINEVT-ATTACK", "mitre_tactic": "Defense Evasion", "evtx_file": "Sysmon 7  Update Session Orchestrator Dll Hijack.evtx"}
{"raw": "<Event xmlns=\"http://schemas.microsoft.com/win/2004/08/events/event\"><System><Provider Name=\"Microsoft-Windows-Sysmon\"/><EventID>1</EventID><Level>4</Level><Task>1</Task><TimeCreated SystemTime=\"2020-03-21 05:00:18.046160\"/><Channel>Microsoft-Windows-Sysmon/Operational</Channel><Computer>MSEDGEWIN10</Computer></System><EventData><Data Name=\"Guid\">{5770385f-c22a-43e0-bf4c-06f5698ffbd9}</Data><Data Name=\"Keywords\">0x8000000000000000</Data><Data Name=\"LogonGuid\">{747f3d96-9dba-5e75-0000-0020e7030000}</Data><Data Name=\"Opcode\">0</Data><Data Name=\"ProcessID\">2860</Data><Data Name=\"ProcessId\">8076</Data><Data Name=\"UserID\">S-1-5-18</Data><Data Name=\"Version\">5</Data><Data Name=\"CommandLine\">rundll32 windowscoredeviceinfo.dll,CreateBackdoor</Data><Data Name=\"Company\">Microsoft Corporation</Data><Data Name=\"CurrentDirectory\">C:\\Windows\\system32\\</Data><Data Name=\"Description\">Windows host process (Rundll32)</Data><Data Name=\"FileVersion\">10.0.17763.1 (WinBuild.160101.0800)</Data><Data Name=\"Hashes\">SHA1=F3BA3415DD068A8871F285570BEA2E29874CBFF1,MD5=C73BA51880F5A7FB20C84185A23212EF,SHA256=01B407AF0200B66A34D9B1FA6D9EAAB758EFA36A36BB99B554384F59F8690B1A,IMPHASH=F27A7FC3A53E74F45BE370131953896A</Data><Data Name=\"Image\">C:\\Windows\\System32\\rundll32.exe</Data><Data Name=\"IntegrityLevel\">System</Data><Data Name=\"LogonId\">0x00000000000003e7</Data><Data Name=\"ParentCommandLine\">C:\\Windows\\system32\\svchost.exe -k netsvcs -p -s wuauserv</Data><Data Name=\"ParentImage\">C:\\Windows\\System32\\svchost.exe</Data><Data Name=\"ParentProcessGuid\">{747f3d96-9dbc-5e75-0000-00102c390100}</Data><Data Name=\"ParentProcessId\">1652</Data><Data Name=\"ProcessGuid\">{747f3d96-9f61-5e75-0000-001059841e00}</Data><Data Name=\"Product\">Microsoft\u00ae Windows\u00ae Operating System</Data><Data Name=\"TerminalSessionId\">0</Data><Data Name=\"User\">NT AUTHORITY\\SYSTEM</Data><Data Name=\"UtcTime\">2020-03-21 05:00:17.682</Data><Data Name=\"OriginalFileName\">RUNDLL32.EXE</Data></EventData></Event>", "source_id": "WINEVT-ATTACK", "mitre_tactic": "Defense Evasion", "evtx_file": "Sysmon 7  Update Session Orchestrator Dll Hijack.evtx"}
{"raw": "<Event xmlns=\"http://schemas.microsoft.com/win/2004/08/events/event\"><System><Provider Name=\"Microsoft-Windows-Sysmon\"/><EventID>7</EventID><Level>4</Level><Task>7</Task><TimeCreated SystemTime=\"2020-03-21 05:00:18.050631\"/><Channel>Microsoft-Windows-Sysmon/Operational</Channel><Computer>MSEDGEWIN10</Computer></System><EventData><Data Name=\"Guid\">{5770385f-c22a-43e0-bf4c-06f5698ffbd9}</Data><Data Name=\"Keywords\">0x8000000000000000</Data><Data Name=\"Opcode\">0</Data><Data Name=\"ProcessID\">2860</Data><Data Name=\"ProcessId\">8076</Data><Data Name=\"UserID\">S-1-5-18</Data><Data Name=\"Version\">3</Data><Data Name=\"Company\">?</Data><Data Name=\"Description\">?</Data><Data Name=\"FileVersion\">?</Data><Data Name=\"Hashes\">SHA1=4B4F372F74C0048CDD66704BB06BD11A842DF6AE,MD5=BA646D4D090C43EF8F15CA7B468EE25C,SHA256=9DB9D7A8AFD33E3E1936FC591A3ADD3FD720E5E7192E3F27CF7382D2D0411647,IMPHASH=B9A5E3913C4BB505322E605D469C70B6</Data><Data Name=\"Image\">C:\\Windows\\System32\\rundll32.exe</Data><Data Name=\"ImageLoaded\">C:\\Windows\\System32\\WindowsCoreDeviceInfo.dll</Data><Data Name=\"ProcessGuid\">{747f3d96-9f61-5e75-0000-001059841e00}</Data><Data Name=\"Product\">?</Data><Data Name=\"RuleName\">DLL Hijack - Update Session Orchestrator svc</Data><Data Name=\"SignatureStatus\">Unavailable</Data><Data Name=\"Signed\">false</Data><Data Name=\"UtcTime\">2020-03-21 05:00:17.691</Data><Data Name=\"OriginalFileName\">?</Data></EventData></Event>", "source_id": "WINEVT-ATTACK", "mitre_tactic": "Defense Evasion", "evtx_file": "Sysmon 7  Update Session Orchestrator Dll Hijack.evtx"}
{"raw": "<Event xmlns=\"http://schemas.microsoft.com/win/2004/08/events/event\"><System><Provider Name=\"Microsoft-Windows-Sysmon\"/><EventID>7</EventID><Level>4</Level><Task>7</Task><TimeCreated SystemTime=\"2020-03-21 05:00:19.873720\"/><Channel>Microsoft-Windows-Sysmon/Operational</Channel><Computer>MSEDGEWIN10</Computer></System><EventData><Data Name=\"Guid\">{5770385f-c22a-43e0-bf4c-06f5698ffbd9}</Data><Data Name=\"Keywords\">0x8000000000000000</Data><Data Name=\"Opcode\">0</Data><Data Name=\"ProcessID\">2860</Data><Data Name=\"ProcessId\">6420</Data><Data Name=\"UserID\">S-1-5-18</Data><Data Name=\"Version\">3</Data><Data Name=\"Company\">Microsoft Corporation</Data><Data Name=\"Description\">Windows Image Helper</Data><Data Name=\"FileVersion\">10.0.17763.1 (WinBuild.160101.0800)</Data><Data Name=\"Hashes\">SHA1=8B5BC2EAA00C530DF0FF139635E428FA4C5D7AA8,MD5=B0A68C5BB8D5493F1AF967F0FDD80382,SHA256=2CF0972DC8A67D863AD1A6205B66C80865ACC11F7E3F67B4A76C162655EE0FEE,IMPHASH=AB902346D2BD8706EE70C87E00136BAC</Data><Data Name=\"Image\">C:\\Windows\\WinSxS\\amd64_microsoft-windows-servicingstack_31bf3856ad364e35_10.0.17763.1090_none_5715d73398f9ea47\\TiWorker.exe</Data><Data Name=\"ImageLoaded\">C:\\Windows\\System32\\dbghelp.dll</Data><Data Name=\"ProcessGuid\">{747f3d96-9f63-5e75-0000-0010bcd01f00}</Data><Data Name=\"Product\">Microsoft\u00ae Windows\u00ae Operating System</Data><Data Name=\"RuleName\">Suspicious ImageLoad - Possible Memdump</Data><Data Name=\"Signature\">Microsoft Windows</Data><Data Name=\"SignatureStatus\">Valid</Data><Data Name=\"Signed\">true</Data><Data Name=\"UtcTime\">2020-03-21 05:00:19.863</Data><Data Name=\"OriginalFileName\">DBGHELP.DLL</Data></EventData></Event>", "source_id": "WINEVT-ATTACK", "mitre_tactic": "Defense Evasion", "evtx_file": "Sysmon 7  Update Session Orchestrator Dll Hijack.evtx"}
{"raw": "<Event xmlns=\"http://schemas.microsoft.com/win/2004/08/events/event\"><System><Provider Name=\"Microsoft-Windows-Sysmon\"/><EventID>7</EventID><Level>4</Level><Task>7</Task><TimeCreated SystemTime=\"2020-03-21 05:00:19.877682\"/><Channel>Microsoft-Windows-Sysmon/Operational</Channel><Computer>MSEDGEWIN10</Computer></System><EventData><Data Name=\"Guid\">{5770385f-c22a-43e0-bf4c-06f5698ffbd9}</Data><Data Name=\"Keywords\">0x8000000000000000</Data><Data Name=\"Opcode\">0</Data><Data Name=\"ProcessID\">2860</Data><Data Name=\"ProcessId\">6420</Data><Data Name=\"UserID\">S-1-5-18</Data><Data Name=\"Version\">3</Data><Data Name=\"Company\">Microsoft Corporation</Data><Data Name=\"Description\">Windows Core Debugging Helpers</Data><Data Name=\"FileVersion\">10.0.17763.1 (WinBuild.160101.0800)</Data><Data Name=\"Hashes\">SHA1=E3FA87C983008D4D2A5D31708415F88548FC7702,MD5=88E88D8C1C663769BDD722000A7EB5A7,SHA256=C84BECA73EA45D3C53D9C42CD6A37CC0CC07FF57D9CFEE113CDF70F640572AEF,IMPHASH=9D75F08EA29885182B136CE4FF854114</Data><Data Name=\"Image\">C:\\Windows\\WinSxS\\amd64_microsoft-windows-servicingstack_31bf3856ad364e35_10.0.17763.1090_none_5715d73398f9ea47\\TiWorker.exe</Data><Data Name=\"ImageLoaded\">C:\\Windows\\System32\\dbgcore.dll</Data><Data Name=\"ProcessGuid\">{747f3d96-9f63-5e75-0000-0010bcd01f00}</Data><Data Name=\"Product\">Microsoft\u00ae Windows\u00ae Operating System</Data><Data Name=\"RuleName\">Suspicious ImageLoad - Possible Memdump</Data><Data Name=\"Signature\">Microsoft Windows</Data><Data Name=\"SignatureStatus\">Valid</Data><Data Name=\"Signed\">true</Data><Data Name=\"UtcTime\">2020-03-21 05:00:19.876</Data><Data Name=\"OriginalFileName\">DBGCORE.DLL</Data></EventData></Event>", "source_id": "WINEVT-ATTACK", "mitre_tactic": "Defense Evasion", "evtx_file": "Sysmon 7  Update Session Orchestrator Dll Hijack.evtx"}
{"raw": "<Event xmlns=\"http://schemas.microsoft.com/win/2004/08/events/event\"><System><Provider Name=\"Microsoft-Windows-Sysmon\"/><EventID>7</EventID><Level>4</Level><Task>7</Task><TimeCreated SystemTime=\"2020-03-21 05:00:25.187038\"/><Channel>Microsoft-Windows-Sysmon/Operational</Channel><Computer>MSEDGEWIN10</Computer></System><EventData><Data Name=\"Guid\">{5770385f-c22a-43e0-bf4c-06f5698ffbd9}</Data><Data Name=\"Keywords\">0x8000000000000000</Data><Data Name=\"Opcode\">0</Data><Data Name=\"ProcessID\">2860</Data><Data Name=\"ProcessId\">1652</Data><Data Name=\"UserID\">S-1-5-18</Data><Data Name=\"Version\">3</Data><Data Name=\"Company\">?</Data><Data Name=\"Description\">?</Data><Data Name=\"FileVersion\">?</Data><Data Name=\"Hashes\">SHA1=4B4F372F74C0048CDD66704BB06BD11A842DF6AE,MD5=BA646D4D090C43EF8F15CA7B468EE25C,SHA256=9DB9D7A8AFD33E3E1936FC591A3ADD3FD720E5E7192E3F27CF7382D2D0411647,IMPHASH=B9A5E3913C4BB505322E605D469C70B6</Data><Data Name=\"Image\">C:\\Windows\\System32\\svchost.exe</Data><Data Name=\"ImageLoaded\">C:\\Windows\\System32\\WindowsCoreDeviceInfo.dll</Data><Data Name=\"ProcessGuid\">{747f3d96-9dbc-5e75-0000-00102c390100}</Data><Data Name=\"Product\">?</Data><Data Name=\"RuleName\">DLL Hijack - Update Session Orchestrator svc</Data><Data Name=\"SignatureStatus\">Unavailable</Data><Data Name=\"Signed\">false</Data><Data Name=\"UtcTime\">2020-03-21 05:00:24.972</Data><Data Name=\"OriginalFileName\">?</Data></EventData></Event>", "source_id": "WINEVT-ATTACK", "mitre_tactic": "Defense Evasion", "evtx_file": "Sysmon 7  Update Session Orchestrator Dll Hijack.evtx"}
{"raw": "<Event xmlns=\"http://schemas.microsoft.com/win/2004/08/events/event\"><System><Provider Name=\"Microsoft-Windows-Sysmon\"/><EventID>1</EventID><Level>4</Level><Task>1</Task><TimeCreated SystemTime=\"2020-03-21 05:00:25.189135\"/><Channel>Microsoft-Windows-Sysmon/Operational</Channel><Computer>MSEDGEWIN10</Computer></System><EventData><Data Name=\"Guid\">{5770385f-c22a-43e0-bf4c-06f5698ffbd9}</Data><Data Name=\"Keywords\">0x8000000000000000</Data><Data Name=\"LogonGuid\">{747f3d96-9dba-5e75-0000-0020e7030000}</Data><Data Name=\"Opcode\">0</Data><Data Name=\"ProcessID\">2860</Data><Data Name=\"ProcessId\">3300</Data><Data Name=\"UserID\">S-1-5-18</Data><Data Name=\"Version\">5</Data><Data Name=\"CommandLine\">rundll32 windowscoredeviceinfo.dll,CreateBackdoor</Data><Data Name=\"Company\">Microsoft Corporation</Data><Data Name=\"CurrentDirectory\">C:\\Windows\\system32\\</Data><Data Name=\"Description\">Windows host process (Rundll32)</Data><Data Name=\"FileVersion\">10.0.17763.1 (WinBuild.160101.0800)</Data><Data Name=\"Hashes\">SHA1=F3BA3415DD068A8871F285570BEA2E29874CBFF1,MD5=C73BA51880F5A7FB20C84185A23212EF,SHA256=01B407AF0200B66A34D9B1FA6D9EAAB758EFA36A36BB99B554384F59F8690B1A,IMPHASH=F27A7FC3A53E74F45BE370131953896A</Data><Data Name=\"Image\">C:\\Windows\\System32\\rundll32.exe</Data><Data Name=\"IntegrityLevel\">System</Data><Data Name=\"LogonId\">0x00000000000003e7</Data><Data Name=\"ParentCommandLine\">C:\\Windows\\system32\\svchost.exe -k netsvcs -p -s wuauserv</Data><Data Name=\"ParentImage\">C:\\Windows\\System32\\svchost.exe</Data><Data Name=\"ParentProcessGuid\">{747f3d96-9dbc-5e75-0000-00102c390100}</Data><Data Name=\"ParentProcessId\">1652</Data><Data Name=\"ProcessGuid\">{747f3d96-9f68-5e75-0000-001079652000}</Data><Data Name=\"Product\">Microsoft\u00ae Windows\u00ae Operating System</Data><Data Name=\"TerminalSessionId\">0</Data><Data Name=\"User\">NT AUTHORITY\\SYSTEM</Data><Data Name=\"UtcTime\">2020-03-21 05:00:24.985</Data><Data Name=\"OriginalFileName\">RUNDLL32.EXE</Data></EventData></Event>", "source_id": "WINEVT-ATTACK", "mitre_tactic": "Defense Evasion", "evtx_file": "Sysmon 7  Update Session Orchestrator Dll Hijack.evtx"}
{"raw": "<Event xmlns=\"http://schemas.microsoft.com/win/2004/08/events/event\"><System><Provider Name=\"Microsoft-Windows-Sysmon\"/><EventID>7</EventID><Level>4</Level><Task>7</Task><TimeCreated SystemTime=\"2020-03-21 05:00:25.192553\"/><Channel>Microsoft-Windows-Sysmon/Operational</Channel><Computer>MSEDGEWIN10</Computer></System><EventData><Data Name=\"Guid\">{5770385f-c22a-43e0-bf4c-06f5698ffbd9}</Data><Data Name=\"Keywords\">0x8000000000000000</Data><Data Name=\"Opcode\">0</Data><Data Name=\"ProcessID\">2860</Data><Data Name=\"ProcessId\">1652</Data><Data Name=\"UserID\">S-1-5-18</Data><Data Name=\"Version\">3</Data><Data Name=\"Company\">?</Data><Data Name=\"Description\">?</Data><Data Name=\"FileVersion\">?</Data><Data Name=\"Hashes\">SHA1=4B4F372F74C0048CDD66704BB06BD11A842DF6AE,MD5=BA646D4D090C43EF8F15CA7B468EE25C,SHA256=9DB9D7A8AFD33E3E1936FC591A3ADD3FD720E5E7192E3F27CF7382D2D0411647,IMPHASH=B9A5E3913C4BB505322E605D469C70B6</Data><Data Name=\"Image\">C:\\Windows\\System32\\svchost.exe</Data><Data Name=\"ImageLoaded\">C:\\Windows\\System32\\WindowsCoreDeviceInfo.dll</Data><Data Name=\"ProcessGuid\">{747f3d96-9dbc-5e75-0000-00102c390100}</Data><Data Name=\"Product\">?</Data><Data Name=\"RuleName\">DLL Hijack - Update Session Orchestrator svc</Data><Data Name=\"SignatureStatus\">Unavailable</Data><Data Name=\"Signed\">false</Data><Data Name=\"UtcTime\">2020-03-21 05:00:24.991</Data><Data Name=\"OriginalFileName\">?</Data></EventData></Event>", "source_id": "WINEVT-ATTACK", "mitre_tactic": "Defense Evasion", "evtx_file": "Sysmon 7  Update Session Orchestrator Dll Hijack.evtx"}
{"raw": "<Event xmlns=\"http://schemas.microsoft.com/win/2004/08/events/event\"><System><Provider Name=\"Microsoft-Windows-Sysmon\"/><EventID>1</EventID><Level>4</Level><Task>1</Task><TimeCreated SystemTime=\"2020-03-21 05:00:25.195377\"/><Channel>Microsoft-Windows-Sysmon/Operational</Channel><Computer>MSEDGEWIN10</Computer></System><EventData><Data Name=\"Guid\">{5770385f-c22a-43e0-bf4c-06f5698ffbd9}</Data><Data Name=\"Keywords\">0x8000000000000000</Data><Data Name=\"LogonGuid\">{747f3d96-9dba-5e75-0000-0020e7030000}</Data><Data Name=\"Opcode\">0</Data><Data Name=\"ProcessID\">2860</Data><Data Name=\"ProcessId\">7420</Data><Data Name=\"UserID\">S-1-5-18</Data><Data Name=\"Version\">5</Data><Data Name=\"CommandLine\">rundll32 windowscoredeviceinfo.dll,CreateBackdoor</Data><Data Name=\"Company\">Microsoft Corporation</Data><Data Name=\"CurrentDirectory\">C:\\Windows\\system32\\</Data><Data Name=\"Description\">Windows host process (Rundll32)</Data><Data Name=\"FileVersion\">10.0.17763.1 (WinBuild.160101.0800)</Data><Data Name=\"Hashes\">SHA1=F3BA3415DD068A8871F285570BEA2E29874CBFF1,MD5=C73BA51880F5A7FB20C84185A23212EF,SHA256=01B407AF0200B66A34D9B1FA6D9EAAB758EFA36A36BB99B554384F59F8690B1A,IMPHASH=F27A7FC3A53E74F45BE370131953896A</Data><Data Name=\"Image\">C:\\Windows\\System32\\rundll32.exe</Data><Data Name=\"IntegrityLevel\">System</Data><Data Name=\"LogonId\">0x00000000000003e7</Data><Data Name=\"ParentCommandLine\">C:\\Windows\\system32\\svchost.exe -k netsvcs -p -s wuauserv</Data><Data Name=\"ParentImage\">C:\\Windows\\System32\\svchost.exe</Data><Data Name=\"ParentProcessGuid\">{747f3d96-9dbc-5e75-0000-00102c390100}</Data><Data Name=\"ParentProcessId\">1652</Data><Data Name=\"ProcessGuid\">{747f3d96-9f68-5e75-0000-0010b9662000}</Data><Data Name=\"Product\">Microsoft\u00ae Windows\u00ae Operating System</Data><Data Name=\"TerminalSessionId\">0</Data><Data Name=\"User\">NT AUTHORITY\\SYSTEM</Data><Data Name=\"UtcTime\">2020-03-21 05:00:24.993</Data><Data Name=\"OriginalFileName\">RUNDLL32.EXE</Data></EventData></Event>", "source_id": "WINEVT-ATTACK", "mitre_tactic": "Defense Evasion", "evtx_file": "Sysmon 7  Update Session Orchestrator Dll Hijack.evtx"}
{"raw": "<Event xmlns=\"http://schemas.microsoft.com/win/2004/08/events/event\"><System><Provider Name=\"Microsoft-Windows-Sysmon\"/><EventID>7</EventID><Level>4</Level><Task>7</Task><TimeCreated SystemTime=\"2020-03-21 05:00:25.205210\"/><Channel>Microsoft-Windows-Sysmon/Operational</Channel><Computer>MSEDGEWIN10</Computer></System><EventData><Data Name=\"Guid\">{5770385f-c22a-43e0-bf4c-06f5698ffbd9}</Data><Data Name=\"Keywords\">0x8000000000000000</Data><Data Name=\"Opcode\">0</Data><Data Name=\"ProcessID\">2860</Data><Data Name=\"ProcessId\">3300</Data><Data Name=\"UserID\">S-1-5-18</Data><Data Name=\"Version\">3</Data><Data Name=\"Company\">?</Data><Data Name=\"Description\">?</Data><Data Name=\"FileVersion\">?</Data><Data Name=\"Hashes\">SHA1=4B4F372F74C0048CDD66704BB06BD11A842DF6AE,MD5=BA646D4D090C43EF8F15CA7B468EE25C,SHA256=9DB9D7A8AFD33E3E1936FC591A3ADD3FD720E5E7192E3F27CF7382D2D0411647,IMPHASH=B9A5E3913C4BB505322E605D469C70B6</Data><Data Name=\"Image\">C:\\Windows\\System32\\rundll32.exe</Data><Data Name=\"ImageLoaded\">C:\\Windows\\System32\\WindowsCoreDeviceInfo.dll</Data><Data Name=\"ProcessGuid\">{747f3d96-9f68-5e75-0000-001079652000}</Data><Data Name=\"Product\">?</Data><Data Name=\"RuleName\">DLL Hijack - Update Session Orchestrator svc</Data><Data Name=\"SignatureStatus\">Unavailable</Data><Data Name=\"Signed\">false</Data><Data Name=\"UtcTime\">2020-03-21 05:00:24.991</Data><Data Name=\"OriginalFileName\">?</Data></EventData></Event>", "source_id": "WINEVT-ATTACK", "mitre_tactic": "Defense Evasion", "evtx_file": "Sysmon 7  Update Session Orchestrator Dll Hijack.evtx"}
{"raw": "<Event xmlns=\"http://schemas.microsoft.com/win/2004/08/events/event\"><System><Provider Name=\"Microsoft-Windows-Sysmon\"/><EventID>7</EventID><Level>4</Level><Task>7</Task><TimeCreated SystemTime=\"2020-03-21 05:00:25.209503\"/><Channel>Microsoft-Windows-Sysmon/Operational</Channel><Computer>MSEDGEWIN10</Computer></System><EventData><Data Name=\"Guid\">{5770385f-c22a-43e0-bf4c-06f5698ffbd9}</Data><Data Name=\"Keywords\">0x8000000000000000</Data><Data Name=\"Opcode\">0</Data><Data Name=\"ProcessID\">2860</Data><Data Name=\"ProcessId\">7420</Data><Data Name=\"UserID\">S-1-5-18</Data><Data Name=\"Version\">3</Data><Data Name=\"Company\">?</Data><Data Name=\"Description\">?</Data><Data Name=\"FileVersion\">?</Data><Data Name=\"Hashes\">SHA1=4B4F372F74C0048CDD66704BB06BD11A842DF6AE,MD5=BA646D4D090C43EF8F15CA7B468EE25C,SHA256=9DB9D7A8AFD33E3E1936FC591A3ADD3FD720E5E7192E3F27CF7382D2D0411647,IMPHASH=B9A5E3913C4BB505322E605D469C70B6</Data><Data Name=\"Image\">C:\\Windows\\System32\\rundll32.exe</Data><Data Name=\"ImageLoaded\">C:\\Windows\\System32\\WindowsCoreDeviceInfo.dll</Data><Data Name=\"ProcessGuid\">{00000000-0000-0000-0000-000000000000}</Data><Data Name=\"Product\">?</Data><Data Name=\"RuleName\">DLL Hijack - Update Session Orchestrator svc</Data><Data Name=\"SignatureStatus\">Unavailable</Data><Data Name=\"Signed\">false</Data><Data Name=\"UtcTime\">2020-03-21 05:00:24.991</Data><Data Name=\"OriginalFileName\">?</Data></EventData></Event>", "source_id": "WINEVT-ATTACK", "mitre_tactic": "Defense Evasion", "evtx_file": "Sysmon 7  Update Session Orchestrator Dll Hijack.evtx"}
{"raw": "<Event xmlns=\"http://schemas.microsoft.com/win/2004/08/events/event\"><System><Provider Name=\"Microsoft-Windows-Sysmon\"/><EventID>7</EventID><Level>4</Level><Task>7</Task><TimeCreated SystemTime=\"2020-03-21 05:00:25.213516\"/><Channel>Microsoft-Windows-Sysmon/Operational</Channel><Computer>MSEDGEWIN10</Computer></System><EventData><Data Name=\"Guid\">{5770385f-c22a-43e0-bf4c-06f5698ffbd9}</Data><Data Name=\"Keywords\">0x8000000000000000</Data><Data Name=\"Opcode\">0</Data><Data Name=\"ProcessID\">2860</Data><Data Name=\"ProcessId\">1652</Data><Data Name=\"UserID\">S-1-5-18</Data><Data Name=\"Version\">3</Data><Data Name=\"Company\">?</Data><Data Name=\"Description\">?</Data><Data Name=\"FileVersion\">?</Data><Data Name=\"Hashes\">SHA1=4B4F372F74C0048CDD66704BB06BD11A842DF6AE,MD5=BA646D4D090C43EF8F15CA7B468EE25C,SHA256=9DB9D7A8AFD33E3E1936FC591A3ADD3FD720E5E7192E3F27CF7382D2D0411647,IMPHASH=B9A5E3913C4BB505322E605D469C70B6</Data><Data Name=\"Image\">C:\\Windows\\System32\\svchost.exe</Data><Data Name=\"ImageLoaded\">C:\\Windows\\System32\\WindowsCoreDeviceInfo.dll</Data><Data Name=\"ProcessGuid\">{747f3d96-9dbc-5e75-0000-00102c390100}</Data><Data Name=\"Product\">?</Data><Data Name=\"RuleName\">DLL Hijack - Update Session Orchestrator svc</Data><Data Name=\"SignatureStatus\">Unavailable</Data><Data Name=\"Signed\">false</Data><Data Name=\"UtcTime\">2020-03-21 05:00:25.008</Data><Data Name=\"OriginalFileName\">?</Data></EventData></Event>", "source_id": "WINEVT-ATTACK", "mitre_tactic": "Defense Evasion", "evtx_file": "Sysmon 7  Update Session Orchestrator Dll Hijack.evtx"}
{"raw": "<Event xmlns=\"http://schemas.microsoft.com/win/2004/08/events/event\"><System><Provider Name=\"Microsoft-Windows-Sysmon\"/><EventID>1</EventID><Level>4</Level><Task>1</Task><TimeCreated SystemTime=\"2020-03-21 05:00:25.215292\"/><Channel>Microsoft-Windows-Sysmon/Operational</Channel><Computer>MSEDGEWIN10</Computer></System><EventData><Data Name=\"Guid\">{5770385f-c22a-43e0-bf4c-06f5698ffbd9}</Data><Data Name=\"Keywords\">0x8000000000000000</Data><Data Name=\"LogonGuid\">{747f3d96-9dba-5e75-0000-0020e7030000}</Data><Data Name=\"Opcode\">0</Data><Data Name=\"ProcessID\">2860</Data><Data Name=\"ProcessId\">2536</Data><Data Name=\"UserID\">S-1-5-18</Data><Data Name=\"Version\">5</Data><Data Name=\"CommandLine\">rundll32 windowscoredeviceinfo.dll,CreateBackdoor</Data><Data Name=\"Company\">Microsoft Corporation</Data><Data Name=\"CurrentDirectory\">C:\\Windows\\system32\\</Data><Data Name=\"Description\">Windows host process (Rundll32)</Data><Data Name=\"FileVersion\">10.0.17763.1 (WinBuild.160101.0800)</Data><Data Name=\"Hashes\">SHA1=F3BA3415DD068A8871F285570BEA2E29874CBFF1,MD5=C73BA51880F5A7FB20C84185A23212EF,SHA256=01B407AF0200B66A34D9B1FA6D9EAAB758EFA36A36BB99B554384F59F8690B1A,IMPHASH=F27A7FC3A53E74F45BE370131953896A</Data><Data Name=\"Image\">C:\\Windows\\System32\\rundll32.exe</Data><Data Name=\"IntegrityLevel\">System</Data><Data Name=\"LogonId\">0x00000000000003e7</Data><Data Name=\"ParentCommandLine\">C:\\Windows\\system32\\svchost.exe -k netsvcs -p -s wuauserv</Data><Data Name=\"ParentImage\">C:\\Windows\\System32\\svchost.exe</Data><Data Name=\"ParentProcessGuid\">{747f3d96-9dbc-5e75-0000-00102c390100}</Data><Data Name=\"ParentProcessId\">1652</Data><Data Name=\"ProcessGuid\">{747f3d96-9f69-5e75-0000-00106f6a2000}</Data><Data Name=\"Product\">Microsoft\u00ae Windows\u00ae Operating System</Data><Data Name=\"TerminalSessionId\">0</Data><Data Name=\"User\">NT AUTHORITY\\SYSTEM</Data><Data Name=\"UtcTime\">2020-03-21 05:00:25.021</Data><Data Name=\"OriginalFileName\">RUNDLL32.EXE</Data></EventData></Event>", "source_id": "WINEVT-ATTACK", "mitre_tactic": "Defense Evasion", "evtx_file": "Sysmon 7  Update Session Orchestrator Dll Hijack.evtx"}
{"raw": "<Event xmlns=\"http://schemas.microsoft.com/win/2004/08/events/event\"><System><Provider Name=\"Microsoft-Windows-Sysmon\"/><EventID>7</EventID><Level>4</Level><Task>7</Task><TimeCreated SystemTime=\"2020-03-21 05:00:25.218210\"/><Channel>Microsoft-Windows-Sysmon/Operational</Channel><Computer>MSEDGEWIN10</Computer></System><EventData><Data Name=\"Guid\">{5770385f-c22a-43e0-bf4c-06f5698ffbd9}</Data><Data Name=\"Keywords\">0x8000000000000000</Data><Data Name=\"Opcode\">0</Data><Data Name=\"ProcessID\">2860</Data><Data Name=\"ProcessId\">1652</Data><Data Name=\"UserID\">S-1-5-18</Data><Data Name=\"Version\">3</Data><Data Name=\"Company\">?</Data><Data Name=\"Description\">?</Data><Data Name=\"FileVersion\">?</Data><Data Name=\"Hashes\">SHA1=4B4F372F74C0048CDD66704BB06BD11A842DF6AE,MD5=BA646D4D090C43EF8F15CA7B468EE25C,SHA256=9DB9D7A8AFD33E3E1936FC591A3ADD3FD720E5E7192E3F27CF7382D2D0411647,IMPHASH=B9A5E3913C4BB505322E605D469C70B6</Data><Data Name=\"Image\">C:\\Windows\\System32\\svchost.exe</Data><Data Name=\"ImageLoaded\">C:\\Windows\\System32\\WindowsCoreDeviceInfo.dll</Data><Data Name=\"ProcessGuid\">{747f3d96-9dbc-5e75-0000-00102c390100}</Data><Data Name=\"Product\">?</Data><Data Name=\"RuleName\">DLL Hijack - Update Session Orchestrator svc</Data><Data Name=\"SignatureStatus\">Unavailable</Data><Data Name=\"Signed\">false</Data><Data Name=\"UtcTime\">2020-03-21 05:00:25.024</Data><Data Name=\"OriginalFileName\">?</Data></EventData></Event>", "source_id": "WINEVT-ATTACK", "mitre_tactic": "Defense Evasion", "evtx_file": "Sysmon 7  Update Session Orchestrator Dll Hijack.evtx"}
{"raw": "<Event xmlns=\"http://schemas.microsoft.com/win/2004/08/events/event\"><System><Provider Name=\"Microsoft-Windows-Sysmon\"/><EventID>1</EventID><Level>4</Level><Task>1</Task><TimeCreated SystemTime=\"2020-03-21 05:00:25.221384\"/><Channel>Microsoft-Windows-Sysmon/Operational</Channel><Computer>MSEDGEWIN10</Computer></System><EventData><Data Name=\"Guid\">{5770385f-c22a-43e0-bf4c-06f5698ffbd9}</Data><Data Name=\"Keywords\">0x8000000000000000</Data><Data Name=\"LogonGuid\">{747f3d96-9dba-5e75-0000-0020e7030000}</Data><Data Name=\"Opcode\">0</Data><Data Name=\"ProcessID\">2860</Data><Data Name=\"ProcessId\">1828</Data><Data Name=\"UserID\">S-1-5-18</Data><Data Name=\"Version\">5</Data><Data Name=\"CommandLine\">rundll32 windowscoredeviceinfo.dll,CreateBackdoor</Data><Data Name=\"Company\">Microsoft Corporation</Data><Data Name=\"CurrentDirectory\">C:\\Windows\\system32\\</Data><Data Name=\"Description\">Windows host process (Rundll32)</Data><Data Name=\"FileVersion\">10.0.17763.1 (WinBuild.160101.0800)</Data><Data Name=\"Hashes\">SHA1=F3BA3415DD068A8871F285570BEA2E29874CBFF1,MD5=C73BA51880F5A7FB20C84185A23212EF,SHA256=01B407AF0200B66A34D9B1FA6D9EAAB758EFA36A36BB99B554384F59F8690B1A,IMPHASH=F27A7FC3A53E74F45BE370131953896A</Data><Data Name=\"Image\">C:\\Windows\\System32\\rundll32.exe</Data><Data Name=\"IntegrityLevel\">System</Data><Data Name=\"LogonId\">0x00000000000003e7</Data><Data Name=\"ParentCommandLine\">C:\\Windows\\system32\\svchost.exe -k netsvcs -p -s wuauserv</Data><Data Name=\"ParentImage\">C:\\Windows\\System32\\svchost.exe</Data><Data Name=\"ParentProcessGuid\">{747f3d96-9dbc-5e75-0000-00102c390100}</Data><Data Name=\"ParentProcessId\">1652</Data><Data Name=\"ProcessGuid\">{747f3d96-9f69-5e75-0000-0010946b2000}</Data><Data Name=\"Product\">Microsoft\u00ae Windows\u00ae Operating System</Data><Data Name=\"TerminalSessionId\">0</Data><Data Name=\"User\">NT AUTHORITY\\SYSTEM</Data><Data Name=\"UtcTime\">2020-03-21 05:00:25.029</Data><Data Name=\"OriginalFileName\">RUNDLL32.EXE</Data></EventData></Event>", "source_id": "WINEVT-ATTACK", "mitre_tactic": "Defense Evasion", "evtx_file": "Sysmon 7  Update Session Orchestrator Dll Hijack.evtx"}
{"raw": "<Event xmlns=\"http://schemas.microsoft.com/win/2004/08/events/event\"><System><Provider Name=\"Microsoft-Windows-Sysmon\"/><EventID>7</EventID><Level>4</Level><Task>7</Task><TimeCreated SystemTime=\"2020-03-21 05:00:25.224264\"/><Channel>Microsoft-Windows-Sysmon/Operational</Channel><Computer>MSEDGEWIN10</Computer></System><EventData><Data Name=\"Guid\">{5770385f-c22a-43e0-bf4c-06f5698ffbd9}</Data><Data Name=\"Keywords\">0x8000000000000000</Data><Data Name=\"Opcode\">0</Data><Data Name=\"ProcessID\">2860</Data><Data Name=\"ProcessId\">2536</Data><Data Name=\"UserID\">S-1-5-18</Data><Data Name=\"Version\">3</Data><Data Name=\"Company\">?</Data><Data Name=\"Description\">?</Data><Data Name=\"FileVersion\">?</Data><Data Name=\"Hashes\">SHA1=4B4F372F74C0048CDD66704BB06BD11A842DF6AE,MD5=BA646D4D090C43EF8F15CA7B468EE25C,SHA256=9DB9D7A8AFD33E3E1936FC591A3ADD3FD720E5E7192E3F27CF7382D2D0411647,IMPHASH=B9A5E3913C4BB505322E605D469C70B6</Data><Data Name=\"Image\">C:\\Windows\\System32\\rundll32.exe</Data><Data Name=\"ImageLoaded\">C:\\Windows\\System32\\WindowsCoreDeviceInfo.dll</Data><Data Name=\"ProcessGuid\">{747f3d96-9f69-5e75-0000-00106f6a2000}</Data><Data Name=\"Product\">?</Data><Data Name=\"RuleName\">DLL Hijack - Update Session Orchestrator svc</Data><Data Name=\"SignatureStatus\">Unavailable</Data><Data Name=\"Signed\">false</Data><Data Name=\"UtcTime\">2020-03-21 05:00:25.024</Data><Data Name=\"OriginalFileName\">?</Data></EventData></Event>", "source_id": "WINEVT-ATTACK", "mitre_tactic": "Defense Evasion", "evtx_file": "Sysmon 7  Update Session Orchestrator Dll Hijack.evtx"}
{"raw": "<Event xmlns=\"http://schemas.microsoft.com/win/2004/08/events/event\"><System><Provider Name=\"Microsoft-Windows-Sysmon\"/><EventID>7</EventID><Level>4</Level><Task>7</Task><TimeCreated SystemTime=\"2020-03-21 05:00:25.230114\"/><Channel>Microsoft-Windows-Sysmon/Operational</Channel><Computer>MSEDGEWIN10</Computer></System><EventData><Data Name=\"Guid\">{5770385f-c22a-43e0-bf4c-06f5698ffbd9}</Data><Data Name=\"Keywords\">0x8000000000000000</Data><Data Name=\"Opcode\">0</Data><Data Name=\"ProcessID\">2860</Data><Data Name=\"ProcessId\">1828</Data><Data Name=\"UserID\">S-1-5-18</Data><Data Name=\"Version\">3</Data><Data Name=\"Company\">?</Data><Data Name=\"Description\">?</Data><Data Name=\"FileVersion\">?</Data><Data Name=\"Hashes\">SHA1=4B4F372F74C0048CDD66704BB06BD11A842DF6AE,MD5=BA646D4D090C43EF8F15CA7B468EE25C,SHA256=9DB9D7A8AFD33E3E1936FC591A3ADD3FD720E5E7192E3F27CF7382D2D0411647,IMPHASH=B9A5E3913C4BB505322E605D469C70B6</Data><Data Name=\"Image\">C:\\Windows\\System32\\rundll32.exe</Data><Data Name=\"ImageLoaded\">C:\\Windows\\System32\\WindowsCoreDeviceInfo.dll</Data><Data Name=\"ProcessGuid\">{747f3d96-9f69-5e75-0000-0010946b2000}</Data><Data Name=\"Product\">?</Data><Data Name=\"RuleName\">DLL Hijack - Update Session Orchestrator svc</Data><Data Name=\"SignatureStatus\">Unavailable</Data><Data Name=\"Signed\">false</Data><Data Name=\"UtcTime\">2020-03-21 05:00:25.043</Data><Data Name=\"OriginalFileName\">?</Data></EventData></Event>", "source_id": "WINEVT-ATTACK", "mitre_tactic": "Defense Evasion", "evtx_file": "Sysmon 7  Update Session Orchestrator Dll Hijack.evtx"}
{"raw": "<Event xmlns=\"http://schemas.microsoft.com/win/2004/08/events/event\"><System><Provider Name=\"Microsoft-Windows-Sysmon\"/><EventID>7</EventID><Level>4</Level><Task>7</Task><TimeCreated SystemTime=\"2020-03-21 05:00:25.232880\"/><Channel>Microsoft-Windows-Sysmon/Operational</Channel><Computer>MSEDGEWIN10</Computer></System><EventData><Data Name=\"Guid\">{5770385f-c22a-43e0-bf4c-06f5698ffbd9}</Data><Data Name=\"Keywords\">0x8000000000000000</Data><Data Name=\"Opcode\">0</Data><Data Name=\"ProcessID\">2860</Data><Data Name=\"ProcessId\">1652</Data><Data Name=\"UserID\">S-1-5-18</Data><Data Name=\"Version\">3</Data><Data Name=\"Company\">?</Data><Data Name=\"Description\">?</Data><Data Name=\"FileVersion\">?</Data><Data Name=\"Hashes\">SHA1=4B4F372F74C0048CDD66704BB06BD11A842DF6AE,MD5=BA646D4D090C43EF8F15CA7B468EE25C,SHA256=9DB9D7A8AFD33E3E1936FC591A3ADD3FD720E5E7192E3F27CF7382D2D0411647,IMPHASH=B9A5E3913C4BB505322E605D469C70B6</Data><Data Name=\"Image\">C:\\Windows\\System32\\svchost.exe</Data><Data Name=\"ImageLoaded\">C:\\Windows\\System32\\WindowsCoreDeviceInfo.dll</Data><Data Name=\"ProcessGuid\">{747f3d96-9dbc-5e75-0000-00102c390100}</Data><Data Name=\"Product\">?</Data><Data Name=\"RuleName\">DLL Hijack - Update Session Orchestrator svc</Data><Data Name=\"SignatureStatus\">Unavailable</Data><Data Name=\"Signed\">false</Data><Data Name=\"UtcTime\">2020-03-21 05:00:25.059</Data><Data Name=\"OriginalFileName\">?</Data></EventData></Event>", "source_id": "WINEVT-ATTACK", "mitre_tactic": "Defense Evasion", "evtx_file": "Sysmon 7  Update Session Orchestrator Dll Hijack.evtx"}
{"raw": "<Event xmlns=\"http://schemas.microsoft.com/win/2004/08/events/event\"><System><Provider Name=\"Microsoft-Windows-Sysmon\"/><EventID>1</EventID><Level>4</Level><Task>1</Task><TimeCreated SystemTime=\"2020-03-21 05:00:25.234541\"/><Channel>Microsoft-Windows-Sysmon/Operational</Channel><Computer>MSEDGEWIN10</Computer></System><EventData><Data Name=\"Guid\">{5770385f-c22a-43e0-bf4c-06f5698ffbd9}</Data><Data Name=\"Keywords\">0x8000000000000000</Data><Data Name=\"LogonGuid\">{747f3d96-9dba-5e75-0000-0020e7030000}</Data><Data Name=\"Opcode\">0</Data><Data Name=\"ProcessID\">2860</Data><Data Name=\"ProcessId\">7836</Data><Data Name=\"UserID\">S-1-5-18</Data><Data Name=\"Version\">5</Data><Data Name=\"CommandLine\">rundll32 windowscoredeviceinfo.dll,CreateBackdoor</Data><Data Name=\"Company\">Microsoft Corporation</Data><Data Name=\"CurrentDirectory\">C:\\Windows\\system32\\</Data><Data Name=\"Description\">Windows host process (Rundll32)</Data><Data Name=\"FileVersion\">10.0.17763.1 (WinBuild.160101.0800)</Data><Data Name=\"Hashes\">SHA1=F3BA3415DD068A8871F285570BEA2E29874CBFF1,MD5=C73BA51880F5A7FB20C84185A23212EF,SHA256=01B407AF0200B66A34D9B1FA6D9EAAB758EFA36A36BB99B554384F59F8690B1A,IMPHASH=F27A7FC3A53E74F45BE370131953896A</Data><Data Name=\"Image\">C:\\Windows\\System32\\rundll32.exe</Data><Data Name=\"IntegrityLevel\">System</Data><Data Name=\"LogonId\">0x00000000000003e7</Data><Data Name=\"ParentCommandLine\">C:\\Windows\\system32\\svchost.exe -k netsvcs -p -s wuauserv</Data><Data Name=\"ParentImage\">C:\\Windows\\System32\\svchost.exe</Data><Data Name=\"ParentProcessGuid\">{747f3d96-9dbc-5e75-0000-00102c390100}</Data><Data Name=\"ParentProcessId\">1652</Data><Data Name=\"ProcessGuid\">{747f3d96-9f69-5e75-0000-0010476f2000}</Data><Data Name=\"Product\">Microsoft\u00ae Windows\u00ae Operating System</Data><Data Name=\"TerminalSessionId\">0</Data><Data Name=\"User\">NT AUTHORITY\\SYSTEM</Data><Data Name=\"UtcTime\">2020-03-21 05:00:25.077</Data><Data Name=\"OriginalFileName\">RUNDLL32.EXE</Data></EventData></Event>", "source_id": "WINEVT-ATTACK", "mitre_tactic": "Defense Evasion", "evtx_file": "Sysmon 7  Update Session Orchestrator Dll Hijack.evtx"}
{"raw": "<Event xmlns=\"http://schemas.microsoft.com/win/2004/08/events/event\"><System><Provider Name=\"Microsoft-Windows-Sysmon\"/><EventID>7</EventID><Level>4</Level><Task>7</Task><TimeCreated SystemTime=\"2020-03-21 05:00:25.242653\"/><Channel>Microsoft-Windows-Sysmon/Operational</Channel><Computer>MSEDGEWIN10</Computer></System><EventData><Data Name=\"Guid\">{5770385f-c22a-43e0-bf4c-06f5698ffbd9}</Data><Data Name=\"Keywords\">0x8000000000000000</Data><Data Name=\"Opcode\">0</Data><Data Name=\"ProcessID\">2860</Data><Data Name=\"ProcessId\">7836</Data><Data Name=\"UserID\">S-1-5-18</Data><Data Name=\"Version\">3</Data><Data Name=\"Company\">?</Data><Data Name=\"Description\">?</Data><Data Name=\"FileVersion\">?</Data><Data Name=\"Hashes\">SHA1=4B4F372F74C0048CDD66704BB06BD11A842DF6AE,MD5=BA646D4D090C43EF8F15CA7B468EE25C,SHA256=9DB9D7A8AFD33E3E1936FC591A3ADD3FD720E5E7192E3F27CF7382D2D0411647,IMPHASH=B9A5E3913C4BB505322E605D469C70B6</Data><Data Name=\"Image\">C:\\Windows\\System32\\rundll32.exe</Data><Data Name=\"ImageLoaded\">C:\\Windows\\System32\\WindowsCoreDeviceInfo.dll</Data><Data Name=\"ProcessGuid\">{747f3d96-9f69-5e75-0000-0010476f2000}</Data><Data Name=\"Product\">?</Data><Data Name=\"RuleName\">DLL Hijack - Update Session Orchestrator svc</Data><Data Name=\"SignatureStatus\">Unavailable</Data><Data Name=\"Signed\">false</Data><Data Name=\"UtcTime\">2020-03-21 05:00:25.094</Data><Data Name=\"OriginalFileName\">?</Data></EventData></Event>", "source_id": "WINEVT-ATTACK", "mitre_tactic": "Defense Evasion", "evtx_file": "Sysmon 7  Update Session Orchestrator Dll Hijack.evtx"}
{"raw": "<Event xmlns=\"http://schemas.microsoft.com/win/2004/08/events/event\"><System><Provider Name=\"Microsoft-Windows-Sysmon\"/><EventID>7</EventID><Level>4</Level><Task>7</Task><TimeCreated SystemTime=\"2020-03-21 05:00:25.247026\"/><Channel>Microsoft-Windows-Sysmon/Operational</Channel><Computer>MSEDGEWIN10</Computer></System><EventData><Data Name=\"Guid\">{5770385f-c22a-43e0-bf4c-06f5698ffbd9}</Data><Data Name=\"Keywords\">0x8000000000000000</Data><Data Name=\"Opcode\">0</Data><Data Name=\"ProcessID\">2860</Data><Data Name=\"ProcessId\">1652</Data><Data Name=\"UserID\">S-1-5-18</Data><Data Name=\"Version\">3</Data><Data Name=\"Company\">?</Data><Data Name=\"Description\">?</Data><Data Name=\"FileVersion\">?</Data><Data Name=\"Hashes\">SHA1=4B4F372F74C0048CDD66704BB06BD11A842DF6AE,MD5=BA646D4D090C43EF8F15CA7B468EE25C,SHA256=9DB9D7A8AFD33E3E1936FC591A3ADD3FD720E5E7192E3F27CF7382D2D0411647,IMPHASH=B9A5E3913C4BB505322E605D469C70B6</Data><Data Name=\"Image\">C:\\Windows\\System32\\svchost.exe</Data><Data Name=\"ImageLoaded\">C:\\Windows\\System32\\WindowsCoreDeviceInfo.dll</Data><Data Name=\"ProcessGuid\">{747f3d96-9dbc-5e75-0000-00102c390100}</Data><Data Name=\"Product\">?</Data><Data Name=\"RuleName\">DLL Hijack - Update Session Orchestrator svc</Data><Data Name=\"SignatureStatus\">Unavailable</Data><Data Name=\"Signed\">false</Data><Data Name=\"UtcTime\">2020-03-21 05:00:25.112</Data><Data Name=\"OriginalFileName\">?</Data></EventData></Event>", "source_id": "WINEVT-ATTACK", "mitre_tactic": "Defense Evasion", "evtx_file": "Sysmon 7  Update Session Orchestrator Dll Hijack.evtx"}
