{"raw": "<Event xmlns=\"http://schemas.microsoft.com/win/2004/08/events/event\"><System><Provider Name=\"Microsoft-Windows-Sysmon\"/><EventID>7</EventID><Level>4</Level><Task>7</Task><TimeCreated SystemTime=\"2020-10-27 10:17:18.439554\"/><Channel>Microsoft-Windows-Sysmon/Operational</Channel><Computer>LAPTOP-JU4M3I0E</Computer></System><EventData><Data Name=\"Guid\">{5770385f-c22a-43e0-bf4c-06f5698ffbd9}</Data><Data Name=\"Keywords\">0x8000000000000000</Data><Data Name=\"Opcode\">0</Data><Data Name=\"ProcessID\">5400</Data><Data Name=\"ProcessId\">21048</Data><Data Name=\"UserID\">S-1-5-18</Data><Data Name=\"Version\">3</Data><Data Name=\"Company\">Microsoft Corporation</Data><Data Name=\"Description\">Internet Explorer</Data><Data Name=\"FileVersion\">11.00.18362.1 (WinBuild.160101.0800)</Data><Data Name=\"Hashes\">SHA1=413A3B931275B7708D91E65BF1567A4337289A77,MD5=F4B84F18CCC81417CC870E14EE6639DF,SHA256=164691E78D5AC947B9DDB782E4C3E052C366D974B7D010774501992EF71CB762,IMPHASH=00000000000000000000000000000000</Data><Data Name=\"Image\">C:\\Users\\bouss\\Downloads\\samir.exe</Data><Data Name=\"ImageLoaded\">C:\\Users\\bouss\\Downloads\\samir.exe</Data><Data Name=\"ProcessGuid\">{00247c92-f3ae-5f97-0000-00104ebd0418}</Data><Data Name=\"Product\">Internet Explorer</Data><Data Name=\"SignatureStatus\">Unavailable</Data><Data Name=\"Signed\">false</Data><Data Name=\"UtcTime\">2020-10-27 10:17:18.386</Data><Data Name=\"OriginalFileName\">IEXPLORE.EXE</Data></EventData></Event>", "source_id": "WINEVT-ATTACK", "mitre_tactic": "Defense Evasion", "evtx_file": "DE_ProcessHerpaderping_Sysmon_11_10_1_7.evtx"}
{"raw": "<Event xmlns=\"http://schemas.microsoft.com/win/2004/08/events/event\"><System><Provider Name=\"Microsoft-Windows-Sysmon\"/><EventID>13</EventID><Level>4</Level><Task>13</Task><TimeCreated SystemTime=\"2019-05-19 18:05:07.719919\"/><Channel>Microsoft-Windows-Sysmon/Operational</Channel><Computer>IEWIN7</Computer></System><EventData><Data Name=\"Guid\">{5770385f-c22a-43e0-bf4c-06f5698ffbd9}</Data><Data Name=\"Keywords\">0x8000000000000000</Data><Data Name=\"Opcode\">0</Data><Data Name=\"ProcessID\">2004</Data><Data Name=\"ProcessId\">1348</Data><Data Name=\"UserID\">S-1-5-18</Data><Data Name=\"Version\">2</Data><Data Name=\"Image\">C:\\Windows\\system32\\reg.exe</Data><Data Name=\"ProcessGuid\">{365abb72-9ad3-5ce1-0000-0010f55c1800}</Data><Data Name=\"RuleName\">Defense Evasion - PowerShell Audit Settings Changed</Data><Data Name=\"UtcTime\">2019-05-19 18:05:07.704</Data><Data Name=\"EventType\">SetValue</Data><Data Name=\"TargetObject\">HKLM\\SOFTWARE\\Wow6432Node\\Policies\\Microsoft\\Windows\\PowerShell\\ScriptBlockLogging\\EnableScriptBlockLogging</Data><Data Name=\"Details\">DWORD (0x00000000)</Data></EventData></Event>", "source_id": "WINEVT-ATTACK", "mitre_tactic": "Defense Evasion", "evtx_file": "de_PsScriptBlockLogging_disabled_sysmon12_13.evtx"}
{"raw": "<Event xmlns=\"http://schemas.microsoft.com/win/2004/08/events/event\"><System><Provider Name=\"Microsoft-Windows-Sysmon\"/><EventID>12</EventID><Level>4</Level><Task>12</Task><TimeCreated SystemTime=\"2019-05-19 18:05:33.454296\"/><Channel>Microsoft-Windows-Sysmon/Operational</Channel><Computer>IEWIN7</Computer></System><EventData><Data Name=\"Guid\">{5770385f-c22a-43e0-bf4c-06f5698ffbd9}</Data><Data Name=\"Keywords\">0x8000000000000000</Data><Data Name=\"Opcode\">0</Data><Data Name=\"ProcessID\">2004</Data><Data Name=\"ProcessId\">860</Data><Data Name=\"UserID\">S-1-5-18</Data><Data Name=\"Version\">2</Data><Data Name=\"Image\">C:\\Windows\\system32\\reg.exe</Data><Data Name=\"ProcessGuid\">{365abb72-9aeb-5ce1-0000-0010f0b51800}</Data><Data Name=\"RuleName\">Defense Evasion - PowerShell Audit Settings Changed</Data><Data Name=\"UtcTime\">2019-05-19 18:05:33.438</Data><Data Name=\"EventType\">DeleteValue</Data><Data Name=\"TargetObject\">HKLM\\SOFTWARE\\Wow6432Node\\Policies\\Microsoft\\Windows\\PowerShell\\ScriptBlockLogging\\EnableScriptBlockLogging</Data></EventData></Event>", "source_id": "WINEVT-ATTACK", "mitre_tactic": "Defense Evasion", "evtx_file": "de_PsScriptBlockLogging_disabled_sysmon12_13.evtx"}
{"raw": "<Event xmlns=\"http://schemas.microsoft.com/win/2004/08/events/event\"><System><Provider Name=\"Microsoft-Windows-Sysmon\"/><EventID>3</EventID><Level>4</Level><Task>3</Task><TimeCreated SystemTime=\"2020-09-23 16:49:26.469587\"/><Channel>Microsoft-Windows-Sysmon/Operational</Channel><Computer>01566s-win16-ir.threebeesco.com</Computer></System><EventData><Data Name=\"Guid\">{5770385f-c22a-43e0-bf4c-06f5698ffbd9}</Data><Data Name=\"Keywords\">0x8000000000000000</Data><Data Name=\"Opcode\">0</Data><Data Name=\"ProcessID\">2192</Data><Data Name=\"ProcessId\">1864</Data><Data Name=\"UserID\">S-1-5-18</Data><Data Name=\"Version\">5</Data><Data Name=\"Protocol\">tcp</Data><Data Name=\"SourcePort\">52246</Data><Data Name=\"DestinationHostname\">01566s-win16-ir.threebeesco.com</Data><Data Name=\"DestinationIp\">0:0:0:0:0:0:0:1</Data><Data Name=\"DestinationIsIpv6\">True</Data><Data Name=\"DestinationPort\">389</Data><Data Name=\"DestinationPortName\">ldap</Data><Data Name=\"Image\">C:\\Windows\\ADWS\\Microsoft.ActiveDirectory.WebServices.exe</Data><Data Name=\"Initiated\">True</Data><Data Name=\"ProcessGuid\">{83989f29-3391-5f6b-1f00-000000000301}</Data><Data Name=\"SourceHostname\">01566s-win16-ir.threebeesco.com</Data><Data Name=\"SourceIp\">0:0:0:0:0:0:0:1</Data><Data Name=\"SourceIsIpv6\">True</Data><Data Name=\"User\">NT AUTHORITY\\SYSTEM</Data><Data Name=\"UtcTime\">2020-09-23 16:49:25.719</Data></EventData></Event>", "source_id": "WINEVT-ATTACK", "mitre_tactic": "Defense Evasion", "evtx_file": "DE_remote_eventlog_svc_crash_byt3bl33d3r_sysmon_17_1_3.evtx"}
{"raw": "<Event xmlns=\"http://schemas.microsoft.com/win/2004/08/events/event\"><System><Provider Name=\"Microsoft-Windows-Sysmon\"/><EventID>1</EventID><Level>4</Level><Task>1</Task><TimeCreated SystemTime=\"2020-09-23 16:49:44.353762\"/><Channel>Microsoft-Windows-Sysmon/Operational</Channel><Computer>01566s-win16-ir.threebeesco.com</Computer></System><EventData><Data Name=\"Guid\">{5770385f-c22a-43e0-bf4c-06f5698ffbd9}</Data><Data Name=\"Keywords\">0x8000000000000000</Data><Data Name=\"LogonGuid\">{83989f29-34ee-5f6b-86b1-070000000000}</Data><Data Name=\"Opcode\">0</Data><Data Name=\"ProcessID\">2192</Data><Data Name=\"ProcessId\">3276</Data><Data Name=\"UserID\">S-1-5-18</Data><Data Name=\"Version\">5</Data><Data Name=\"CommandLine\">C:\\Windows\\system32\\DllHost.exe /Processid:{DC4537C3-CA73-4AC7-9E1D-B2CE27C3A7A6}</Data><Data Name=\"Company\">Microsoft Corporation</Data><Data Name=\"CurrentDirectory\">C:\\Windows\\system32\\</Data><Data Name=\"Description\">COM Surrogate</Data><Data Name=\"FileVersion\">10.0.14393.0 (rs1_release.160715-1616)</Data><Data Name=\"Hashes\">SHA1=0E33FA9CE0074155F361DB9CB36183431C8FC266,MD5=DA63852A2B0340E94D74EAF0CD444979,SHA256=EE8364C07B3F4F71FA649E0E6C4C73C15D285130E4B16E79890EEBBF89C2164E,IMPHASH=1C99A7F1249FB0C7B924253B69E59F88</Data><Data Name=\"Image\">C:\\Windows\\System32\\dllhost.exe</Data><Data Name=\"IntegrityLevel\">High</Data><Data Name=\"LogonId\">0x000000000007b186</Data><Data Name=\"ParentCommandLine\">C:\\Windows\\system32\\svchost.exe -k DcomLaunch</Data><Data Name=\"ParentImage\">C:\\Windows\\System32\\svchost.exe</Data><Data Name=\"ParentProcessGuid\">{83989f29-3383-5f6b-0c00-000000000301}</Data><Data Name=\"ParentProcessId\">760</Data><Data Name=\"ProcessGuid\">{83989f29-7ca8-5f6b-1201-000000000301}</Data><Data Name=\"Product\">Microsoft\u00ae Windows\u00ae Operating System</Data><Data Name=\"TerminalSessionId\">1</Data><Data Name=\"User\">3B\\Administrator</Data><Data Name=\"UtcTime\">2020-09-23 16:49:44.350</Data><Data Name=\"OriginalFileName\">dllhost.exe</Data></EventData></Event>", "source_id": "WINEVT-ATTACK", "mitre_tactic": "Defense Evasion", "evtx_file": "DE_remote_eventlog_svc_crash_byt3bl33d3r_sysmon_17_1_3.evtx"}
{"raw": "<Event xmlns=\"http://schemas.microsoft.com/win/2004/08/events/event\"><System><Provider Name=\"Microsoft-Windows-Sysmon\"/><EventID>1</EventID><Level>4</Level><Task>1</Task><TimeCreated SystemTime=\"2020-09-23 16:49:44.380219\"/><Channel>Microsoft-Windows-Sysmon/Operational</Channel><Computer>01566s-win16-ir.threebeesco.com</Computer></System><EventData><Data Name=\"Guid\">{5770385f-c22a-43e0-bf4c-06f5698ffbd9}</Data><Data Name=\"Keywords\">0x8000000000000000</Data><Data Name=\"LogonGuid\">{83989f29-34ee-5f6b-86b1-070000000000}</Data><Data Name=\"Opcode\">0</Data><Data Name=\"ProcessID\">2192</Data><Data Name=\"ProcessId\">7096</Data><Data Name=\"UserID\">S-1-5-18</Data><Data Name=\"Version\">5</Data><Data Name=\"CommandLine\">C:\\Windows\\system32\\DllHost.exe /Processid:{49F6E667-6658-4BD1-9DE9-6AF87F9FAF85}</Data><Data Name=\"Company\">Microsoft Corporation</Data><Data Name=\"CurrentDirectory\">C:\\Windows\\system32\\</Data><Data Name=\"Description\">COM Surrogate</Data><Data Name=\"FileVersion\">10.0.14393.0 (rs1_release.160715-1616)</Data><Data Name=\"Hashes\">SHA1=0E33FA9CE0074155F361DB9CB36183431C8FC266,MD5=DA63852A2B0340E94D74EAF0CD444979,SHA256=EE8364C07B3F4F71FA649E0E6C4C73C15D285130E4B16E79890EEBBF89C2164E,IMPHASH=1C99A7F1249FB0C7B924253B69E59F88</Data><Data Name=\"Image\">C:\\Windows\\System32\\dllhost.exe</Data><Data Name=\"IntegrityLevel\">High</Data><Data Name=\"LogonId\">0x000000000007b186</Data><Data Name=\"ParentCommandLine\">C:\\Windows\\system32\\svchost.exe -k DcomLaunch</Data><Data Name=\"ParentImage\">C:\\Windows\\System32\\svchost.exe</Data><Data Name=\"ParentProcessGuid\">{83989f29-3383-5f6b-0c00-000000000301}</Data><Data Name=\"ParentProcessId\">760</Data><Data Name=\"ProcessGuid\">{83989f29-7ca8-5f6b-1301-000000000301}</Data><Data Name=\"Product\">Microsoft\u00ae Windows\u00ae Operating System</Data><Data Name=\"TerminalSessionId\">1</Data><Data Name=\"User\">3B\\Administrator</Data><Data Name=\"UtcTime\">2020-09-23 16:49:44.377</Data><Data Name=\"OriginalFileName\">dllhost.exe</Data></EventData></Event>", "source_id": "WINEVT-ATTACK", "mitre_tactic": "Defense Evasion", "evtx_file": "DE_remote_eventlog_svc_crash_byt3bl33d3r_sysmon_17_1_3.evtx"}
{"raw": "<Event xmlns=\"http://schemas.microsoft.com/win/2004/08/events/event\"><System><Provider Name=\"Microsoft-Windows-Sysmon\"/><EventID>18</EventID><Level>4</Level><Task>18</Task><TimeCreated SystemTime=\"2020-09-23 16:50:16.703140\"/><Channel>Microsoft-Windows-Sysmon/Operational</Channel><Computer>01566s-win16-ir.threebeesco.com</Computer></System><EventData><Data Name=\"Guid\">{5770385f-c22a-43e0-bf4c-06f5698ffbd9}</Data><Data Name=\"Keywords\">0x8000000000000000</Data><Data Name=\"Opcode\">0</Data><Data Name=\"ProcessID\">2192</Data><Data Name=\"ProcessId\">4</Data><Data Name=\"UserID\">S-1-5-18</Data><Data Name=\"Version\">1</Data><Data Name=\"Image\">System</Data><Data Name=\"ProcessGuid\">{83989f29-3374-5f6b-0100-000000000301}</Data><Data Name=\"RuleName\">PrivEsc - Rogue Spool named pipe</Data><Data Name=\"UtcTime\">2020-09-23 16:50:16.693</Data><Data Name=\"EventType\">ConnectPipe</Data><Data Name=\"PipeName\">\\eventlog</Data></EventData></Event>", "source_id": "WINEVT-ATTACK", "mitre_tactic": "Defense Evasion", "evtx_file": "DE_remote_eventlog_svc_crash_byt3bl33d3r_sysmon_17_1_3.evtx"}
{"raw": "<Event xmlns=\"http://schemas.microsoft.com/win/2004/08/events/event\"><System><Provider Name=\"Microsoft-Windows-Sysmon\"/><EventID>1</EventID><Level>4</Level><Task>1</Task><TimeCreated SystemTime=\"2020-09-23 16:50:16.892752\"/><Channel>Microsoft-Windows-Sysmon/Operational</Channel><Computer>01566s-win16-ir.threebeesco.com</Computer></System><EventData><Data Name=\"Guid\">{5770385f-c22a-43e0-bf4c-06f5698ffbd9}</Data><Data Name=\"Keywords\">0x8000000000000000</Data><Data Name=\"LogonGuid\">{83989f29-3385-5f6b-e503-000000000000}</Data><Data Name=\"Opcode\">0</Data><Data Name=\"ProcessID\">2192</Data><Data Name=\"ProcessId\">6868</Data><Data Name=\"UserID\">S-1-5-18</Data><Data Name=\"Version\">5</Data><Data Name=\"CommandLine\">C:\\Windows\\system32\\WerFault.exe -u -p 5424 -s 4616</Data><Data Name=\"Company\">Microsoft Corporation</Data><Data Name=\"CurrentDirectory\">C:\\Windows\\system32\\</Data><Data Name=\"Description\">Windows Problem Reporting</Data><Data Name=\"FileVersion\">10.0.14393.2969 (rs1_release.190503-1820)</Data><Data Name=\"Hashes\">SHA1=47C338FA7ED3BB72D3E0BEA4E20BCA4DA5E9961C,MD5=2593B18EFC5BD71B393D6BDA81455EF8,SHA256=14114AEE489363A0E2B6D72AFA1E40E46B83EDDDDCAB3ACE1998FB6DD8C48ED5,IMPHASH=48B1BCC836A64A03BC78D6B28BB54389</Data><Data Name=\"Image\">C:\\Windows\\System32\\WerFault.exe</Data><Data Name=\"IntegrityLevel\">System</Data><Data Name=\"LogonId\">0x00000000000003e5</Data><Data Name=\"ParentCommandLine\">C:\\Windows\\System32\\svchost.exe -k LocalServiceNetworkRestricted</Data><Data Name=\"ParentImage\">C:\\Windows\\System32\\svchost.exe</Data><Data Name=\"ParentProcessGuid\">{83989f29-77a2-5f6b-e900-000000000301}</Data><Data Name=\"ParentProcessId\">5424</Data><Data Name=\"ProcessGuid\">{83989f29-7cc8-5f6b-2101-000000000301}</Data><Data Name=\"Product\">Microsoft\u00ae Windows\u00ae Operating System</Data><Data Name=\"TerminalSessionId\">0</Data><Data Name=\"User\">NT AUTHORITY\\LOCAL SERVICE</Data><Data Name=\"UtcTime\">2020-09-23 16:50:16.890</Data><Data Name=\"OriginalFileName\">WerFault.exe</Data></EventData></Event>", "source_id": "WINEVT-ATTACK", "mitre_tactic": "Defense Evasion", "evtx_file": "DE_remote_eventlog_svc_crash_byt3bl33d3r_sysmon_17_1_3.evtx"}
{"raw": "<Event xmlns=\"http://schemas.microsoft.com/win/2004/08/events/event\"><System><Provider Name=\"Microsoft-Windows-Sysmon\"/><EventID>3</EventID><Level>4</Level><Task>3</Task><TimeCreated SystemTime=\"2020-09-23 16:50:18.302656\"/><Channel>Microsoft-Windows-Sysmon/Operational</Channel><Computer>01566s-win16-ir.threebeesco.com</Computer></System><EventData><Data Name=\"Guid\">{5770385f-c22a-43e0-bf4c-06f5698ffbd9}</Data><Data Name=\"Keywords\">0x8000000000000000</Data><Data Name=\"Opcode\">0</Data><Data Name=\"ProcessID\">2192</Data><Data Name=\"ProcessId\">4</Data><Data Name=\"UserID\">S-1-5-18</Data><Data Name=\"Version\">5</Data><Data Name=\"Protocol\">tcp</Data><Data Name=\"SourcePort\">50106</Data><Data Name=\"DestinationHostname\">01566s-win16-ir.threebeesco.com</Data><Data Name=\"DestinationIp\">172.16.66.36</Data><Data Name=\"DestinationIsIpv6\">False</Data><Data Name=\"DestinationPort\">445</Data><Data Name=\"DestinationPortName\">microsoft-ds</Data><Data Name=\"Image\">System</Data><Data Name=\"Initiated\">False</Data><Data Name=\"ProcessGuid\">{83989f29-3374-5f6b-0100-000000000301}</Data><Data Name=\"SourceIp\">172.16.66.37</Data><Data Name=\"SourceIsIpv6\">False</Data><Data Name=\"User\">NT AUTHORITY\\SYSTEM</Data><Data Name=\"UtcTime\">2020-09-23 16:50:16.946</Data></EventData></Event>", "source_id": "WINEVT-ATTACK", "mitre_tactic": "Defense Evasion", "evtx_file": "DE_remote_eventlog_svc_crash_byt3bl33d3r_sysmon_17_1_3.evtx"}
{"raw": "<Event xmlns=\"http://schemas.microsoft.com/win/2004/08/events/event\"><System><Provider Name=\"Microsoft-Windows-Sysmon\"/><EventID>3</EventID><Level>4</Level><Task>3</Task><TimeCreated SystemTime=\"2020-09-23 16:50:18.302666\"/><Channel>Microsoft-Windows-Sysmon/Operational</Channel><Computer>01566s-win16-ir.threebeesco.com</Computer></System><EventData><Data Name=\"Guid\">{5770385f-c22a-43e0-bf4c-06f5698ffbd9}</Data><Data Name=\"Keywords\">0x8000000000000000</Data><Data Name=\"Opcode\">0</Data><Data Name=\"ProcessID\">2192</Data><Data Name=\"ProcessId\">4</Data><Data Name=\"UserID\">S-1-5-18</Data><Data Name=\"Version\">5</Data><Data Name=\"Protocol\">tcp</Data><Data Name=\"SourcePort\">50107</Data><Data Name=\"DestinationHostname\">01566s-win16-ir.threebeesco.com</Data><Data Name=\"DestinationIp\">172.16.66.36</Data><Data Name=\"DestinationIsIpv6\">False</Data><Data Name=\"DestinationPort\">445</Data><Data Name=\"DestinationPortName\">microsoft-ds</Data><Data Name=\"Image\">System</Data><Data Name=\"Initiated\">False</Data><Data Name=\"ProcessGuid\">{83989f29-3374-5f6b-0100-000000000301}</Data><Data Name=\"SourceIp\">172.16.66.37</Data><Data Name=\"SourceIsIpv6\">False</Data><Data Name=\"User\">NT AUTHORITY\\SYSTEM</Data><Data Name=\"UtcTime\">2020-09-23 16:50:17.424</Data></EventData></Event>", "source_id": "WINEVT-ATTACK", "mitre_tactic": "Defense Evasion", "evtx_file": "DE_remote_eventlog_svc_crash_byt3bl33d3r_sysmon_17_1_3.evtx"}
{"raw": "<Event xmlns=\"http://schemas.microsoft.com/win/2004/08/events/event\"><System><Provider Name=\"Microsoft-Windows-Sysmon\"/><EventID>1</EventID><Level>4</Level><Task>1</Task><TimeCreated SystemTime=\"2020-09-23 16:50:19.821276\"/><Channel>Microsoft-Windows-Sysmon/Operational</Channel><Computer>01566s-win16-ir.threebeesco.com</Computer></System><EventData><Data Name=\"Guid\">{5770385f-c22a-43e0-bf4c-06f5698ffbd9}</Data><Data Name=\"Keywords\">0x8000000000000000</Data><Data Name=\"LogonGuid\">{83989f29-337d-5f6b-e703-000000000000}</Data><Data Name=\"Opcode\">0</Data><Data Name=\"ProcessID\">2192</Data><Data Name=\"ProcessId\">4248</Data><Data Name=\"UserID\">S-1-5-18</Data><Data Name=\"Version\">5</Data><Data Name=\"CommandLine\">C:\\Windows\\system32\\wermgr.exe -upload</Data><Data Name=\"Company\">Microsoft Corporation</Data><Data Name=\"CurrentDirectory\">C:\\Windows\\system32\\</Data><Data Name=\"Description\">Windows Problem Reporting</Data><Data Name=\"FileVersion\">10.0.14393.2969 (rs1_release.190503-1820)</Data><Data Name=\"Hashes\">SHA1=F5CF72933752E92E5C41D1F6683A7C0863450670,MD5=A6A01D9FA1785991003C9F08C615477C,SHA256=E4555D47D4B83ACF4BED0C31BF9AEA2B636DAAB42928599A81387A3758F23407,IMPHASH=4B8EBDD278D6BC76432A0F12752EFAF2</Data><Data Name=\"Image\">C:\\Windows\\System32\\wermgr.exe</Data><Data Name=\"IntegrityLevel\">System</Data><Data Name=\"LogonId\">0x00000000000003e7</Data><Data Name=\"ParentCommandLine\">C:\\Windows\\system32\\svchost.exe -k netsvcs</Data><Data Name=\"ParentImage\">C:\\Windows\\System32\\svchost.exe</Data><Data Name=\"ParentProcessGuid\">{83989f29-3385-5f6b-1200-000000000301}</Data><Data Name=\"ParentProcessId\">324</Data><Data Name=\"ProcessGuid\">{83989f29-7ccb-5f6b-2301-000000000301}</Data><Data Name=\"Product\">Microsoft\u00ae Windows\u00ae Operating System</Data><Data Name=\"TerminalSessionId\">0</Data><Data Name=\"User\">NT AUTHORITY\\SYSTEM</Data><Data Name=\"UtcTime\">2020-09-23 16:50:19.817</Data><Data Name=\"OriginalFileName\">WerMgr</Data></EventData></Event>", "source_id": "WINEVT-ATTACK", "mitre_tactic": "Defense Evasion", "evtx_file": "DE_remote_eventlog_svc_crash_byt3bl33d3r_sysmon_17_1_3.evtx"}
{"raw": "<Event xmlns=\"http://schemas.microsoft.com/win/2004/08/events/event\"><System><Provider Name=\"Microsoft-Windows-Sysmon\"/><EventID>3</EventID><Level>4</Level><Task>3</Task><TimeCreated SystemTime=\"2020-09-23 16:50:27.599485\"/><Channel>Microsoft-Windows-Sysmon/Operational</Channel><Computer>01566s-win16-ir.threebeesco.com</Computer></System><EventData><Data Name=\"Guid\">{5770385f-c22a-43e0-bf4c-06f5698ffbd9}</Data><Data Name=\"Keywords\">0x8000000000000000</Data><Data Name=\"Opcode\">0</Data><Data Name=\"ProcessID\">2192</Data><Data Name=\"ProcessId\">1864</Data><Data Name=\"UserID\">S-1-5-18</Data><Data Name=\"Version\">5</Data><Data Name=\"Protocol\">tcp</Data><Data Name=\"SourcePort\">52249</Data><Data Name=\"DestinationHostname\">01566s-win16-ir.threebeesco.com</Data><Data Name=\"DestinationIp\">0:0:0:0:0:0:0:1</Data><Data Name=\"DestinationIsIpv6\">True</Data><Data Name=\"DestinationPort\">389</Data><Data Name=\"DestinationPortName\">ldap</Data><Data Name=\"Image\">C:\\Windows\\ADWS\\Microsoft.ActiveDirectory.WebServices.exe</Data><Data Name=\"Initiated\">True</Data><Data Name=\"ProcessGuid\">{83989f29-3391-5f6b-1f00-000000000301}</Data><Data Name=\"SourceHostname\">01566s-win16-ir.threebeesco.com</Data><Data Name=\"SourceIp\">0:0:0:0:0:0:0:1</Data><Data Name=\"SourceIsIpv6\">True</Data><Data Name=\"User\">NT AUTHORITY\\SYSTEM</Data><Data Name=\"UtcTime\">2020-09-23 16:50:25.724</Data></EventData></Event>", "source_id": "WINEVT-ATTACK", "mitre_tactic": "Defense Evasion", "evtx_file": "DE_remote_eventlog_svc_crash_byt3bl33d3r_sysmon_17_1_3.evtx"}
{"raw": "<Event xmlns=\"http://schemas.microsoft.com/win/2004/08/events/event\"><System><Provider Name=\"Microsoft-Windows-Sysmon\"/><EventID>17</EventID><Level>4</Level><Task>17</Task><TimeCreated SystemTime=\"2020-09-23 16:50:45.506147\"/><Channel>Microsoft-Windows-Sysmon/Operational</Channel><Computer>01566s-win16-ir.threebeesco.com</Computer></System><EventData><Data Name=\"Guid\">{5770385f-c22a-43e0-bf4c-06f5698ffbd9}</Data><Data Name=\"Keywords\">0x8000000000000000</Data><Data Name=\"Opcode\">0</Data><Data Name=\"ProcessID\">2192</Data><Data Name=\"ProcessId\">6924</Data><Data Name=\"UserID\">S-1-5-18</Data><Data Name=\"Version\">1</Data><Data Name=\"Image\">C:\\Windows\\System32\\svchost.exe</Data><Data Name=\"ProcessGuid\">{83989f29-7cc9-5f6b-2201-000000000301}</Data><Data Name=\"RuleName\">PrivEsc - Rogue Spool named pipe</Data><Data Name=\"UtcTime\">2020-09-23 16:50:45.489</Data><Data Name=\"EventType\">CreatePipe</Data><Data Name=\"PipeName\">\\eventlog</Data></EventData></Event>", "source_id": "WINEVT-ATTACK", "mitre_tactic": "Defense Evasion", "evtx_file": "DE_remote_eventlog_svc_crash_byt3bl33d3r_sysmon_17_1_3.evtx"}
{"raw": "<Event xmlns=\"http://schemas.microsoft.com/win/2004/08/events/event\"><System><Provider Name=\"Microsoft-Windows-Sysmon\"/><EventID>3</EventID><Level>4</Level><Task>3</Task><TimeCreated SystemTime=\"2020-09-23 16:51:27.552994\"/><Channel>Microsoft-Windows-Sysmon/Operational</Channel><Computer>01566s-win16-ir.threebeesco.com</Computer></System><EventData><Data Name=\"Guid\">{5770385f-c22a-43e0-bf4c-06f5698ffbd9}</Data><Data Name=\"Keywords\">0x8000000000000000</Data><Data Name=\"Opcode\">0</Data><Data Name=\"ProcessID\">2192</Data><Data Name=\"ProcessId\">1864</Data><Data Name=\"UserID\">S-1-5-18</Data><Data Name=\"Version\">5</Data><Data Name=\"Protocol\">tcp</Data><Data Name=\"SourcePort\">52264</Data><Data Name=\"DestinationHostname\">01566s-win16-ir.threebeesco.com</Data><Data Name=\"DestinationIp\">0:0:0:0:0:0:0:1</Data><Data Name=\"DestinationIsIpv6\">True</Data><Data Name=\"DestinationPort\">389</Data><Data Name=\"DestinationPortName\">ldap</Data><Data Name=\"Image\">C:\\Windows\\ADWS\\Microsoft.ActiveDirectory.WebServices.exe</Data><Data Name=\"Initiated\">True</Data><Data Name=\"ProcessGuid\">{83989f29-3391-5f6b-1f00-000000000301}</Data><Data Name=\"SourceHostname\">01566s-win16-ir.threebeesco.com</Data><Data Name=\"SourceIp\">0:0:0:0:0:0:0:1</Data><Data Name=\"SourceIsIpv6\">True</Data><Data Name=\"User\">NT AUTHORITY\\SYSTEM</Data><Data Name=\"UtcTime\">2020-09-23 16:51:25.740</Data></EventData></Event>", "source_id": "WINEVT-ATTACK", "mitre_tactic": "Defense Evasion", "evtx_file": "DE_remote_eventlog_svc_crash_byt3bl33d3r_sysmon_17_1_3.evtx"}
{"raw": "<Event xmlns=\"http://schemas.microsoft.com/win/2004/08/events/event\"><System><Provider Name=\"Microsoft-Windows-Sysmon\"/><EventID>17</EventID><Level>4</Level><Task>17</Task><TimeCreated SystemTime=\"2020-09-27 13:42:00.726774\"/><Channel>Microsoft-Windows-Sysmon/Operational</Channel><Computer>MSEDGEWIN10</Computer></System><EventData><Data Name=\"Guid\">{5770385f-c22a-43e0-bf4c-06f5698ffbd9}</Data><Data Name=\"Keywords\">0x8000000000000000</Data><Data Name=\"Opcode\">0</Data><Data Name=\"ProcessID\">3320</Data><Data Name=\"ProcessId\">1120</Data><Data Name=\"UserID\">S-1-5-18</Data><Data Name=\"Version\">1</Data><Data Name=\"Image\">C:\\Windows\\svchost.exe</Data><Data Name=\"ProcessGuid\">{747f3d96-96a8-5f70-0000-0010c0f02d00}</Data><Data Name=\"UtcTime\">2020-09-27 13:42:00.713</Data><Data Name=\"EventType\">CreatePipe</Data><Data Name=\"PipeName\">\\svchost</Data></EventData></Event>", "source_id": "WINEVT-ATTACK", "mitre_tactic": "Defense Evasion", "evtx_file": "DE_renamed_psexec_service_sysmon_17_18.evtx"}
{"raw": "<Event xmlns=\"http://schemas.microsoft.com/win/2004/08/events/event\"><System><Provider Name=\"Microsoft-Windows-Sysmon\"/><EventID>18</EventID><Level>4</Level><Task>18</Task><TimeCreated SystemTime=\"2020-09-27 13:42:00.969110\"/><Channel>Microsoft-Windows-Sysmon/Operational</Channel><Computer>MSEDGEWIN10</Computer></System><EventData><Data Name=\"Guid\">{5770385f-c22a-43e0-bf4c-06f5698ffbd9}</Data><Data Name=\"Keywords\">0x8000000000000000</Data><Data Name=\"Opcode\">0</Data><Data Name=\"ProcessID\">3320</Data><Data Name=\"ProcessId\">4</Data><Data Name=\"UserID\">S-1-5-18</Data><Data Name=\"Version\">1</Data><Data Name=\"Image\">System</Data><Data Name=\"ProcessGuid\">{747f3d96-0c7a-5f71-0000-0010eb030000}</Data><Data Name=\"UtcTime\">2020-09-27 13:42:00.948</Data><Data Name=\"EventType\">ConnectPipe</Data><Data Name=\"PipeName\">\\svchost</Data></EventData></Event>", "source_id": "WINEVT-ATTACK", "mitre_tactic": "Defense Evasion", "evtx_file": "DE_renamed_psexec_service_sysmon_17_18.evtx"}
{"raw": "<Event xmlns=\"http://schemas.microsoft.com/win/2004/08/events/event\"><System><Provider Name=\"Microsoft-Windows-Sysmon\"/><EventID>17</EventID><Level>4</Level><Task>17</Task><TimeCreated SystemTime=\"2020-09-27 13:42:01.092665\"/><Channel>Microsoft-Windows-Sysmon/Operational</Channel><Computer>MSEDGEWIN10</Computer></System><EventData><Data Name=\"Guid\">{5770385f-c22a-43e0-bf4c-06f5698ffbd9}</Data><Data Name=\"Keywords\">0x8000000000000000</Data><Data Name=\"Opcode\">0</Data><Data Name=\"ProcessID\">3320</Data><Data Name=\"ProcessId\">1120</Data><Data Name=\"UserID\">S-1-5-18</Data><Data Name=\"Version\">1</Data><Data Name=\"Image\">C:\\Windows\\svchost.exe</Data><Data Name=\"ProcessGuid\">{747f3d96-96a8-5f70-0000-0010c0f02d00}</Data><Data Name=\"UtcTime\">2020-09-27 13:42:01.089</Data><Data Name=\"EventType\">CreatePipe</Data><Data Name=\"PipeName\">\\svchost-MSEDGEWIN10-8116-stdin</Data></EventData></Event>", "source_id": "WINEVT-ATTACK", "mitre_tactic": "Defense Evasion", "evtx_file": "DE_renamed_psexec_service_sysmon_17_18.evtx"}
{"raw": "<Event xmlns=\"http://schemas.microsoft.com/win/2004/08/events/event\"><System><Provider Name=\"Microsoft-Windows-Sysmon\"/><EventID>17</EventID><Level>4</Level><Task>17</Task><TimeCreated SystemTime=\"2020-09-27 13:42:01.093184\"/><Channel>Microsoft-Windows-Sysmon/Operational</Channel><Computer>MSEDGEWIN10</Computer></System><EventData><Data Name=\"Guid\">{5770385f-c22a-43e0-bf4c-06f5698ffbd9}</Data><Data Name=\"Keywords\">0x8000000000000000</Data><Data Name=\"Opcode\">0</Data><Data Name=\"ProcessID\">3320</Data><Data Name=\"ProcessId\">1120</Data><Data Name=\"UserID\">S-1-5-18</Data><Data Name=\"Version\">1</Data><Data Name=\"Image\">C:\\Windows\\svchost.exe</Data><Data Name=\"ProcessGuid\">{747f3d96-96a8-5f70-0000-0010c0f02d00}</Data><Data Name=\"UtcTime\">2020-09-27 13:42:01.089</Data><Data Name=\"EventType\">CreatePipe</Data><Data Name=\"PipeName\">\\svchost-MSEDGEWIN10-8116-stdout</Data></EventData></Event>", "source_id": "WINEVT-ATTACK", "mitre_tactic": "Defense Evasion", "evtx_file": "DE_renamed_psexec_service_sysmon_17_18.evtx"}
{"raw": "<Event xmlns=\"http://schemas.microsoft.com/win/2004/08/events/event\"><System><Provider Name=\"Microsoft-Windows-Sysmon\"/><EventID>17</EventID><Level>4</Level><Task>17</Task><TimeCreated SystemTime=\"2020-09-27 13:42:01.093922\"/><Channel>Microsoft-Windows-Sysmon/Operational</Channel><Computer>MSEDGEWIN10</Computer></System><EventData><Data Name=\"Guid\">{5770385f-c22a-43e0-bf4c-06f5698ffbd9}</Data><Data Name=\"Keywords\">0x8000000000000000</Data><Data Name=\"Opcode\">0</Data><Data Name=\"ProcessID\">3320</Data><Data Name=\"ProcessId\">1120</Data><Data Name=\"UserID\">S-1-5-18</Data><Data Name=\"Version\">1</Data><Data Name=\"Image\">C:\\Windows\\svchost.exe</Data><Data Name=\"ProcessGuid\">{747f3d96-96a8-5f70-0000-0010c0f02d00}</Data><Data Name=\"UtcTime\">2020-09-27 13:42:01.089</Data><Data Name=\"EventType\">CreatePipe</Data><Data Name=\"PipeName\">\\svchost-MSEDGEWIN10-8116-stderr</Data></EventData></Event>", "source_id": "WINEVT-ATTACK", "mitre_tactic": "Defense Evasion", "evtx_file": "DE_renamed_psexec_service_sysmon_17_18.evtx"}
{"raw": "<Event xmlns=\"http://schemas.microsoft.com/win/2004/08/events/event\"><System><Provider Name=\"Microsoft-Windows-Sysmon\"/><EventID>18</EventID><Level>4</Level><Task>18</Task><TimeCreated SystemTime=\"2020-09-27 13:42:01.182772\"/><Channel>Microsoft-Windows-Sysmon/Operational</Channel><Computer>MSEDGEWIN10</Computer></System><EventData><Data Name=\"Guid\">{5770385f-c22a-43e0-bf4c-06f5698ffbd9}</Data><Data Name=\"Keywords\">0x8000000000000000</Data><Data Name=\"Opcode\">0</Data><Data Name=\"ProcessID\">3320</Data><Data Name=\"ProcessId\">8116</Data><Data Name=\"UserID\">S-1-5-18</Data><Data Name=\"Version\">1</Data><Data Name=\"Image\">C:\\Windows\\system32\\PsExec.exe</Data><Data Name=\"ProcessGuid\">{747f3d96-96a8-5f70-0000-001028e92d00}</Data><Data Name=\"UtcTime\">2020-09-27 13:42:01.167</Data><Data Name=\"EventType\">ConnectPipe</Data><Data Name=\"PipeName\">\\svchost-MSEDGEWIN10-8116-stdin</Data></EventData></Event>", "source_id": "WINEVT-ATTACK", "mitre_tactic": "Defense Evasion", "evtx_file": "DE_renamed_psexec_service_sysmon_17_18.evtx"}
{"raw": "<Event xmlns=\"http://schemas.microsoft.com/win/2004/08/events/event\"><System><Provider Name=\"Microsoft-Windows-Sysmon\"/><EventID>18</EventID><Level>4</Level><Task>18</Task><TimeCreated SystemTime=\"2020-09-27 13:42:01.182880\"/><Channel>Microsoft-Windows-Sysmon/Operational</Channel><Computer>MSEDGEWIN10</Computer></System><EventData><Data Name=\"Guid\">{5770385f-c22a-43e0-bf4c-06f5698ffbd9}</Data><Data Name=\"Keywords\">0x8000000000000000</Data><Data Name=\"Opcode\">0</Data><Data Name=\"ProcessID\">3320</Data><Data Name=\"ProcessId\">8116</Data><Data Name=\"UserID\">S-1-5-18</Data><Data Name=\"Version\">1</Data><Data Name=\"Image\">C:\\Windows\\system32\\PsExec.exe</Data><Data Name=\"ProcessGuid\">{747f3d96-96a8-5f70-0000-001028e92d00}</Data><Data Name=\"UtcTime\">2020-09-27 13:42:01.167</Data><Data Name=\"EventType\">ConnectPipe</Data><Data Name=\"PipeName\">\\svchost-MSEDGEWIN10-8116-stdout</Data></EventData></Event>", "source_id": "WINEVT-ATTACK", "mitre_tactic": "Defense Evasion", "evtx_file": "DE_renamed_psexec_service_sysmon_17_18.evtx"}
{"raw": "<Event xmlns=\"http://schemas.microsoft.com/win/2004/08/events/event\"><System><Provider Name=\"Microsoft-Windows-Sysmon\"/><EventID>18</EventID><Level>4</Level><Task>18</Task><TimeCreated SystemTime=\"2020-09-27 13:42:01.182989\"/><Channel>Microsoft-Windows-Sysmon/Operational</Channel><Computer>MSEDGEWIN10</Computer></System><EventData><Data Name=\"Guid\">{5770385f-c22a-43e0-bf4c-06f5698ffbd9}</Data><Data Name=\"Keywords\">0x8000000000000000</Data><Data Name=\"Opcode\">0</Data><Data Name=\"ProcessID\">3320</Data><Data Name=\"ProcessId\">8116</Data><Data Name=\"UserID\">S-1-5-18</Data><Data Name=\"Version\">1</Data><Data Name=\"Image\">C:\\Windows\\system32\\PsExec.exe</Data><Data Name=\"ProcessGuid\">{747f3d96-96a8-5f70-0000-001028e92d00}</Data><Data Name=\"UtcTime\">2020-09-27 13:42:01.167</Data><Data Name=\"EventType\">ConnectPipe</Data><Data Name=\"PipeName\">\\svchost-MSEDGEWIN10-8116-stderr</Data></EventData></Event>", "source_id": "WINEVT-ATTACK", "mitre_tactic": "Defense Evasion", "evtx_file": "DE_renamed_psexec_service_sysmon_17_18.evtx"}
{"raw": "<Event xmlns=\"http://schemas.microsoft.com/win/2004/08/events/event\"><System><Provider Name=\"Microsoft-Windows-Sysmon\"/><EventID>18</EventID><Level>4</Level><Task>18</Task><TimeCreated SystemTime=\"2020-09-27 13:42:15.033194\"/><Channel>Microsoft-Windows-Sysmon/Operational</Channel><Computer>MSEDGEWIN10</Computer></System><EventData><Data Name=\"Guid\">{5770385f-c22a-43e0-bf4c-06f5698ffbd9}</Data><Data Name=\"Keywords\">0x8000000000000000</Data><Data Name=\"Opcode\">0</Data><Data Name=\"ProcessID\">3320</Data><Data Name=\"ProcessId\">1000</Data><Data Name=\"UserID\">S-1-5-18</Data><Data Name=\"Version\">1</Data><Data Name=\"Image\">C:\\Windows\\system32\\svchost.exe</Data><Data Name=\"ProcessGuid\">{747f3d96-96b6-5f70-0000-0010e5382e00}</Data><Data Name=\"UtcTime\">2020-09-27 13:42:15.010</Data><Data Name=\"EventType\">ConnectPipe</Data><Data Name=\"PipeName\">\\lsass</Data></EventData></Event>", "source_id": "WINEVT-ATTACK", "mitre_tactic": "Defense Evasion", "evtx_file": "DE_renamed_psexec_service_sysmon_17_18.evtx"}
{"raw": "<Event xmlns=\"http://schemas.microsoft.com/win/2004/08/events/event\"><System><Provider Name=\"Microsoft-Windows-Sysmon\"/><EventID>18</EventID><Level>4</Level><Task>18</Task><TimeCreated SystemTime=\"2020-09-27 13:42:15.525845\"/><Channel>Microsoft-Windows-Sysmon/Operational</Channel><Computer>MSEDGEWIN10</Computer></System><EventData><Data Name=\"Guid\">{5770385f-c22a-43e0-bf4c-06f5698ffbd9}</Data><Data Name=\"Keywords\">0x8000000000000000</Data><Data Name=\"Opcode\">0</Data><Data Name=\"ProcessID\">3320</Data><Data Name=\"ProcessId\">6096</Data><Data Name=\"UserID\">S-1-5-18</Data><Data Name=\"Version\">1</Data><Data Name=\"Image\">C:\\Windows\\system32\\mmc.exe</Data><Data Name=\"ProcessGuid\">{747f3d96-8e29-5f70-0000-001049471000}</Data><Data Name=\"UtcTime\">2020-09-27 13:42:15.511</Data><Data Name=\"EventType\">ConnectPipe</Data><Data Name=\"PipeName\">\\wkssvc</Data></EventData></Event>", "source_id": "WINEVT-ATTACK", "mitre_tactic": "Defense Evasion", "evtx_file": "DE_renamed_psexec_service_sysmon_17_18.evtx"}
{"raw": "<Event xmlns=\"http://schemas.microsoft.com/win/2004/08/events/event\"><System><Provider Name=\"Microsoft-Windows-Sysmon\"/><EventID>18</EventID><Level>4</Level><Task>18</Task><TimeCreated SystemTime=\"2020-09-27 13:42:15.530783\"/><Channel>Microsoft-Windows-Sysmon/Operational</Channel><Computer>MSEDGEWIN10</Computer></System><EventData><Data Name=\"Guid\">{5770385f-c22a-43e0-bf4c-06f5698ffbd9}</Data><Data Name=\"Keywords\">0x8000000000000000</Data><Data Name=\"Opcode\">0</Data><Data Name=\"ProcessID\">3320</Data><Data Name=\"ProcessId\">6096</Data><Data Name=\"UserID\">S-1-5-18</Data><Data Name=\"Version\">1</Data><Data Name=\"Image\">C:\\Windows\\system32\\mmc.exe</Data><Data Name=\"ProcessGuid\">{747f3d96-8e29-5f70-0000-001049471000}</Data><Data Name=\"UtcTime\">2020-09-27 13:42:15.526</Data><Data Name=\"EventType\">ConnectPipe</Data><Data Name=\"PipeName\">\\browser</Data></EventData></Event>", "source_id": "WINEVT-ATTACK", "mitre_tactic": "Defense Evasion", "evtx_file": "DE_renamed_psexec_service_sysmon_17_18.evtx"}
{"raw": "<Event xmlns=\"http://schemas.microsoft.com/win/2004/08/events/event\"><System><Provider Name=\"Microsoft-Windows-Eventlog\"/><EventID>1102</EventID><Level>4</Level><Task>104</Task><TimeCreated SystemTime=\"2020-09-23 16:49:41.578691\"/><Channel>Security</Channel><Computer>01566s-win16-ir.threebeesco.com</Computer></System><EventData><Data Name=\"Guid\">{fc65ddd8-d6ef-4962-83d5-6e5cfe9ce148}</Data><Data Name=\"Keywords\">0x4020000000000000</Data><Data Name=\"Opcode\">0</Data><Data Name=\"ProcessID\">5424</Data><Data Name=\"Version\">0</Data><Data Name=\"{http://manifests.microsoft.com/win/2004/08/windows/eventlog}SubjectDomainName\">3B</Data><Data Name=\"{http://manifests.microsoft.com/win/2004/08/windows/eventlog}SubjectLogonId\">0x000000000007b186</Data><Data Name=\"{http://manifests.microsoft.com/win/2004/08/windows/eventlog}SubjectUserName\">Administrator</Data><Data Name=\"{http://manifests.microsoft.com/win/2004/08/windows/eventlog}SubjectUserSid\">S-1-5-21-308926384-506822093-3341789130-500</Data></EventData></Event>", "source_id": "WINEVT-ATTACK", "mitre_tactic": "Defense Evasion", "evtx_file": "DE_suspicious_remote_eventlog_svc_access_5145.evtx"}
{"raw": "<Event xmlns=\"http://schemas.microsoft.com/win/2004/08/events/event\"><System><Provider Name=\"Microsoft-Windows-Security-Auditing\"/><EventID>4776</EventID><Level>0</Level><Task>14336</Task><TimeCreated SystemTime=\"2020-09-23 16:50:16.697344\"/><Channel>Security</Channel><Computer>01566s-win16-ir.threebeesco.com</Computer></System><EventData><Data Name=\"Guid\">{54849625-5478-4994-a5ba-3e3b0328c30d}</Data><Data Name=\"Keywords\">0x8020000000000000</Data><Data Name=\"Opcode\">0</Data><Data Name=\"ProcessID\">588</Data><Data Name=\"TargetUserName\">Administrator</Data><Data Name=\"Version\">0</Data><Data Name=\"Status\">0x00000000</Data><Data Name=\"PackageName\">MICROSOFT_AUTHENTICATION_PACKAGE_V1_0</Data></EventData></Event>", "source_id": "WINEVT-ATTACK", "mitre_tactic": "Defense Evasion", "evtx_file": "DE_suspicious_remote_eventlog_svc_access_5145.evtx"}
{"raw": "<Event xmlns=\"http://schemas.microsoft.com/win/2004/08/events/event\"><System><Provider Name=\"Microsoft-Windows-Security-Auditing\"/><EventID>4624</EventID><Level>0</Level><Task>12544</Task><TimeCreated SystemTime=\"2020-09-23 16:50:16.697735\"/><Channel>Security</Channel><Computer>01566s-win16-ir.threebeesco.com</Computer></System><EventData><Data Name=\"AuthenticationPackageName\">NTLM</Data><Data Name=\"Guid\">{54849625-5478-4994-a5ba-3e3b0328c30d}</Data><Data Name=\"IpAddress\">172.16.66.37</Data><Data Name=\"IpPort\">50106</Data><Data Name=\"KeyLength\">128</Data><Data Name=\"Keywords\">0x8020000000000000</Data><Data Name=\"LmPackageName\">NTLM V2</Data><Data Name=\"LogonGuid\">{00000000-0000-0000-0000-000000000000}</Data><Data Name=\"LogonProcessName\">NtLmSsp </Data><Data Name=\"LogonType\">3</Data><Data Name=\"Opcode\">0</Data><Data Name=\"ProcessID\">588</Data><Data Name=\"ProcessId\">0x0000000000000000</Data><Data Name=\"SubjectLogonId\">0x0000000000000000</Data><Data Name=\"SubjectUserSid\">S-1-0-0</Data><Data Name=\"TargetDomainName\">3B</Data><Data Name=\"TargetLogonId\">0x0000000001136e95</Data><Data Name=\"TargetUserName\">Administrator</Data><Data Name=\"TargetUserSid\">S-1-5-21-308926384-506822093-3341789130-500</Data><Data Name=\"Version\">2</Data><Data Name=\"ElevatedToken\">%%1842</Data><Data Name=\"ImpersonationLevel\">%%1833</Data><Data Name=\"TargetLinkedLogonId\">0x0000000000000000</Data><Data Name=\"VirtualAccount\">%%1843</Data></EventData></Event>", "source_id": "WINEVT-ATTACK", "mitre_tactic": "Defense Evasion", "evtx_file": "DE_suspicious_remote_eventlog_svc_access_5145.evtx"}
{"raw": "<Event xmlns=\"http://schemas.microsoft.com/win/2004/08/events/event\"><System><Provider Name=\"Microsoft-Windows-Security-Auditing\"/><EventID>5145</EventID><Level>0</Level><Task>12811</Task><TimeCreated SystemTime=\"2020-09-23 16:50:16.702982\"/><Channel>Security</Channel><Computer>01566s-win16-ir.threebeesco.com</Computer></System><EventData><Data Name=\"Guid\">{54849625-5478-4994-a5ba-3e3b0328c30d}</Data><Data Name=\"IpAddress\">172.16.66.37</Data><Data Name=\"IpPort\">50106</Data><Data Name=\"Keywords\">0x8020000000000000</Data><Data Name=\"Opcode\">0</Data><Data Name=\"ProcessID\">4</Data><Data Name=\"SubjectDomainName\">3B</Data><Data Name=\"SubjectLogonId\">0x0000000001136e95</Data><Data Name=\"SubjectUserName\">Administrator</Data><Data Name=\"SubjectUserSid\">S-1-5-21-308926384-506822093-3341789130-500</Data><Data Name=\"Version\">0</Data><Data Name=\"AccessList\">%%4416\n\t\t\t\t%%4417\n\t\t\t\t%%4423\n\t\t\t\t</Data><Data Name=\"AccessMask\">0x00000083</Data><Data Name=\"ObjectType\">File</Data><Data Name=\"RelativeTargetName\">eventlog</Data><Data Name=\"ShareName\">\\\\*\\IPC$</Data></EventData></Event>", "source_id": "WINEVT-ATTACK", "mitre_tactic": "Defense Evasion", "evtx_file": "DE_suspicious_remote_eventlog_svc_access_5145.evtx"}
{"raw": "<Event xmlns=\"http://schemas.microsoft.com/win/2004/08/events/event\"><System><Provider Name=\"Microsoft-Windows-Security-Auditing\"/><EventID>4624</EventID><Level>0</Level><Task>12544</Task><TimeCreated SystemTime=\"2020-09-23 16:50:16.870642\"/><Channel>Security</Channel><Computer>01566s-win16-ir.threebeesco.com</Computer></System><EventData><Data Name=\"AuthenticationPackageName\">Negotiate</Data><Data Name=\"Guid\">{54849625-5478-4994-a5ba-3e3b0328c30d}</Data><Data Name=\"KeyLength\">0</Data><Data Name=\"Keywords\">0x8020000000000000</Data><Data Name=\"LogonGuid\">{00000000-0000-0000-0000-000000000000}</Data><Data Name=\"LogonProcessName\">Advapi  </Data><Data Name=\"LogonType\">5</Data><Data Name=\"Opcode\">0</Data><Data Name=\"ProcessID\">588</Data><Data Name=\"ProcessId\">0x0000000000000244</Data><Data Name=\"ProcessName\">C:\\Windows\\System32\\services.exe</Data><Data Name=\"SubjectDomainName\">3B</Data><Data Name=\"SubjectLogonId\">0x00000000000003e7</Data><Data Name=\"SubjectUserName\">01566S-WIN16-IR$</Data><Data Name=\"SubjectUserSid\">S-1-5-18</Data><Data Name=\"TargetDomainName\">NT AUTHORITY</Data><Data Name=\"TargetLogonId\">0x00000000000003e7</Data><Data Name=\"TargetUserName\">SYSTEM</Data><Data Name=\"TargetUserSid\">S-1-5-18</Data><Data Name=\"Version\">2</Data><Data Name=\"ElevatedToken\">%%1842</Data><Data Name=\"ImpersonationLevel\">%%1833</Data><Data Name=\"TargetLinkedLogonId\">0x0000000000000000</Data><Data Name=\"VirtualAccount\">%%1843</Data></EventData></Event>", "source_id": "WINEVT-ATTACK", "mitre_tactic": "Defense Evasion", "evtx_file": "DE_suspicious_remote_eventlog_svc_access_5145.evtx"}
{"raw": "<Event xmlns=\"http://schemas.microsoft.com/win/2004/08/events/event\"><System><Provider Name=\"Microsoft-Windows-Security-Auditing\"/><EventID>4776</EventID><Level>0</Level><Task>14336</Task><TimeCreated SystemTime=\"2020-09-23 16:50:17.194315\"/><Channel>Security</Channel><Computer>01566s-win16-ir.threebeesco.com</Computer></System><EventData><Data Name=\"Guid\">{54849625-5478-4994-a5ba-3e3b0328c30d}</Data><Data Name=\"Keywords\">0x8020000000000000</Data><Data Name=\"Opcode\">0</Data><Data Name=\"ProcessID\">588</Data><Data Name=\"TargetUserName\">Administrator</Data><Data Name=\"Version\">0</Data><Data Name=\"Status\">0x00000000</Data><Data Name=\"PackageName\">MICROSOFT_AUTHENTICATION_PACKAGE_V1_0</Data></EventData></Event>", "source_id": "WINEVT-ATTACK", "mitre_tactic": "Defense Evasion", "evtx_file": "DE_suspicious_remote_eventlog_svc_access_5145.evtx"}
{"raw": "<Event xmlns=\"http://schemas.microsoft.com/win/2004/08/events/event\"><System><Provider Name=\"Microsoft-Windows-Security-Auditing\"/><EventID>4624</EventID><Level>0</Level><Task>12544</Task><TimeCreated SystemTime=\"2020-09-23 16:50:17.194653\"/><Channel>Security</Channel><Computer>01566s-win16-ir.threebeesco.com</Computer></System><EventData><Data Name=\"AuthenticationPackageName\">NTLM</Data><Data Name=\"Guid\">{54849625-5478-4994-a5ba-3e3b0328c30d}</Data><Data Name=\"IpAddress\">172.16.66.37</Data><Data Name=\"IpPort\">50107</Data><Data Name=\"KeyLength\">128</Data><Data Name=\"Keywords\">0x8020000000000000</Data><Data Name=\"LmPackageName\">NTLM V2</Data><Data Name=\"LogonGuid\">{00000000-0000-0000-0000-000000000000}</Data><Data Name=\"LogonProcessName\">NtLmSsp </Data><Data Name=\"LogonType\">3</Data><Data Name=\"Opcode\">0</Data><Data Name=\"ProcessID\">588</Data><Data Name=\"ProcessId\">0x0000000000000000</Data><Data Name=\"SubjectLogonId\">0x0000000000000000</Data><Data Name=\"SubjectUserSid\">S-1-0-0</Data><Data Name=\"TargetDomainName\">3B</Data><Data Name=\"TargetLogonId\">0x0000000001137987</Data><Data Name=\"TargetUserName\">Administrator</Data><Data Name=\"TargetUserSid\">S-1-5-21-308926384-506822093-3341789130-500</Data><Data Name=\"Version\">2</Data><Data Name=\"ElevatedToken\">%%1842</Data><Data Name=\"ImpersonationLevel\">%%1833</Data><Data Name=\"TargetLinkedLogonId\">0x0000000000000000</Data><Data Name=\"VirtualAccount\">%%1843</Data></EventData></Event>", "source_id": "WINEVT-ATTACK", "mitre_tactic": "Defense Evasion", "evtx_file": "DE_suspicious_remote_eventlog_svc_access_5145.evtx"}
{"raw": "<Event xmlns=\"http://schemas.microsoft.com/win/2004/08/events/event\"><System><Provider Name=\"Microsoft-Windows-Security-Auditing\"/><EventID>5145</EventID><Level>0</Level><Task>12811</Task><TimeCreated SystemTime=\"2020-09-23 16:50:17.200140\"/><Channel>Security</Channel><Computer>01566s-win16-ir.threebeesco.com</Computer></System><EventData><Data Name=\"Guid\">{54849625-5478-4994-a5ba-3e3b0328c30d}</Data><Data Name=\"IpAddress\">172.16.66.37</Data><Data Name=\"IpPort\">50107</Data><Data Name=\"Keywords\">0x8020000000000000</Data><Data Name=\"Opcode\">0</Data><Data Name=\"ProcessID\">4</Data><Data Name=\"SubjectDomainName\">3B</Data><Data Name=\"SubjectLogonId\">0x0000000001137987</Data><Data Name=\"SubjectUserName\">Administrator</Data><Data Name=\"SubjectUserSid\">S-1-5-21-308926384-506822093-3341789130-500</Data><Data Name=\"Version\">0</Data><Data Name=\"AccessList\">%%4416\n\t\t\t\t%%4417\n\t\t\t\t%%4423\n\t\t\t\t</Data><Data Name=\"AccessMask\">0x00000083</Data><Data Name=\"ObjectType\">File</Data><Data Name=\"RelativeTargetName\">eventlog</Data><Data Name=\"ShareName\">\\\\*\\IPC$</Data></EventData></Event>", "source_id": "WINEVT-ATTACK", "mitre_tactic": "Defense Evasion", "evtx_file": "DE_suspicious_remote_eventlog_svc_access_5145.evtx"}
{"raw": "<Event xmlns=\"http://schemas.microsoft.com/win/2004/08/events/event\"><System><Provider Name=\"Microsoft-Windows-Sysmon\"/><EventID>13</EventID><Level>4</Level><Task>13</Task><TimeCreated SystemTime=\"2019-05-15 04:18:40.474644\"/><Channel>Microsoft-Windows-Sysmon/Operational</Channel><Computer>IEWIN7</Computer></System><EventData><Data Name=\"Guid\">{5770385f-c22a-43e0-bf4c-06f5698ffbd9}</Data><Data Name=\"Keywords\">0x8000000000000000</Data><Data Name=\"Opcode\">0</Data><Data Name=\"ProcessID\">2024</Data><Data Name=\"ProcessId\">3804</Data><Data Name=\"UserID\">S-1-5-18</Data><Data Name=\"Version\">2</Data><Data Name=\"Image\">C:\\Windows\\system32\\wbem\\wmiprvse.exe</Data><Data Name=\"ProcessGuid\">{365abb72-92df-5cdb-0000-0010a15e1300}</Data><Data Name=\"RuleName\">Defense Evasion - access to the VBA project object model in the Macro Settings changed</Data><Data Name=\"UtcTime\">2019-05-15 04:18:40.459</Data><Data Name=\"EventType\">SetValue</Data><Data Name=\"TargetObject\">HKU\\S-1-5-21-3583694148-1414552638-2922671848-1000\\Software\\Microsoft\\Office\\16.0\\Excel\\Security\\AccessVBOM</Data><Data Name=\"Details\">DWORD (0x00000001)</Data></EventData></Event>", "source_id": "WINEVT-ATTACK", "mitre_tactic": "Defense Evasion", "evtx_file": "de_sysmon_13_VBA_Security_AccessVBOM.evtx"}
{"raw": "<Event xmlns=\"http://schemas.microsoft.com/win/2004/08/events/event\"><System><Provider Name=\"Microsoft-Windows-Sysmon\"/><EventID>1</EventID><Level>4</Level><Task>1</Task><TimeCreated SystemTime=\"2019-05-16 14:17:15.762709\"/><Channel>Microsoft-Windows-Sysmon/Operational</Channel><Computer>DC1.insecurebank.local</Computer></System><EventData><Data Name=\"Guid\">{5770385f-c22a-43e0-bf4c-06f5698ffbd9}</Data><Data Name=\"Keywords\">0x8000000000000000</Data><Data Name=\"LogonGuid\">{dfae8213-7002-5cdd-0000-0020e6850500}</Data><Data Name=\"Opcode\">0</Data><Data Name=\"ProcessID\">1780</Data><Data Name=\"ProcessId\">3788</Data><Data Name=\"UserID\">S-1-5-18</Data><Data Name=\"Version\">5</Data><Data Name=\"CommandLine\">reg  add hklm\\software\\microsoft\\windows\\currentversion\\policies\\system /v EnableLUA /t REG_DWORD /d 0x0 /f</Data><Data Name=\"Company\">Microsoft Corporation</Data><Data Name=\"CurrentDirectory\">C:\\</Data><Data Name=\"Description\">Registry Console Tool</Data><Data Name=\"FileVersion\">6.3.9600.16384 (winblue_rtm.130821-1623)</Data><Data Name=\"Hashes\">SHA1=0873F40DE395DE017495ED5C7E693AFB55E9F867,MD5=A3F446F1E2B8C6ECE56F608FB32B8DC6,SHA256=849F54DC526EA18D59ABAF4904CB11BC15B982D2952B971F2E1B6FBF8C974B39,IMPHASH=A069A88BBB8016324D7EC0A0EEC459EB</Data><Data Name=\"Image\">C:\\Windows\\System32\\reg.exe</Data><Data Name=\"IntegrityLevel\">High</Data><Data Name=\"LogonId\">0x00000000000585e6</Data><Data Name=\"ParentCommandLine\">\"C:\\Windows\\system32\\cmd.exe\" </Data><Data Name=\"ParentImage\">C:\\Windows\\System32\\cmd.exe</Data><Data Name=\"ParentProcessGuid\">{dfae8213-702c-5cdd-0000-0010e8c50600}</Data><Data Name=\"ParentProcessId\">3748</Data><Data Name=\"ProcessGuid\">{dfae8213-70eb-5cdd-0000-0010f66d0a00}</Data><Data Name=\"Product\">Microsoft\u00ae Windows\u00ae Operating System</Data><Data Name=\"RuleName\">technique_id=T1112,technique_name=Modify Registry</Data><Data Name=\"TerminalSessionId\">2</Data><Data Name=\"User\">insecurebank\\Administrator</Data><Data Name=\"UtcTime\">2019-05-16 14:17:15.753</Data></EventData></Event>", "source_id": "WINEVT-ATTACK", "mitre_tactic": "Defense Evasion", "evtx_file": "DE_UAC_Disabled_Sysmon_12_13.evtx"}
{"raw": "<Event xmlns=\"http://schemas.microsoft.com/win/2004/08/events/event\"><System><Provider Name=\"Microsoft-Windows-Sysmon\"/><EventID>12</EventID><Level>4</Level><Task>12</Task><TimeCreated SystemTime=\"2019-05-16 14:17:15.763712\"/><Channel>Microsoft-Windows-Sysmon/Operational</Channel><Computer>DC1.insecurebank.local</Computer></System><EventData><Data Name=\"Guid\">{5770385f-c22a-43e0-bf4c-06f5698ffbd9}</Data><Data Name=\"Keywords\">0x8000000000000000</Data><Data Name=\"Opcode\">0</Data><Data Name=\"ProcessID\">1780</Data><Data Name=\"ProcessId\">3788</Data><Data Name=\"UserID\">S-1-5-18</Data><Data Name=\"Version\">2</Data><Data Name=\"Image\">C:\\Windows\\system32\\reg.exe</Data><Data Name=\"ProcessGuid\">{dfae8213-70eb-5cdd-0000-0010f66d0a00}</Data><Data Name=\"RuleName\">technique_id=T1088,technique_name=Bypass User Account Control</Data><Data Name=\"UtcTime\">2019-05-16 14:17:15.758</Data><Data Name=\"EventType\">CreateKey</Data><Data Name=\"TargetObject\">HKLM\\SOFTWARE\\Microsoft\\Windows\\CurrentVersion\\policies\\system</Data></EventData></Event>", "source_id": "WINEVT-ATTACK", "mitre_tactic": "Defense Evasion", "evtx_file": "DE_UAC_Disabled_Sysmon_12_13.evtx"}
