{"raw": "<Event xmlns=\"http://schemas.microsoft.com/win/2004/08/events/event\"><System><Provider Name=\"Microsoft-Windows-Sysmon\"/><EventID>18</EventID><Level>4</Level><Task>18</Task><TimeCreated SystemTime=\"2020-09-27 13:19:54.264877\"/><Channel>Microsoft-Windows-Sysmon/Operational</Channel><Computer>MSEDGEWIN10</Computer></System><EventData><Data Name=\"Guid\">{5770385f-c22a-43e0-bf4c-06f5698ffbd9}</Data><Data Name=\"Keywords\">0x8000000000000000</Data><Data Name=\"Opcode\">0</Data><Data Name=\"ProcessID\">3320</Data><Data Name=\"ProcessId\">4</Data><Data Name=\"UserID\">S-1-5-18</Data><Data Name=\"Version\">1</Data><Data Name=\"Image\">System</Data><Data Name=\"ProcessGuid\">{747f3d96-0c7a-5f71-0000-0010eb030000}</Data><Data Name=\"UtcTime\">2020-09-27 13:19:54.263</Data><Data Name=\"EventType\">ConnectPipe</Data><Data Name=\"PipeName\">\\browser</Data></EventData></Event>", "source_id": "WINEVT-ATTACK", "mitre_tactic": "Discovery", "evtx_file": "Discovery_Remote_System_NamedPipes_Sysmon_18.evtx"}
{"raw": "<Event xmlns=\"http://schemas.microsoft.com/win/2004/08/events/event\"><System><Provider Name=\"Microsoft-Windows-Sysmon\"/><EventID>18</EventID><Level>4</Level><Task>18</Task><TimeCreated SystemTime=\"2020-09-27 13:19:54.272245\"/><Channel>Microsoft-Windows-Sysmon/Operational</Channel><Computer>MSEDGEWIN10</Computer></System><EventData><Data Name=\"Guid\">{5770385f-c22a-43e0-bf4c-06f5698ffbd9}</Data><Data Name=\"Keywords\">0x8000000000000000</Data><Data Name=\"Opcode\">0</Data><Data Name=\"ProcessID\">3320</Data><Data Name=\"ProcessId\">4</Data><Data Name=\"UserID\">S-1-5-18</Data><Data Name=\"Version\">1</Data><Data Name=\"Image\">System</Data><Data Name=\"ProcessGuid\">{747f3d96-0c7a-5f71-0000-0010eb030000}</Data><Data Name=\"UtcTime\">2020-09-27 13:19:54.263</Data><Data Name=\"EventType\">ConnectPipe</Data><Data Name=\"PipeName\">\\atsvc</Data></EventData></Event>", "source_id": "WINEVT-ATTACK", "mitre_tactic": "Discovery", "evtx_file": "Discovery_Remote_System_NamedPipes_Sysmon_18.evtx"}
{"raw": "<Event xmlns=\"http://schemas.microsoft.com/win/2004/08/events/event\"><System><Provider Name=\"Microsoft-Windows-Sysmon\"/><EventID>18</EventID><Level>4</Level><Task>18</Task><TimeCreated SystemTime=\"2020-09-27 13:19:54.286699\"/><Channel>Microsoft-Windows-Sysmon/Operational</Channel><Computer>MSEDGEWIN10</Computer></System><EventData><Data Name=\"Guid\">{5770385f-c22a-43e0-bf4c-06f5698ffbd9}</Data><Data Name=\"Keywords\">0x8000000000000000</Data><Data Name=\"Opcode\">0</Data><Data Name=\"ProcessID\">3320</Data><Data Name=\"ProcessId\">4</Data><Data Name=\"UserID\">S-1-5-18</Data><Data Name=\"Version\">1</Data><Data Name=\"Image\">System</Data><Data Name=\"ProcessGuid\">{747f3d96-0c7a-5f71-0000-0010eb030000}</Data><Data Name=\"UtcTime\">2020-09-27 13:19:54.278</Data><Data Name=\"EventType\">ConnectPipe</Data><Data Name=\"PipeName\">\\epmapper</Data></EventData></Event>", "source_id": "WINEVT-ATTACK", "mitre_tactic": "Discovery", "evtx_file": "Discovery_Remote_System_NamedPipes_Sysmon_18.evtx"}
{"raw": "<Event xmlns=\"http://schemas.microsoft.com/win/2004/08/events/event\"><System><Provider Name=\"Microsoft-Windows-Sysmon\"/><EventID>18</EventID><Level>4</Level><Task>18</Task><TimeCreated SystemTime=\"2020-09-27 13:19:54.293118\"/><Channel>Microsoft-Windows-Sysmon/Operational</Channel><Computer>MSEDGEWIN10</Computer></System><EventData><Data Name=\"Guid\">{5770385f-c22a-43e0-bf4c-06f5698ffbd9}</Data><Data Name=\"Keywords\">0x8000000000000000</Data><Data Name=\"Opcode\">0</Data><Data Name=\"ProcessID\">3320</Data><Data Name=\"ProcessId\">4</Data><Data Name=\"UserID\">S-1-5-18</Data><Data Name=\"Version\">1</Data><Data Name=\"Image\">System</Data><Data Name=\"ProcessGuid\">{747f3d96-0c7a-5f71-0000-0010eb030000}</Data><Data Name=\"UtcTime\">2020-09-27 13:19:54.278</Data><Data Name=\"EventType\">ConnectPipe</Data><Data Name=\"PipeName\">\\eventlog</Data></EventData></Event>", "source_id": "WINEVT-ATTACK", "mitre_tactic": "Discovery", "evtx_file": "Discovery_Remote_System_NamedPipes_Sysmon_18.evtx"}
{"raw": "<Event xmlns=\"http://schemas.microsoft.com/win/2004/08/events/event\"><System><Provider Name=\"Microsoft-Windows-Sysmon\"/><EventID>18</EventID><Level>4</Level><Task>18</Task><TimeCreated SystemTime=\"2020-09-27 13:19:54.299568\"/><Channel>Microsoft-Windows-Sysmon/Operational</Channel><Computer>MSEDGEWIN10</Computer></System><EventData><Data Name=\"Guid\">{5770385f-c22a-43e0-bf4c-06f5698ffbd9}</Data><Data Name=\"Keywords\">0x8000000000000000</Data><Data Name=\"Opcode\">0</Data><Data Name=\"ProcessID\">3320</Data><Data Name=\"ProcessId\">4</Data><Data Name=\"UserID\">S-1-5-18</Data><Data Name=\"Version\">1</Data><Data Name=\"Image\">System</Data><Data Name=\"ProcessGuid\">{747f3d96-0c7a-5f71-0000-0010eb030000}</Data><Data Name=\"UtcTime\">2020-09-27 13:19:54.295</Data><Data Name=\"EventType\">ConnectPipe</Data><Data Name=\"PipeName\">\\InitShutdown</Data></EventData></Event>", "source_id": "WINEVT-ATTACK", "mitre_tactic": "Discovery", "evtx_file": "Discovery_Remote_System_NamedPipes_Sysmon_18.evtx"}
{"raw": "<Event xmlns=\"http://schemas.microsoft.com/win/2004/08/events/event\"><System><Provider Name=\"Microsoft-Windows-Sysmon\"/><EventID>18</EventID><Level>4</Level><Task>18</Task><TimeCreated SystemTime=\"2020-09-27 13:19:54.314129\"/><Channel>Microsoft-Windows-Sysmon/Operational</Channel><Computer>MSEDGEWIN10</Computer></System><EventData><Data Name=\"Guid\">{5770385f-c22a-43e0-bf4c-06f5698ffbd9}</Data><Data Name=\"Keywords\">0x8000000000000000</Data><Data Name=\"Opcode\">0</Data><Data Name=\"ProcessID\">3320</Data><Data Name=\"ProcessId\">4</Data><Data Name=\"UserID\">S-1-5-18</Data><Data Name=\"Version\">1</Data><Data Name=\"Image\">System</Data><Data Name=\"ProcessGuid\">{747f3d96-0c7a-5f71-0000-0010eb030000}</Data><Data Name=\"UtcTime\">2020-09-27 13:19:54.308</Data><Data Name=\"EventType\">ConnectPipe</Data><Data Name=\"PipeName\">\\lsass</Data></EventData></Event>", "source_id": "WINEVT-ATTACK", "mitre_tactic": "Discovery", "evtx_file": "Discovery_Remote_System_NamedPipes_Sysmon_18.evtx"}
{"raw": "<Event xmlns=\"http://schemas.microsoft.com/win/2004/08/events/event\"><System><Provider Name=\"Microsoft-Windows-Sysmon\"/><EventID>18</EventID><Level>4</Level><Task>18</Task><TimeCreated SystemTime=\"2020-09-27 13:19:54.322313\"/><Channel>Microsoft-Windows-Sysmon/Operational</Channel><Computer>MSEDGEWIN10</Computer></System><EventData><Data Name=\"Guid\">{5770385f-c22a-43e0-bf4c-06f5698ffbd9}</Data><Data Name=\"Keywords\">0x8000000000000000</Data><Data Name=\"Opcode\">0</Data><Data Name=\"ProcessID\">3320</Data><Data Name=\"ProcessId\">4</Data><Data Name=\"UserID\">S-1-5-18</Data><Data Name=\"Version\">1</Data><Data Name=\"Image\">System</Data><Data Name=\"ProcessGuid\">{747f3d96-0c7a-5f71-0000-0010eb030000}</Data><Data Name=\"UtcTime\">2020-09-27 13:19:54.308</Data><Data Name=\"EventType\">ConnectPipe</Data><Data Name=\"PipeName\">\\LSM_API_service</Data></EventData></Event>", "source_id": "WINEVT-ATTACK", "mitre_tactic": "Discovery", "evtx_file": "Discovery_Remote_System_NamedPipes_Sysmon_18.evtx"}
{"raw": "<Event xmlns=\"http://schemas.microsoft.com/win/2004/08/events/event\"><System><Provider Name=\"Microsoft-Windows-Sysmon\"/><EventID>18</EventID><Level>4</Level><Task>18</Task><TimeCreated SystemTime=\"2020-09-27 13:19:54.328840\"/><Channel>Microsoft-Windows-Sysmon/Operational</Channel><Computer>MSEDGEWIN10</Computer></System><EventData><Data Name=\"Guid\">{5770385f-c22a-43e0-bf4c-06f5698ffbd9}</Data><Data Name=\"Keywords\">0x8000000000000000</Data><Data Name=\"Opcode\">0</Data><Data Name=\"ProcessID\">3320</Data><Data Name=\"ProcessId\">4</Data><Data Name=\"UserID\">S-1-5-18</Data><Data Name=\"Version\">1</Data><Data Name=\"Image\">System</Data><Data Name=\"ProcessGuid\">{747f3d96-0c7a-5f71-0000-0010eb030000}</Data><Data Name=\"UtcTime\">2020-09-27 13:19:54.325</Data><Data Name=\"EventType\">ConnectPipe</Data><Data Name=\"PipeName\">\\ntsvcs</Data></EventData></Event>", "source_id": "WINEVT-ATTACK", "mitre_tactic": "Discovery", "evtx_file": "Discovery_Remote_System_NamedPipes_Sysmon_18.evtx"}
{"raw": "<Event xmlns=\"http://schemas.microsoft.com/win/2004/08/events/event\"><System><Provider Name=\"Microsoft-Windows-Sysmon\"/><EventID>18</EventID><Level>4</Level><Task>18</Task><TimeCreated SystemTime=\"2020-09-27 13:19:54.343643\"/><Channel>Microsoft-Windows-Sysmon/Operational</Channel><Computer>MSEDGEWIN10</Computer></System><EventData><Data Name=\"Guid\">{5770385f-c22a-43e0-bf4c-06f5698ffbd9}</Data><Data Name=\"Keywords\">0x8000000000000000</Data><Data Name=\"Opcode\">0</Data><Data Name=\"ProcessID\">3320</Data><Data Name=\"ProcessId\">4</Data><Data Name=\"UserID\">S-1-5-18</Data><Data Name=\"Version\">1</Data><Data Name=\"Image\">System</Data><Data Name=\"ProcessGuid\">{747f3d96-0c7a-5f71-0000-0010eb030000}</Data><Data Name=\"UtcTime\">2020-09-27 13:19:54.343</Data><Data Name=\"EventType\">ConnectPipe</Data><Data Name=\"PipeName\">\\lsass</Data></EventData></Event>", "source_id": "WINEVT-ATTACK", "mitre_tactic": "Discovery", "evtx_file": "Discovery_Remote_System_NamedPipes_Sysmon_18.evtx"}
{"raw": "<Event xmlns=\"http://schemas.microsoft.com/win/2004/08/events/event\"><System><Provider Name=\"Microsoft-Windows-Sysmon\"/><EventID>18</EventID><Level>4</Level><Task>18</Task><TimeCreated SystemTime=\"2020-09-27 13:19:54.350628\"/><Channel>Microsoft-Windows-Sysmon/Operational</Channel><Computer>MSEDGEWIN10</Computer></System><EventData><Data Name=\"Guid\">{5770385f-c22a-43e0-bf4c-06f5698ffbd9}</Data><Data Name=\"Keywords\">0x8000000000000000</Data><Data Name=\"Opcode\">0</Data><Data Name=\"ProcessID\">3320</Data><Data Name=\"ProcessId\">4</Data><Data Name=\"UserID\">S-1-5-18</Data><Data Name=\"Version\">1</Data><Data Name=\"Image\">System</Data><Data Name=\"ProcessGuid\">{747f3d96-0c7a-5f71-0000-0010eb030000}</Data><Data Name=\"UtcTime\">2020-09-27 13:19:54.343</Data><Data Name=\"EventType\">ConnectPipe</Data><Data Name=\"PipeName\">\\ROUTER</Data></EventData></Event>", "source_id": "WINEVT-ATTACK", "mitre_tactic": "Discovery", "evtx_file": "Discovery_Remote_System_NamedPipes_Sysmon_18.evtx"}
{"raw": "<Event xmlns=\"http://schemas.microsoft.com/win/2004/08/events/event\"><System><Provider Name=\"Microsoft-Windows-Sysmon\"/><EventID>18</EventID><Level>4</Level><Task>18</Task><TimeCreated SystemTime=\"2020-09-27 13:19:54.364584\"/><Channel>Microsoft-Windows-Sysmon/Operational</Channel><Computer>MSEDGEWIN10</Computer></System><EventData><Data Name=\"Guid\">{5770385f-c22a-43e0-bf4c-06f5698ffbd9}</Data><Data Name=\"Keywords\">0x8000000000000000</Data><Data Name=\"Opcode\">0</Data><Data Name=\"ProcessID\">3320</Data><Data Name=\"ProcessId\">4</Data><Data Name=\"UserID\">S-1-5-18</Data><Data Name=\"Version\">1</Data><Data Name=\"Image\">System</Data><Data Name=\"ProcessGuid\">{747f3d96-0c7a-5f71-0000-0010eb030000}</Data><Data Name=\"UtcTime\">2020-09-27 13:19:54.356</Data><Data Name=\"EventType\">ConnectPipe</Data><Data Name=\"PipeName\">\\scerpc</Data></EventData></Event>", "source_id": "WINEVT-ATTACK", "mitre_tactic": "Discovery", "evtx_file": "Discovery_Remote_System_NamedPipes_Sysmon_18.evtx"}
{"raw": "<Event xmlns=\"http://schemas.microsoft.com/win/2004/08/events/event\"><System><Provider Name=\"Microsoft-Windows-Sysmon\"/><EventID>18</EventID><Level>4</Level><Task>18</Task><TimeCreated SystemTime=\"2020-09-27 13:19:54.371227\"/><Channel>Microsoft-Windows-Sysmon/Operational</Channel><Computer>MSEDGEWIN10</Computer></System><EventData><Data Name=\"Guid\">{5770385f-c22a-43e0-bf4c-06f5698ffbd9}</Data><Data Name=\"Keywords\">0x8000000000000000</Data><Data Name=\"Opcode\">0</Data><Data Name=\"ProcessID\">3320</Data><Data Name=\"ProcessId\">4</Data><Data Name=\"UserID\">S-1-5-18</Data><Data Name=\"Version\">1</Data><Data Name=\"Image\">System</Data><Data Name=\"ProcessGuid\">{747f3d96-0c7a-5f71-0000-0010eb030000}</Data><Data Name=\"UtcTime\">2020-09-27 13:19:54.356</Data><Data Name=\"EventType\">ConnectPipe</Data><Data Name=\"PipeName\">\\srvsvc</Data></EventData></Event>", "source_id": "WINEVT-ATTACK", "mitre_tactic": "Discovery", "evtx_file": "Discovery_Remote_System_NamedPipes_Sysmon_18.evtx"}
{"raw": "<Event xmlns=\"http://schemas.microsoft.com/win/2004/08/events/event\"><System><Provider Name=\"Microsoft-Windows-Sysmon\"/><EventID>18</EventID><Level>4</Level><Task>18</Task><TimeCreated SystemTime=\"2020-09-27 13:19:54.377815\"/><Channel>Microsoft-Windows-Sysmon/Operational</Channel><Computer>MSEDGEWIN10</Computer></System><EventData><Data Name=\"Guid\">{5770385f-c22a-43e0-bf4c-06f5698ffbd9}</Data><Data Name=\"Keywords\">0x8000000000000000</Data><Data Name=\"Opcode\">0</Data><Data Name=\"ProcessID\">3320</Data><Data Name=\"ProcessId\">4</Data><Data Name=\"UserID\">S-1-5-18</Data><Data Name=\"Version\">1</Data><Data Name=\"Image\">System</Data><Data Name=\"ProcessGuid\">{747f3d96-0c7a-5f71-0000-0010eb030000}</Data><Data Name=\"UtcTime\">2020-09-27 13:19:54.371</Data><Data Name=\"EventType\">ConnectPipe</Data><Data Name=\"PipeName\">\\tapsrv</Data></EventData></Event>", "source_id": "WINEVT-ATTACK", "mitre_tactic": "Discovery", "evtx_file": "Discovery_Remote_System_NamedPipes_Sysmon_18.evtx"}
{"raw": "<Event xmlns=\"http://schemas.microsoft.com/win/2004/08/events/event\"><System><Provider Name=\"Microsoft-Windows-Sysmon\"/><EventID>18</EventID><Level>4</Level><Task>18</Task><TimeCreated SystemTime=\"2020-09-27 13:19:54.385128\"/><Channel>Microsoft-Windows-Sysmon/Operational</Channel><Computer>MSEDGEWIN10</Computer></System><EventData><Data Name=\"Guid\">{5770385f-c22a-43e0-bf4c-06f5698ffbd9}</Data><Data Name=\"Keywords\">0x8000000000000000</Data><Data Name=\"Opcode\">0</Data><Data Name=\"ProcessID\">3320</Data><Data Name=\"ProcessId\">4</Data><Data Name=\"UserID\">S-1-5-18</Data><Data Name=\"Version\">1</Data><Data Name=\"Image\">System</Data><Data Name=\"ProcessGuid\">{747f3d96-0c7a-5f71-0000-0010eb030000}</Data><Data Name=\"UtcTime\">2020-09-27 13:19:54.371</Data><Data Name=\"EventType\">ConnectPipe</Data><Data Name=\"PipeName\">\\trkwks</Data></EventData></Event>", "source_id": "WINEVT-ATTACK", "mitre_tactic": "Discovery", "evtx_file": "Discovery_Remote_System_NamedPipes_Sysmon_18.evtx"}
{"raw": "<Event xmlns=\"http://schemas.microsoft.com/win/2004/08/events/event\"><System><Provider Name=\"Microsoft-Windows-Sysmon\"/><EventID>18</EventID><Level>4</Level><Task>18</Task><TimeCreated SystemTime=\"2020-09-27 13:19:54.399729\"/><Channel>Microsoft-Windows-Sysmon/Operational</Channel><Computer>MSEDGEWIN10</Computer></System><EventData><Data Name=\"Guid\">{5770385f-c22a-43e0-bf4c-06f5698ffbd9}</Data><Data Name=\"Keywords\">0x8000000000000000</Data><Data Name=\"Opcode\">0</Data><Data Name=\"ProcessID\">3320</Data><Data Name=\"ProcessId\">4</Data><Data Name=\"UserID\">S-1-5-18</Data><Data Name=\"Version\">1</Data><Data Name=\"Image\">System</Data><Data Name=\"ProcessGuid\">{747f3d96-0c7a-5f71-0000-0010eb030000}</Data><Data Name=\"UtcTime\">2020-09-27 13:19:54.390</Data><Data Name=\"EventType\">ConnectPipe</Data><Data Name=\"PipeName\">\\wkssvc</Data></EventData></Event>", "source_id": "WINEVT-ATTACK", "mitre_tactic": "Discovery", "evtx_file": "Discovery_Remote_System_NamedPipes_Sysmon_18.evtx"}
{"raw": "<Event xmlns=\"http://schemas.microsoft.com/win/2004/08/events/event\"><System><Provider Name=\"Microsoft-Windows-Sysmon\"/><EventID>18</EventID><Level>4</Level><Task>18</Task><TimeCreated SystemTime=\"2020-09-27 13:20:11.245342\"/><Channel>Microsoft-Windows-Sysmon/Operational</Channel><Computer>MSEDGEWIN10</Computer></System><EventData><Data Name=\"Guid\">{5770385f-c22a-43e0-bf4c-06f5698ffbd9}</Data><Data Name=\"Keywords\">0x8000000000000000</Data><Data Name=\"Opcode\">0</Data><Data Name=\"ProcessID\">3320</Data><Data Name=\"ProcessId\">6096</Data><Data Name=\"UserID\">S-1-5-18</Data><Data Name=\"Version\">1</Data><Data Name=\"Image\">C:\\Windows\\system32\\mmc.exe</Data><Data Name=\"ProcessGuid\">{747f3d96-8e29-5f70-0000-001049471000}</Data><Data Name=\"UtcTime\">2020-09-27 13:20:11.229</Data><Data Name=\"EventType\">ConnectPipe</Data><Data Name=\"PipeName\">\\wkssvc</Data></EventData></Event>", "source_id": "WINEVT-ATTACK", "mitre_tactic": "Discovery", "evtx_file": "Discovery_Remote_System_NamedPipes_Sysmon_18.evtx"}
{"raw": "<Event xmlns=\"http://schemas.microsoft.com/win/2004/08/events/event\"><System><Provider Name=\"Microsoft-Windows-Sysmon\"/><EventID>18</EventID><Level>4</Level><Task>18</Task><TimeCreated SystemTime=\"2020-09-27 13:20:11.247614\"/><Channel>Microsoft-Windows-Sysmon/Operational</Channel><Computer>MSEDGEWIN10</Computer></System><EventData><Data Name=\"Guid\">{5770385f-c22a-43e0-bf4c-06f5698ffbd9}</Data><Data Name=\"Keywords\">0x8000000000000000</Data><Data Name=\"Opcode\">0</Data><Data Name=\"ProcessID\">3320</Data><Data Name=\"ProcessId\">6096</Data><Data Name=\"UserID\">S-1-5-18</Data><Data Name=\"Version\">1</Data><Data Name=\"Image\">C:\\Windows\\system32\\mmc.exe</Data><Data Name=\"ProcessGuid\">{747f3d96-8e29-5f70-0000-001049471000}</Data><Data Name=\"UtcTime\">2020-09-27 13:20:11.245</Data><Data Name=\"EventType\">ConnectPipe</Data><Data Name=\"PipeName\">\\browser</Data></EventData></Event>", "source_id": "WINEVT-ATTACK", "mitre_tactic": "Discovery", "evtx_file": "Discovery_Remote_System_NamedPipes_Sysmon_18.evtx"}
{"raw": "<Event xmlns=\"http://schemas.microsoft.com/win/2004/08/events/event\"><System><Provider Name=\"Microsoft-Windows-Sysmon\"/><EventID>18</EventID><Level>4</Level><Task>18</Task><TimeCreated SystemTime=\"2019-05-14 17:31:27.973400\"/><Channel>Microsoft-Windows-Sysmon/Operational</Channel><Computer>DC1.insecurebank.local</Computer></System><EventData><Data Name=\"Guid\">{5770385f-c22a-43e0-bf4c-06f5698ffbd9}</Data><Data Name=\"Keywords\">0x8000000000000000</Data><Data Name=\"Opcode\">0</Data><Data Name=\"ProcessID\">1808</Data><Data Name=\"ProcessId\">4</Data><Data Name=\"UserID\">S-1-5-18</Data><Data Name=\"Version\">1</Data><Data Name=\"Image\">System</Data><Data Name=\"ProcessGuid\">{dfae8213-f1b5-5cda-0000-0010eb030000}</Data><Data Name=\"UtcTime\">2019-05-14 17:31:27.973</Data><Data Name=\"PipeName\">\\srvsvc</Data></EventData></Event>", "source_id": "WINEVT-ATTACK", "mitre_tactic": "Discovery", "evtx_file": "discovery_sysmon_18_Invoke_UserHunter_NetSessionEnum_DC-srvsvc.evtx"}
{"raw": "<Event xmlns=\"http://schemas.microsoft.com/win/2004/08/events/event\"><System><Provider Name=\"Microsoft-Windows-Sysmon\"/><EventID>3</EventID><Level>4</Level><Task>3</Task><TimeCreated SystemTime=\"2019-05-14 17:17:26.440651\"/><Channel>Microsoft-Windows-Sysmon/Operational</Channel><Computer>alice.insecurebank.local</Computer></System><EventData><Data Name=\"Guid\">{5770385f-c22a-43e0-bf4c-06f5698ffbd9}</Data><Data Name=\"Keywords\">0x8000000000000000</Data><Data Name=\"Opcode\">0</Data><Data Name=\"ProcessID\">1580</Data><Data Name=\"ProcessId\">4092</Data><Data Name=\"UserID\">S-1-5-18</Data><Data Name=\"Version\">5</Data><Data Name=\"Protocol\">tcp</Data><Data Name=\"SourcePort\">49583</Data><Data Name=\"DestinationHostname\">DC1</Data><Data Name=\"DestinationIp\">10.59.4.11</Data><Data Name=\"DestinationIsIpv6\">False</Data><Data Name=\"DestinationPort\">389</Data><Data Name=\"DestinationPortName\">ldap</Data><Data Name=\"Image\">C:\\Windows\\System32\\WindowsPowerShell\\v1.0\\powershell.exe</Data><Data Name=\"Initiated\">True</Data><Data Name=\"ProcessGuid\">{ecad0485-f2ec-5cda-0000-0010f1631500}</Data><Data Name=\"SourceHostname\">alice.insecurebank.local</Data><Data Name=\"SourceIp\">10.59.4.20</Data><Data Name=\"SourceIsIpv6\">False</Data><Data Name=\"User\">insecurebank\\Administrator</Data><Data Name=\"UtcTime\">2019-05-14 17:17:24.597</Data></EventData></Event>", "source_id": "WINEVT-ATTACK", "mitre_tactic": "Discovery", "evtx_file": "discovery_sysmon_3_Invoke_UserHunter_SourceMachine.evtx"}
{"raw": "<Event xmlns=\"http://schemas.microsoft.com/win/2004/08/events/event\"><System><Provider Name=\"Microsoft-Windows-Sysmon\"/><EventID>3</EventID><Level>4</Level><Task>3</Task><TimeCreated SystemTime=\"2019-05-14 17:17:26.738626\"/><Channel>Microsoft-Windows-Sysmon/Operational</Channel><Computer>alice.insecurebank.local</Computer></System><EventData><Data Name=\"Guid\">{5770385f-c22a-43e0-bf4c-06f5698ffbd9}</Data><Data Name=\"Keywords\">0x8000000000000000</Data><Data Name=\"Opcode\">0</Data><Data Name=\"ProcessID\">1580</Data><Data Name=\"ProcessId\">4092</Data><Data Name=\"UserID\">S-1-5-18</Data><Data Name=\"Version\">5</Data><Data Name=\"Protocol\">tcp</Data><Data Name=\"SourcePort\">49584</Data><Data Name=\"DestinationHostname\">DC1</Data><Data Name=\"DestinationIp\">10.59.4.11</Data><Data Name=\"DestinationIsIpv6\">False</Data><Data Name=\"DestinationPort\">389</Data><Data Name=\"DestinationPortName\">ldap</Data><Data Name=\"Image\">C:\\Windows\\System32\\WindowsPowerShell\\v1.0\\powershell.exe</Data><Data Name=\"Initiated\">True</Data><Data Name=\"ProcessGuid\">{ecad0485-f2ec-5cda-0000-0010f1631500}</Data><Data Name=\"SourceHostname\">alice.insecurebank.local</Data><Data Name=\"SourceIp\">10.59.4.20</Data><Data Name=\"SourceIsIpv6\">False</Data><Data Name=\"User\">insecurebank\\Administrator</Data><Data Name=\"UtcTime\">2019-05-14 17:17:24.660</Data></EventData></Event>", "source_id": "WINEVT-ATTACK", "mitre_tactic": "Discovery", "evtx_file": "discovery_sysmon_3_Invoke_UserHunter_SourceMachine.evtx"}
{"raw": "<Event xmlns=\"http://schemas.microsoft.com/win/2004/08/events/event\"><System><Provider Name=\"Microsoft-Windows-Sysmon\"/><EventID>3</EventID><Level>4</Level><Task>3</Task><TimeCreated SystemTime=\"2019-05-14 17:17:38.250959\"/><Channel>Microsoft-Windows-Sysmon/Operational</Channel><Computer>alice.insecurebank.local</Computer></System><EventData><Data Name=\"Guid\">{5770385f-c22a-43e0-bf4c-06f5698ffbd9}</Data><Data Name=\"Keywords\">0x8000000000000000</Data><Data Name=\"Opcode\">0</Data><Data Name=\"ProcessID\">1580</Data><Data Name=\"ProcessId\">4</Data><Data Name=\"UserID\">S-1-5-18</Data><Data Name=\"Version\">5</Data><Data Name=\"Protocol\">tcp</Data><Data Name=\"SourcePort\">49586</Data><Data Name=\"DestinationHostname\">edward</Data><Data Name=\"DestinationIp\">10.59.4.24</Data><Data Name=\"DestinationIsIpv6\">False</Data><Data Name=\"DestinationPort\">445</Data><Data Name=\"DestinationPortName\">microsoft-ds</Data><Data Name=\"Image\">System</Data><Data Name=\"Initiated\">True</Data><Data Name=\"ProcessGuid\">{ecad0485-ec1e-5cda-0000-0010eb030000}</Data><Data Name=\"SourceHostname\">alice.insecurebank.local</Data><Data Name=\"SourceIp\">10.59.4.20</Data><Data Name=\"SourceIsIpv6\">False</Data><Data Name=\"User\">NT AUTHORITY\\SYSTEM</Data><Data Name=\"UtcTime\">2019-05-14 17:17:36.213</Data></EventData></Event>", "source_id": "WINEVT-ATTACK", "mitre_tactic": "Discovery", "evtx_file": "discovery_sysmon_3_Invoke_UserHunter_SourceMachine.evtx"}
{"raw": "<Event xmlns=\"http://schemas.microsoft.com/win/2004/08/events/event\"><System><Provider Name=\"Microsoft-Windows-Sysmon\"/><EventID>3</EventID><Level>4</Level><Task>3</Task><TimeCreated SystemTime=\"2019-05-14 17:17:38.250959\"/><Channel>Microsoft-Windows-Sysmon/Operational</Channel><Computer>alice.insecurebank.local</Computer></System><EventData><Data Name=\"Guid\">{5770385f-c22a-43e0-bf4c-06f5698ffbd9}</Data><Data Name=\"Keywords\">0x8000000000000000</Data><Data Name=\"Opcode\">0</Data><Data Name=\"ProcessID\">1580</Data><Data Name=\"ProcessId\">4</Data><Data Name=\"UserID\">S-1-5-18</Data><Data Name=\"Version\">5</Data><Data Name=\"Protocol\">tcp</Data><Data Name=\"SourcePort\">49587</Data><Data Name=\"DestinationHostname\">bob</Data><Data Name=\"DestinationIp\">10.59.4.21</Data><Data Name=\"DestinationIsIpv6\">False</Data><Data Name=\"DestinationPort\">445</Data><Data Name=\"DestinationPortName\">microsoft-ds</Data><Data Name=\"Image\">System</Data><Data Name=\"Initiated\">True</Data><Data Name=\"ProcessGuid\">{ecad0485-ec1e-5cda-0000-0010eb030000}</Data><Data Name=\"SourceHostname\">alice.insecurebank.local</Data><Data Name=\"SourceIp\">10.59.4.20</Data><Data Name=\"SourceIsIpv6\">False</Data><Data Name=\"User\">NT AUTHORITY\\SYSTEM</Data><Data Name=\"UtcTime\">2019-05-14 17:17:36.234</Data></EventData></Event>", "source_id": "WINEVT-ATTACK", "mitre_tactic": "Discovery", "evtx_file": "discovery_sysmon_3_Invoke_UserHunter_SourceMachine.evtx"}
{"raw": "<Event xmlns=\"http://schemas.microsoft.com/win/2004/08/events/event\"><System><Provider Name=\"Microsoft-Windows-Sysmon\"/><EventID>3</EventID><Level>4</Level><Task>3</Task><TimeCreated SystemTime=\"2019-05-14 17:17:38.250959\"/><Channel>Microsoft-Windows-Sysmon/Operational</Channel><Computer>alice.insecurebank.local</Computer></System><EventData><Data Name=\"Guid\">{5770385f-c22a-43e0-bf4c-06f5698ffbd9}</Data><Data Name=\"Keywords\">0x8000000000000000</Data><Data Name=\"Opcode\">0</Data><Data Name=\"ProcessID\">1580</Data><Data Name=\"ProcessId\">4</Data><Data Name=\"UserID\">S-1-5-18</Data><Data Name=\"Version\">5</Data><Data Name=\"Protocol\">tcp</Data><Data Name=\"SourcePort\">49588</Data><Data Name=\"DestinationHostname\">CHARLES</Data><Data Name=\"DestinationIp\">10.59.4.22</Data><Data Name=\"DestinationIsIpv6\">False</Data><Data Name=\"DestinationPort\">445</Data><Data Name=\"DestinationPortName\">microsoft-ds</Data><Data Name=\"Image\">System</Data><Data Name=\"Initiated\">True</Data><Data Name=\"ProcessGuid\">{ecad0485-ec1e-5cda-0000-0010eb030000}</Data><Data Name=\"SourceHostname\">alice.insecurebank.local</Data><Data Name=\"SourceIp\">10.59.4.20</Data><Data Name=\"SourceIsIpv6\">False</Data><Data Name=\"User\">NT AUTHORITY\\SYSTEM</Data><Data Name=\"UtcTime\">2019-05-14 17:17:36.249</Data></EventData></Event>", "source_id": "WINEVT-ATTACK", "mitre_tactic": "Discovery", "evtx_file": "discovery_sysmon_3_Invoke_UserHunter_SourceMachine.evtx"}
{"raw": "<Event xmlns=\"http://schemas.microsoft.com/win/2004/08/events/event\"><System><Provider Name=\"Microsoft-Windows-Sysmon\"/><EventID>3</EventID><Level>4</Level><Task>3</Task><TimeCreated SystemTime=\"2019-05-14 17:17:38.250959\"/><Channel>Microsoft-Windows-Sysmon/Operational</Channel><Computer>alice.insecurebank.local</Computer></System><EventData><Data Name=\"Guid\">{5770385f-c22a-43e0-bf4c-06f5698ffbd9}</Data><Data Name=\"Keywords\">0x8000000000000000</Data><Data Name=\"Opcode\">0</Data><Data Name=\"ProcessID\">1580</Data><Data Name=\"ProcessId\">4</Data><Data Name=\"UserID\">S-1-5-18</Data><Data Name=\"Version\">5</Data><Data Name=\"Protocol\">tcp</Data><Data Name=\"SourcePort\">49589</Data><Data Name=\"DestinationHostname\">FRED</Data><Data Name=\"DestinationIp\">10.59.4.25</Data><Data Name=\"DestinationIsIpv6\">False</Data><Data Name=\"DestinationPort\">445</Data><Data Name=\"DestinationPortName\">microsoft-ds</Data><Data Name=\"Image\">System</Data><Data Name=\"Initiated\">True</Data><Data Name=\"ProcessGuid\">{ecad0485-ec1e-5cda-0000-0010eb030000}</Data><Data Name=\"SourceHostname\">alice.insecurebank.local</Data><Data Name=\"SourceIp\">10.59.4.20</Data><Data Name=\"SourceIsIpv6\">False</Data><Data Name=\"User\">NT AUTHORITY\\SYSTEM</Data><Data Name=\"UtcTime\">2019-05-14 17:17:36.266</Data></EventData></Event>", "source_id": "WINEVT-ATTACK", "mitre_tactic": "Discovery", "evtx_file": "discovery_sysmon_3_Invoke_UserHunter_SourceMachine.evtx"}
{"raw": "<Event xmlns=\"http://schemas.microsoft.com/win/2004/08/events/event\"><System><Provider Name=\"Microsoft-Windows-Sysmon\"/><EventID>3</EventID><Level>4</Level><Task>3</Task><TimeCreated SystemTime=\"2019-05-14 17:17:38.250959\"/><Channel>Microsoft-Windows-Sysmon/Operational</Channel><Computer>alice.insecurebank.local</Computer></System><EventData><Data Name=\"Guid\">{5770385f-c22a-43e0-bf4c-06f5698ffbd9}</Data><Data Name=\"Keywords\">0x8000000000000000</Data><Data Name=\"Opcode\">0</Data><Data Name=\"ProcessID\">1580</Data><Data Name=\"ProcessId\">4</Data><Data Name=\"UserID\">S-1-5-18</Data><Data Name=\"Version\">5</Data><Data Name=\"Protocol\">tcp</Data><Data Name=\"SourcePort\">49590</Data><Data Name=\"DestinationHostname\">DC1</Data><Data Name=\"DestinationIp\">10.59.4.11</Data><Data Name=\"DestinationIsIpv6\">False</Data><Data Name=\"DestinationPort\">445</Data><Data Name=\"DestinationPortName\">microsoft-ds</Data><Data Name=\"Image\">System</Data><Data Name=\"Initiated\">True</Data><Data Name=\"ProcessGuid\">{ecad0485-ec1e-5cda-0000-0010eb030000}</Data><Data Name=\"SourceHostname\">alice.insecurebank.local</Data><Data Name=\"SourceIp\">10.59.4.20</Data><Data Name=\"SourceIsIpv6\">False</Data><Data Name=\"User\">NT AUTHORITY\\SYSTEM</Data><Data Name=\"UtcTime\">2019-05-14 17:17:36.306</Data></EventData></Event>", "source_id": "WINEVT-ATTACK", "mitre_tactic": "Discovery", "evtx_file": "discovery_sysmon_3_Invoke_UserHunter_SourceMachine.evtx"}
{"raw": "<Event xmlns=\"http://schemas.microsoft.com/win/2004/08/events/event\"><System><Provider Name=\"Microsoft-Windows-Sysmon\"/><EventID>3</EventID><Level>4</Level><Task>3</Task><TimeCreated SystemTime=\"2019-05-14 17:17:38.250959\"/><Channel>Microsoft-Windows-Sysmon/Operational</Channel><Computer>alice.insecurebank.local</Computer></System><EventData><Data Name=\"Guid\">{5770385f-c22a-43e0-bf4c-06f5698ffbd9}</Data><Data Name=\"Keywords\">0x8000000000000000</Data><Data Name=\"Opcode\">0</Data><Data Name=\"ProcessID\">1580</Data><Data Name=\"ProcessId\">4</Data><Data Name=\"UserID\">S-1-5-18</Data><Data Name=\"Version\">5</Data><Data Name=\"Protocol\">tcp</Data><Data Name=\"SourcePort\">49592</Data><Data Name=\"DestinationHostname\">dave</Data><Data Name=\"DestinationIp\">10.59.4.23</Data><Data Name=\"DestinationIsIpv6\">False</Data><Data Name=\"DestinationPort\">445</Data><Data Name=\"DestinationPortName\">microsoft-ds</Data><Data Name=\"Image\">System</Data><Data Name=\"Initiated\">True</Data><Data Name=\"ProcessGuid\">{ecad0485-ec1e-5cda-0000-0010eb030000}</Data><Data Name=\"SourceHostname\">alice.insecurebank.local</Data><Data Name=\"SourceIp\">10.59.4.20</Data><Data Name=\"SourceIsIpv6\">False</Data><Data Name=\"User\">NT AUTHORITY\\SYSTEM</Data><Data Name=\"UtcTime\">2019-05-14 17:17:36.338</Data></EventData></Event>", "source_id": "WINEVT-ATTACK", "mitre_tactic": "Discovery", "evtx_file": "discovery_sysmon_3_Invoke_UserHunter_SourceMachine.evtx"}
{"raw": "<Event xmlns=\"http://schemas.microsoft.com/win/2004/08/events/event\"><System><Provider Name=\"Microsoft-Windows-Sysmon\"/><EventID>3</EventID><Level>4</Level><Task>3</Task><TimeCreated SystemTime=\"2019-05-14 17:17:38.250959\"/><Channel>Microsoft-Windows-Sysmon/Operational</Channel><Computer>alice.insecurebank.local</Computer></System><EventData><Data Name=\"Guid\">{5770385f-c22a-43e0-bf4c-06f5698ffbd9}</Data><Data Name=\"Keywords\">0x8000000000000000</Data><Data Name=\"Opcode\">0</Data><Data Name=\"ProcessID\">1580</Data><Data Name=\"ProcessId\">4</Data><Data Name=\"UserID\">S-1-5-18</Data><Data Name=\"Version\">5</Data><Data Name=\"Protocol\">tcp</Data><Data Name=\"SourcePort\">49593</Data><Data Name=\"DestinationHostname\">DEV_SERVER</Data><Data Name=\"DestinationIp\">10.59.4.12</Data><Data Name=\"DestinationIsIpv6\">False</Data><Data Name=\"DestinationPort\">445</Data><Data Name=\"DestinationPortName\">microsoft-ds</Data><Data Name=\"Image\">System</Data><Data Name=\"Initiated\">True</Data><Data Name=\"ProcessGuid\">{ecad0485-ec1e-5cda-0000-0010eb030000}</Data><Data Name=\"SourceHostname\">alice.insecurebank.local</Data><Data Name=\"SourceIp\">10.59.4.20</Data><Data Name=\"SourceIsIpv6\">False</Data><Data Name=\"User\">NT AUTHORITY\\SYSTEM</Data><Data Name=\"UtcTime\">2019-05-14 17:17:36.353</Data></EventData></Event>", "source_id": "WINEVT-ATTACK", "mitre_tactic": "Discovery", "evtx_file": "discovery_sysmon_3_Invoke_UserHunter_SourceMachine.evtx"}
{"raw": "<Event xmlns=\"http://schemas.microsoft.com/win/2004/08/events/event\"><System><Provider Name=\"Microsoft-Windows-Sysmon\"/><EventID>6</EventID><Level>4</Level><Task>6</Task><TimeCreated SystemTime=\"2020-02-11 11:05:37.148401\"/><Channel>Microsoft-Windows-Sysmon/Operational</Channel><Computer>MSEDGEWIN10</Computer></System><EventData><Data Name=\"Guid\">{5770385f-c22a-43e0-bf4c-06f5698ffbd9}</Data><Data Name=\"Keywords\">0x8000000000000000</Data><Data Name=\"Opcode\">0</Data><Data Name=\"ProcessID\">2844</Data><Data Name=\"UserID\">S-1-5-18</Data><Data Name=\"Version\">3</Data><Data Name=\"Hashes\">SHA1=66E95DAEE3D1244A029D7F3D91915F1F233D1916,MD5=60E84516C6EC6DFDAE7B422D1F7CAB06,SHA256=D969845EF6ACC8E5D3421A7CE7E244F419989710871313B04148F9B322751E5D,IMPHASH=955E7B12A8FA06444C68E54026C45DE1</Data><Data Name=\"ImageLoaded\">C:\\Windows\\System32\\drivers\\RwDrv.sys</Data><Data Name=\"Signature\">ChongKim Chan</Data><Data Name=\"SignatureStatus\">Valid</Data><Data Name=\"Signed\">true</Data><Data Name=\"UtcTime\">2020-02-11 11:05:36.955</Data></EventData></Event>", "source_id": "WINEVT-ATTACK", "mitre_tactic": "Discovery", "evtx_file": "discovery_UEFI_Settings_rweverything_sysmon_6.evtx"}
{"raw": "<Event xmlns=\"http://schemas.microsoft.com/win/2004/08/events/event\"><System><Provider Name=\"Microsoft-Windows-Sysmon\"/><EventID>7</EventID><Level>4</Level><Task>7</Task><TimeCreated SystemTime=\"2020-10-13 20:11:42.269224\"/><Channel>Microsoft-Windows-Sysmon/Operational</Channel><Computer>LAPTOP-JU4M3I0E</Computer></System><EventData><Data Name=\"Guid\">{5770385f-c22a-43e0-bf4c-06f5698ffbd9}</Data><Data Name=\"Keywords\">0x8000000000000000</Data><Data Name=\"Opcode\">0</Data><Data Name=\"ProcessID\">5340</Data><Data Name=\"ProcessId\">1716</Data><Data Name=\"UserID\">S-1-5-18</Data><Data Name=\"Version\">3</Data><Data Name=\"Company\">?</Data><Data Name=\"Description\">?</Data><Data Name=\"FileVersion\">?</Data><Data Name=\"Hashes\">SHA1=AF7687063F8EE1C8FD57D1A5FE6FA4F28A53C434,MD5=6AB43126243BE72FF7D446D5A496AA76,SHA256=56C5AFF6AC04BDF86EDBC4F0D0F9581F250A4C97DD60FD1179F153AC20230920,IMPHASH=8DEF796746DD54062D5B3186EEF39356</Data><Data Name=\"Image\">C:\\Windows\\System32\\wuauclt.exe</Data><Data Name=\"ImageLoaded\">C:\\ProgramData\\Intel\\helpa.dll</Data><Data Name=\"ProcessGuid\">{00247c92-09fe-5f86-0000-001051841401}</Data><Data Name=\"Product\">?</Data><Data Name=\"SignatureStatus\">Unavailable</Data><Data Name=\"Signed\">false</Data><Data Name=\"UtcTime\">2020-10-13 20:11:42.268</Data><Data Name=\"OriginalFileName\">?</Data></EventData></Event>", "source_id": "WINEVT-ATTACK", "mitre_tactic": "Execution", "evtx_file": "evasion_execution_imageload_wuauclt_lolbas.evtx"}
{"raw": "<Event xmlns=\"http://schemas.microsoft.com/win/2004/08/events/event\"><System><Provider Name=\"Microsoft-Windows-Sysmon\"/><EventID>1</EventID><Level>4</Level><Task>1</Task><TimeCreated SystemTime=\"2020-10-13 20:11:42.278671\"/><Channel>Microsoft-Windows-Sysmon/Operational</Channel><Computer>LAPTOP-JU4M3I0E</Computer></System><EventData><Data Name=\"Guid\">{5770385f-c22a-43e0-bf4c-06f5698ffbd9}</Data><Data Name=\"Keywords\">0x8000000000000000</Data><Data Name=\"LogonGuid\">{00247c92-de70-5f85-0000-002059f80600}</Data><Data Name=\"Opcode\">0</Data><Data Name=\"ProcessID\">5340</Data><Data Name=\"ProcessId\">6372</Data><Data Name=\"UserID\">S-1-5-18</Data><Data Name=\"Version\">5</Data><Data Name=\"CommandLine\">c:\\windows\\system32\\cmd.exe</Data><Data Name=\"Company\">Microsoft Corporation</Data><Data Name=\"CurrentDirectory\">c:\\Windows\\System32\\</Data><Data Name=\"Description\">Windows Command Processor</Data><Data Name=\"FileVersion\">10.0.18362.449 (WinBuild.160101.0800)</Data><Data Name=\"Hashes\">SHA1=8DCA9749CD48D286950E7A9FA1088C937CBCCAD4,MD5=D7AB69FAD18D4A643D84A271DFC0DBDF,SHA256=FF79D3C4A0B7EB191783C323AB8363EBD1FD10BE58D8BCC96B07067743CA81D5,IMPHASH=272245E2988E1E430500B852C4FB5E18</Data><Data Name=\"Image\">C:\\Windows\\System32\\cmd.exe</Data><Data Name=\"IntegrityLevel\">Medium</Data><Data Name=\"LogonId\">0x000000000006f859</Data><Data Name=\"ParentCommandLine\">wuauclt.exe   /UpdateDeploymentProvider C:\\ProgramData\\Intel\\helpa.dll /RunHandlerComServer </Data><Data Name=\"ParentImage\">C:\\Windows\\System32\\wuauclt.exe</Data><Data Name=\"ParentProcessGuid\">{00247c92-09fe-5f86-0000-001051841401}</Data><Data Name=\"ParentProcessId\">1716</Data><Data Name=\"ProcessGuid\">{00247c92-09fe-5f86-0000-0010ac861401}</Data><Data Name=\"Product\">Microsoft\u00ae Windows\u00ae Operating System</Data><Data Name=\"TerminalSessionId\">1</Data><Data Name=\"User\">LAPTOP-JU4M3I0E\\bouss</Data><Data Name=\"UtcTime\">2020-10-13 20:11:42.277</Data><Data Name=\"OriginalFileName\">Cmd.Exe</Data></EventData></Event>", "source_id": "WINEVT-ATTACK", "mitre_tactic": "Execution", "evtx_file": "evasion_execution_imageload_wuauclt_lolbas.evtx"}
{"raw": "<Event xmlns=\"http://schemas.microsoft.com/win/2004/08/events/event\"><System><Provider Name=\"Microsoft-Windows-Sysmon\"/><EventID>1</EventID><Level>4</Level><Task>1</Task><TimeCreated SystemTime=\"2020-10-13 20:11:42.279861\"/><Channel>Microsoft-Windows-Sysmon/Operational</Channel><Computer>LAPTOP-JU4M3I0E</Computer></System><EventData><Data Name=\"Guid\">{5770385f-c22a-43e0-bf4c-06f5698ffbd9}</Data><Data Name=\"Keywords\">0x8000000000000000</Data><Data Name=\"LogonGuid\">{00247c92-de70-5f85-0000-002059f80600}</Data><Data Name=\"Opcode\">0</Data><Data Name=\"ProcessID\">5340</Data><Data Name=\"ProcessId\">7648</Data><Data Name=\"UserID\">S-1-5-18</Data><Data Name=\"Version\">5</Data><Data Name=\"CommandLine\">c:\\windows\\system32\\cmd.exe</Data><Data Name=\"Company\">Microsoft Corporation</Data><Data Name=\"CurrentDirectory\">c:\\Windows\\System32\\</Data><Data Name=\"Description\">Windows Command Processor</Data><Data Name=\"FileVersion\">10.0.18362.449 (WinBuild.160101.0800)</Data><Data Name=\"Hashes\">SHA1=8DCA9749CD48D286950E7A9FA1088C937CBCCAD4,MD5=D7AB69FAD18D4A643D84A271DFC0DBDF,SHA256=FF79D3C4A0B7EB191783C323AB8363EBD1FD10BE58D8BCC96B07067743CA81D5,IMPHASH=272245E2988E1E430500B852C4FB5E18</Data><Data Name=\"Image\">C:\\Windows\\System32\\cmd.exe</Data><Data Name=\"IntegrityLevel\">Medium</Data><Data Name=\"LogonId\">0x000000000006f859</Data><Data Name=\"ParentCommandLine\">wuauclt.exe   /UpdateDeploymentProvider C:\\ProgramData\\Intel\\helpa.dll /RunHandlerComServer </Data><Data Name=\"ParentImage\">C:\\Windows\\System32\\wuauclt.exe</Data><Data Name=\"ParentProcessGuid\">{00247c92-09fe-5f86-0000-001051841401}</Data><Data Name=\"ParentProcessId\">1716</Data><Data Name=\"ProcessGuid\">{00247c92-09fe-5f86-0000-0010ad861401}</Data><Data Name=\"Product\">Microsoft\u00ae Windows\u00ae Operating System</Data><Data Name=\"TerminalSessionId\">1</Data><Data Name=\"User\">LAPTOP-JU4M3I0E\\bouss</Data><Data Name=\"UtcTime\">2020-10-13 20:11:42.277</Data><Data Name=\"OriginalFileName\">Cmd.Exe</Data></EventData></Event>", "source_id": "WINEVT-ATTACK", "mitre_tactic": "Execution", "evtx_file": "evasion_execution_imageload_wuauclt_lolbas.evtx"}
{"raw": "<Event xmlns=\"http://schemas.microsoft.com/win/2004/08/events/event\"><System><Provider Name=\"Microsoft-Windows-Sysmon\"/><EventID>11</EventID><Level>4</Level><Task>11</Task><TimeCreated SystemTime=\"2021-01-26 13:21:13.237480\"/><Channel>Microsoft-Windows-Sysmon/Operational</Channel><Computer>LAPTOP-JU4M3I0E</Computer></System><EventData><Data Name=\"Guid\">{5770385f-c22a-43e0-bf4c-06f5698ffbd9}</Data><Data Name=\"Keywords\">0x8000000000000000</Data><Data Name=\"Opcode\">0</Data><Data Name=\"ProcessID\">5272</Data><Data Name=\"ProcessId\">7664</Data><Data Name=\"UserID\">S-1-5-18</Data><Data Name=\"Version\">2</Data><Data Name=\"Image\">C:\\Program Files (x86)\\Microsoft Visual Studio\\2019\\Community\\Common7\\IDE\\devenv.exe</Data><Data Name=\"ProcessGuid\">{00247c92-172a-6010-0000-00103c3dd02e}</Data><Data Name=\"UtcTime\">2021-01-26 13:21:13.236</Data><Data Name=\"CreationUtcTime\">2021-01-26 13:21:13.236</Data><Data Name=\"TargetFilename\">C:\\Users\\bouss\\AppData\\Local\\Temp\\~DF0187A90594A6AC9B.TMP</Data></EventData></Event>", "source_id": "WINEVT-ATTACK", "mitre_tactic": "Execution", "evtx_file": "execution_evasion_visual_studio_prebuild_event.evtx"}
{"raw": "<Event xmlns=\"http://schemas.microsoft.com/win/2004/08/events/event\"><System><Provider Name=\"Microsoft-Windows-Sysmon\"/><EventID>11</EventID><Level>4</Level><Task>11</Task><TimeCreated SystemTime=\"2021-01-26 13:21:13.558989\"/><Channel>Microsoft-Windows-Sysmon/Operational</Channel><Computer>LAPTOP-JU4M3I0E</Computer></System><EventData><Data Name=\"Guid\">{5770385f-c22a-43e0-bf4c-06f5698ffbd9}</Data><Data Name=\"Keywords\">0x8000000000000000</Data><Data Name=\"Opcode\">0</Data><Data Name=\"ProcessID\">5272</Data><Data Name=\"ProcessId\">7664</Data><Data Name=\"UserID\">S-1-5-18</Data><Data Name=\"Version\">2</Data><Data Name=\"Image\">C:\\Program Files (x86)\\Microsoft Visual Studio\\2019\\Community\\Common7\\IDE\\devenv.exe</Data><Data Name=\"ProcessGuid\">{00247c92-172a-6010-0000-00103c3dd02e}</Data><Data Name=\"UtcTime\">2021-01-26 13:21:13.558</Data><Data Name=\"CreationUtcTime\">2021-01-26 13:21:13.558</Data><Data Name=\"TargetFilename\">C:\\Users\\bouss\\AppData\\Local\\Temp\\NuGetScratch\\lock\\b8162606fcd2bea192a83c85aaff3292f908cfde</Data></EventData></Event>", "source_id": "WINEVT-ATTACK", "mitre_tactic": "Execution", "evtx_file": "execution_evasion_visual_studio_prebuild_event.evtx"}
{"raw": "<Event xmlns=\"http://schemas.microsoft.com/win/2004/08/events/event\"><System><Provider Name=\"Microsoft-Windows-Sysmon\"/><EventID>11</EventID><Level>4</Level><Task>11</Task><TimeCreated SystemTime=\"2021-01-26 13:21:13.560814\"/><Channel>Microsoft-Windows-Sysmon/Operational</Channel><Computer>LAPTOP-JU4M3I0E</Computer></System><EventData><Data Name=\"Guid\">{5770385f-c22a-43e0-bf4c-06f5698ffbd9}</Data><Data Name=\"Keywords\">0x8000000000000000</Data><Data Name=\"Opcode\">0</Data><Data Name=\"ProcessID\">5272</Data><Data Name=\"ProcessId\">7664</Data><Data Name=\"UserID\">S-1-5-18</Data><Data Name=\"Version\">2</Data><Data Name=\"Image\">C:\\Program Files (x86)\\Microsoft Visual Studio\\2019\\Community\\Common7\\IDE\\devenv.exe</Data><Data Name=\"ProcessGuid\">{00247c92-172a-6010-0000-00103c3dd02e}</Data><Data Name=\"UtcTime\">2021-01-26 13:21:13.560</Data><Data Name=\"CreationUtcTime\">2021-01-26 13:21:13.560</Data><Data Name=\"TargetFilename\">C:\\Users\\bouss\\AppData\\Local\\Temp\\NuGetScratch\\lock\\3eaea9d73c9b6f131ef5b5e8a4cf9a7567b32fa3</Data></EventData></Event>", "source_id": "WINEVT-ATTACK", "mitre_tactic": "Execution", "evtx_file": "execution_evasion_visual_studio_prebuild_event.evtx"}
{"raw": "<Event xmlns=\"http://schemas.microsoft.com/win/2004/08/events/event\"><System><Provider Name=\"Microsoft-Windows-Sysmon\"/><EventID>11</EventID><Level>4</Level><Task>11</Task><TimeCreated SystemTime=\"2021-01-26 13:21:13.561514\"/><Channel>Microsoft-Windows-Sysmon/Operational</Channel><Computer>LAPTOP-JU4M3I0E</Computer></System><EventData><Data Name=\"Guid\">{5770385f-c22a-43e0-bf4c-06f5698ffbd9}</Data><Data Name=\"Keywords\">0x8000000000000000</Data><Data Name=\"Opcode\">0</Data><Data Name=\"ProcessID\">5272</Data><Data Name=\"ProcessId\">7664</Data><Data Name=\"UserID\">S-1-5-18</Data><Data Name=\"Version\">2</Data><Data Name=\"Image\">C:\\Program Files (x86)\\Microsoft Visual Studio\\2019\\Community\\Common7\\IDE\\devenv.exe</Data><Data Name=\"ProcessGuid\">{00247c92-172a-6010-0000-00103c3dd02e}</Data><Data Name=\"UtcTime\">2021-01-26 13:21:13.561</Data><Data Name=\"CreationUtcTime\">2021-01-26 13:21:13.560</Data><Data Name=\"TargetFilename\">C:\\Users\\bouss\\AppData\\Local\\Temp\\NuGetScratch\\lock\\3eaea9d73c9b6f131ef5b5e8a4cf9a7567b32fa3</Data></EventData></Event>", "source_id": "WINEVT-ATTACK", "mitre_tactic": "Execution", "evtx_file": "execution_evasion_visual_studio_prebuild_event.evtx"}
{"raw": "<Event xmlns=\"http://schemas.microsoft.com/win/2004/08/events/event\"><System><Provider Name=\"Microsoft-Windows-Sysmon\"/><EventID>11</EventID><Level>4</Level><Task>11</Task><TimeCreated SystemTime=\"2021-01-26 13:21:13.683762\"/><Channel>Microsoft-Windows-Sysmon/Operational</Channel><Computer>LAPTOP-JU4M3I0E</Computer></System><EventData><Data Name=\"Guid\">{5770385f-c22a-43e0-bf4c-06f5698ffbd9}</Data><Data Name=\"Keywords\">0x8000000000000000</Data><Data Name=\"Opcode\">0</Data><Data Name=\"ProcessID\">5272</Data><Data Name=\"ProcessId\">7664</Data><Data Name=\"UserID\">S-1-5-18</Data><Data Name=\"Version\">2</Data><Data Name=\"Image\">C:\\Program Files (x86)\\Microsoft Visual Studio\\2019\\Community\\Common7\\IDE\\devenv.exe</Data><Data Name=\"ProcessGuid\">{00247c92-172a-6010-0000-00103c3dd02e}</Data><Data Name=\"UtcTime\">2021-01-26 13:21:13.683</Data><Data Name=\"CreationUtcTime\">2021-01-26 13:14:25.290</Data><Data Name=\"TargetFilename\">C:\\Users\\bouss\\source\\repos\\blabla\\blabla\\Debug\\blabla.log</Data></EventData></Event>", "source_id": "WINEVT-ATTACK", "mitre_tactic": "Execution", "evtx_file": "execution_evasion_visual_studio_prebuild_event.evtx"}
{"raw": "<Event xmlns=\"http://schemas.microsoft.com/win/2004/08/events/event\"><System><Provider Name=\"Microsoft-Windows-Sysmon\"/><EventID>1</EventID><Level>4</Level><Task>1</Task><TimeCreated SystemTime=\"2021-01-26 13:21:13.690037\"/><Channel>Microsoft-Windows-Sysmon/Operational</Channel><Computer>LAPTOP-JU4M3I0E</Computer></System><EventData><Data Name=\"Guid\">{5770385f-c22a-43e0-bf4c-06f5698ffbd9}</Data><Data Name=\"Keywords\">0x8000000000000000</Data><Data Name=\"LogonGuid\">{00247c92-5082-600d-0000-0020a246f726}</Data><Data Name=\"Opcode\">0</Data><Data Name=\"ProcessID\">5272</Data><Data Name=\"ProcessId\">2988</Data><Data Name=\"UserID\">S-1-5-18</Data><Data Name=\"Version\">5</Data><Data Name=\"CommandLine\">C:\\Program Files (x86)\\Microsoft Visual Studio\\2019\\Community\\MSBuild\\Current\\Bin\\MSBuild.exe /nologo /nodemode:1 /nodeReuse:true /low:false</Data><Data Name=\"Company\">Microsoft Corporation</Data><Data Name=\"CurrentDirectory\">C:\\Users\\bouss\\source\\repos\\blabla\\</Data><Data Name=\"Description\">MSBuild.exe</Data><Data Name=\"FileVersion\">16.6.0.22303</Data><Data Name=\"Hashes\">SHA1=20456AC066815ED10C6CEF51AF5431ED6001532F,MD5=35DC099BE64FA5AB4C01DDA908745240,SHA256=5083FD9C0AB7ECAEE85B04A22EBD29A88D7BC75CB02186D9C9736269B8AC10A9,IMPHASH=F34D5F2D4577ED6D9CEEC516C1F5A744</Data><Data Name=\"Image\">C:\\Program Files (x86)\\Microsoft Visual Studio\\2019\\Community\\MSBuild\\Current\\Bin\\MSBuild.exe</Data><Data Name=\"IntegrityLevel\">Medium</Data><Data Name=\"LogonId\">0x0000000026f746a2</Data><Data Name=\"ParentCommandLine\">\"C:\\Program Files (x86)\\Microsoft Visual Studio\\2019\\Community\\Common7\\IDE\\devenv.exe\" \"C:\\Users\\bouss\\source\\repos\\blabla\\blabla.sln\"</Data><Data Name=\"ParentImage\">C:\\Program Files (x86)\\Microsoft Visual Studio\\2019\\Community\\Common7\\IDE\\devenv.exe</Data><Data Name=\"ParentProcessGuid\">{00247c92-172a-6010-0000-00103c3dd02e}</Data><Data Name=\"ParentProcessId\">7664</Data><Data Name=\"ProcessGuid\">{00247c92-1749-6010-0000-0010348fd92e}</Data><Data Name=\"Product\">Microsoft\u00ae Build Tools\u00ae</Data><Data Name=\"TerminalSessionId\">5</Data><Data Name=\"User\">LAPTOP-JU4M3I0E\\bouss</Data><Data Name=\"UtcTime\">2021-01-26 13:21:13.688</Data><Data Name=\"OriginalFileName\">MSBuild.exe</Data></EventData></Event>", "source_id": "WINEVT-ATTACK", "mitre_tactic": "Execution", "evtx_file": "execution_evasion_visual_studio_prebuild_event.evtx"}
{"raw": "<Event xmlns=\"http://schemas.microsoft.com/win/2004/08/events/event\"><System><Provider Name=\"Microsoft-Windows-Sysmon\"/><EventID>11</EventID><Level>4</Level><Task>11</Task><TimeCreated SystemTime=\"2021-01-26 13:21:13.972504\"/><Channel>Microsoft-Windows-Sysmon/Operational</Channel><Computer>LAPTOP-JU4M3I0E</Computer></System><EventData><Data Name=\"Guid\">{5770385f-c22a-43e0-bf4c-06f5698ffbd9}</Data><Data Name=\"Keywords\">0x8000000000000000</Data><Data Name=\"Opcode\">0</Data><Data Name=\"ProcessID\">5272</Data><Data Name=\"ProcessId\">2988</Data><Data Name=\"UserID\">S-1-5-18</Data><Data Name=\"Version\">2</Data><Data Name=\"Image\">C:\\Program Files (x86)\\Microsoft Visual Studio\\2019\\Community\\MSBuild\\Current\\Bin\\MSBuild.exe</Data><Data Name=\"ProcessGuid\">{00247c92-1749-6010-0000-0010348fd92e}</Data><Data Name=\"UtcTime\">2021-01-26 13:21:13.972</Data><Data Name=\"CreationUtcTime\">2021-01-26 13:14:25.641</Data><Data Name=\"TargetFilename\">C:\\Users\\bouss\\source\\repos\\blabla\\blabla\\Debug\\blabla.tlog\\blabla.lastbuildstate</Data></EventData></Event>", "source_id": "WINEVT-ATTACK", "mitre_tactic": "Execution", "evtx_file": "execution_evasion_visual_studio_prebuild_event.evtx"}
{"raw": "<Event xmlns=\"http://schemas.microsoft.com/win/2004/08/events/event\"><System><Provider Name=\"Microsoft-Windows-Sysmon\"/><EventID>11</EventID><Level>4</Level><Task>11</Task><TimeCreated SystemTime=\"2021-01-26 13:21:13.975523\"/><Channel>Microsoft-Windows-Sysmon/Operational</Channel><Computer>LAPTOP-JU4M3I0E</Computer></System><EventData><Data Name=\"Guid\">{5770385f-c22a-43e0-bf4c-06f5698ffbd9}</Data><Data Name=\"Keywords\">0x8000000000000000</Data><Data Name=\"Opcode\">0</Data><Data Name=\"ProcessID\">5272</Data><Data Name=\"ProcessId\">2988</Data><Data Name=\"UserID\">S-1-5-18</Data><Data Name=\"Version\">2</Data><Data Name=\"Image\">C:\\Program Files (x86)\\Microsoft Visual Studio\\2019\\Community\\MSBuild\\Current\\Bin\\MSBuild.exe</Data><Data Name=\"ProcessGuid\">{00247c92-1749-6010-0000-0010348fd92e}</Data><Data Name=\"UtcTime\">2021-01-26 13:21:13.975</Data><Data Name=\"CreationUtcTime\">2021-01-26 13:21:13.975</Data><Data Name=\"TargetFilename\">C:\\Users\\bouss\\AppData\\Local\\Temp\\tmpf890f11830e143ada2d718f706dd94c0.exec.cmd</Data></EventData></Event>", "source_id": "WINEVT-ATTACK", "mitre_tactic": "Execution", "evtx_file": "execution_evasion_visual_studio_prebuild_event.evtx"}
